<?xml version="1.0" encoding="utf-8"?><testsuites name="pytest tests"><testsuite name="pytest" errors="0" failures="0" skipped="0" tests="30" time="5.882" timestamp="2026-09-07T10:05:02.553383+05:00" hostname="humoyun-ETBook"><testcase classname="backend.tests.test_auth" name="test_registration_login_rotation_logout" time="2.298" /><testcase classname="backend.tests.test_auth" name="test_phone_login_and_duplicate_email" time="0.019" /><testcase classname="backend.tests.test_auth" name="test_profile_cannot_escalate" time="0.060" /><testcase classname="backend.tests.test_auth" name="test_change_password_revokes_access" time="0.060" /><testcase classname="backend.tests.test_auth" name="test_password_reset" time="0.078" /><testcase classname="backend.tests.test_auth" name="test_login_every_role[patient-patient]" time="0.085" /><testcase classname="backend.tests.test_auth" name="test_login_every_role[doctor-doctor_user]" time="0.088" /><testcase classname="backend.tests.test_auth" name="test_login_every_role[clinic_owner-owner]" time="0.079" /><testcase classname="backend.tests.test_auth" name="test_login_every_role[admin-admin]" time="0.070" /><testcase classname="backend.tests.test_auth" name="test_login_every_role[super_admin-superadmin]" time="0.065" /><testcase classname="backend.tests.test_auth" name="test_invalid_tokens[invalid]" time="0.057" /><testcase classname="backend.tests.test_auth" name="test_invalid_tokens[expired]" time="0.076" /><testcase classname="backend.tests.test_auth" name="test_invalid_tokens[wrong_signature]" time="0.078" /><testcase classname="backend.tests.test_auth" name="test_invalid_tokens[refresh_as_access]" time="0.075" /><testcase classname="backend.tests.test_auth" name="test_wrong_password_weak_password_and_duplicate_phone" time="0.086" /><testcase classname="backend.tests.test_auth" name="test_foreign_logout_and_disabled_account_tokens" time="0.124" /><testcase classname="backend.tests.test_auth" name="test_auth_throttle_still_enabled" time="0.045" /><testcase classname="backend.tests.test_responses" name="test_production_500_and_404_are_sanitized_json" time="0.008" /><testcase classname="backend.tests.test_responses" name="test_paginated_envelopes" time="0.212" /><testcase classname="backend.tests.test_responses" name="test_malformed_json_and_unsupported_methods" time="0.088" /><testcase classname="backend.tests.test_responses" name="test_health_database_failure_is_sanitized" time="0.008" /><testcase classname="backend.tests.test_responses" name="test_documentation_is_accessible_and_bot_security_is_declared" time="0.607" /><testcase classname="backend.tests.test_responses" name="test_inventory_matches_export_and_postman_contains_every_operation" time="0.048" /><testcase classname="backend.tests.test_admin_panel" name="test_clinic_lifecycle" time="0.219" /><testcase classname="backend.tests.test_admin_panel" name="test_doctor_lifecycle_and_affiliations" time="0.259" /><testcase classname="backend.tests.test_admin_panel" name="test_catalog_crud_icons[specialties]" time="0.121" /><testcase classname="backend.tests.test_admin_panel" name="test_catalog_crud_icons[services]" time="0.108" /><testcase classname="backend.tests.test_admin_panel" name="test_admin_patient_and_booking_access" time="0.294" /><testcase classname="backend.tests.test_admin_panel" name="test_owner_accounts_settings_and_logs" time="0.119" /><testcase classname="backend.tests.test_admin_panel" name="test_image_upload_update_delete" time="0.200" /></testsuite></testsuites>