<?xml version="1.0" encoding="utf-8"?><testsuites name="pytest tests"><testsuite name="pytest" errors="0" failures="0" skipped="0" tests="2327" time="188.271" timestamp="2026-09-12T14:09:45.760372+05:00" hostname="humoyun-ETBook"><testcase classname="backend.tests.test_admin_panel" name="test_clinic_lifecycle" time="2.866" /><testcase classname="backend.tests.test_admin_panel" name="test_doctor_lifecycle_and_affiliations" time="0.192" /><testcase classname="backend.tests.test_admin_panel" name="test_catalog_crud_icons[specialties]" time="0.071" /><testcase classname="backend.tests.test_admin_panel" name="test_catalog_crud_icons[services]" time="0.061" /><testcase classname="backend.tests.test_admin_panel" name="test_admin_patient_and_booking_access" time="0.180" /><testcase classname="backend.tests.test_admin_panel" name="test_owner_accounts_settings_and_logs" time="0.090" /><testcase classname="backend.tests.test_admin_panel" name="test_image_upload_update_delete" time="0.124" /><testcase classname="backend.tests.test_appointments" name="test_full_booking_flow_with_real_jwt" time="0.272" /><testcase classname="backend.tests.test_appointments" name="test_reschedule_conflict_preserves_original" time="0.129" /><testcase classname="backend.tests.test_appointments" name="test_invalid_booking[overrides0]" time="0.044" /><testcase classname="backend.tests.test_appointments" name="test_invalid_booking[overrides1]" time="0.043" /><testcase classname="backend.tests.test_appointments" name="test_invalid_booking[overrides2]" time="0.044" /><testcase classname="backend.tests.test_appointments" name="test_invalid_booking[overrides3]" time="0.045" /><testcase classname="backend.tests.test_appointments" name="test_invalid_booking[overrides4]" time="0.043" /><testcase classname="backend.tests.test_appointments" name="test_invalid_booking[overrides5]" time="0.044" /><testcase classname="backend.tests.test_appointments" name="test_invalid_booking[overrides6]" time="0.042" /><testcase classname="backend.tests.test_auth" name="test_registration_login_rotation_logout" time="0.046" /><testcase classname="backend.tests.test_auth" name="test_phone_login_and_duplicate_email" time="0.016" /><testcase classname="backend.tests.test_auth" name="test_profile_cannot_escalate" time="0.042" /><testcase classname="backend.tests.test_auth" name="test_change_password_revokes_access" time="0.051" /><testcase classname="backend.tests.test_auth" name="test_password_reset" time="0.049" /><testcase classname="backend.tests.test_auth" name="test_login_every_role[patient-patient]" time="0.048" /><testcase classname="backend.tests.test_auth" name="test_login_every_role[doctor-doctor_user]" time="0.046" /><testcase classname="backend.tests.test_auth" name="test_login_every_role[clinic_owner-owner]" time="0.042" /><testcase classname="backend.tests.test_auth" name="test_login_every_role[admin-admin]" time="0.042" /><testcase classname="backend.tests.test_auth" name="test_login_every_role[super_admin-superadmin]" time="0.041" /><testcase classname="backend.tests.test_auth" name="test_invalid_tokens[invalid]" time="0.036" /><testcase classname="backend.tests.test_auth" name="test_invalid_tokens[expired]" time="0.036" /><testcase classname="backend.tests.test_auth" name="test_invalid_tokens[wrong_signature]" time="0.038" /><testcase classname="backend.tests.test_auth" name="test_invalid_tokens[refresh_as_access]" time="0.037" /><testcase classname="backend.tests.test_auth" name="test_wrong_password_weak_password_and_duplicate_phone" time="0.047" /><testcase classname="backend.tests.test_auth" name="test_foreign_logout_and_disabled_account_tokens" time="0.075" /><testcase classname="backend.tests.test_auth" name="test_auth_throttle_still_enabled" time="0.044" /><testcase classname="backend.tests.test_availability" name="test_normal_day_day_off_closed_clinic" time="0.114" /><testcase classname="backend.tests.test_availability" name="test_breaks_blocks_bookings_and_buffers" time="0.149" /><testcase classname="backend.tests.test_availability" name="test_daily_limit_and_clinic_hours" time="0.189" /><testcase classname="backend.tests.test_availability" name="test_invalid_availability_input[params0]" time="0.096" /><testcase classname="backend.tests.test_availability" name="test_invalid_availability_input[params1]" time="0.095" /><testcase classname="backend.tests.test_availability" name="test_invalid_availability_input[params2]" time="0.098" /><testcase classname="backend.tests.test_availability" name="test_invalid_availability_input[params3]" time="0.098" /><testcase classname="backend.tests.test_availability" name="test_unrelated_clinic_and_toggle" time="0.189" /><testcase classname="backend.tests.test_availability" name="test_increased_buffer_cannot_overlap_existing_visit" time="0.169" /><testcase classname="backend.tests.test_booking" name="test_availability_booking_cancel_reschedule" time="0.287" /><testcase classname="backend.tests.test_booking" name="test_break_buffer_and_conflicting_block" time="0.215" /><testcase classname="backend.tests.test_booking" name="test_doctor_booking_flags[is_verified]" time="0.065" /><testcase classname="backend.tests.test_booking" name="test_doctor_booking_flags[is_active]" time="0.061" /><testcase classname="backend.tests.test_booking" name="test_doctor_booking_flags[accepts_bookings]" time="0.065" /><testcase classname="backend.tests.test_booking" name="test_clinic_booking_flags[is_verified]" time="0.079" /><testcase classname="backend.tests.test_booking" name="test_clinic_booking_flags[is_active]" time="0.080" /><testcase classname="backend.tests.test_booking" name="test_clinic_booking_flags[is_partner]" time="0.082" /><testcase classname="backend.tests.test_booking" name="test_database_excludes_overlaps" time="0.105" /><testcase classname="backend.tests.test_booking" name="test_cross_clinic_overlap" time="0.112" /><testcase classname="backend.tests.test_clinic_owner_panel" name="test_owner_views_updates_and_services" time="0.234" /><testcase classname="backend.tests.test_clinic_owner_panel" name="test_owner_schedule_change_rolls_back_conflict" time="0.083" /><testcase classname="backend.tests.test_clinic_owner_panel" name="test_owner_rejects_unowned_doctor_creation" time="0.047" /><testcase classname="backend.tests.test_clinic_owner_panel" name="test_owner_can_update_own_affiliation" time="0.080" /><testcase classname="backend.tests.test_clinics" name="test_visibility_every_public_path[is_active]" time="0.105" /><testcase classname="backend.tests.test_clinics" name="test_visibility_every_public_path[is_verified]" time="0.102" /><testcase classname="backend.tests.test_clinics" name="test_visibility_every_public_path[is_partner]" time="0.088" /><testcase classname="backend.tests.test_clinics" name="test_invalid_geo[params0]" time="0.073" /><testcase classname="backend.tests.test_clinics" name="test_invalid_geo[params1]" time="0.081" /><testcase classname="backend.tests.test_clinics" name="test_invalid_geo[params2]" time="0.076" /><testcase classname="backend.tests.test_clinics" name="test_invalid_geo[params3]" time="0.077" /><testcase classname="backend.tests.test_clinics" name="test_invalid_geo[params4]" time="0.073" /><testcase classname="backend.tests.test_clinics" name="test_invalid_geo[params5]" time="0.082" /><testcase classname="backend.tests.test_clinics" name="test_invalid_geo[params6]" time="0.071" /><testcase classname="backend.tests.test_clinics" name="test_invalid_geo[params7]" time="0.063" /><testcase classname="backend.tests.test_clinics" name="test_invalid_geo[params8]" time="0.077" /><testcase classname="backend.tests.test_clinics" name="test_invalid_geo[params9]" time="0.082" /><testcase classname="backend.tests.test_clinics" name="test_radius_sorting_and_emergency" time="0.195" /><testcase classname="backend.tests.test_clinics" name="test_details_gallery_services_hours" time="0.136" /><testcase classname="backend.tests.test_doctor_panel" name="test_doctor_reads_and_profile_review" time="0.321" /><testcase classname="backend.tests.test_doctor_panel" name="test_complete_status_flow" time="0.205" /><testcase classname="backend.tests.test_doctor_panel" name="test_start_confirmed_visit" time="0.182" /><testcase classname="backend.tests.test_doctor_panel" name="test_terminal_states_cannot_restart[cancel-start]" time="0.172" /><testcase classname="backend.tests.test_doctor_panel" name="test_terminal_states_cannot_restart[reject-accept]" time="0.159" /><testcase classname="backend.tests.test_doctor_panel" name="test_no_show[False]" time="0.183" /><testcase classname="backend.tests.test_doctor_panel" name="test_no_show[True]" time="0.197" /><testcase classname="backend.tests.test_doctor_panel" name="test_schedule_break_and_block_crud" time="0.144" /><testcase classname="backend.tests.test_doctor_panel" name="test_malformed_schedule_returns_validation_error[body0]" time="0.085" /><testcase classname="backend.tests.test_doctor_panel" name="test_malformed_schedule_returns_validation_error[body1]" time="0.085" /><testcase classname="backend.tests.test_doctor_panel" name="test_malformed_schedule_returns_validation_error[body2]" time="0.084" /><testcase classname="backend.tests.test_doctor_panel" name="test_malformed_schedule_returns_validation_error[body3]" time="0.081" /><testcase classname="backend.tests.test_doctors" name="test_doctor_public_flags[is_verified]" time="0.091" /><testcase classname="backend.tests.test_doctors" name="test_doctor_public_flags[is_active]" time="0.086" /><testcase classname="backend.tests.test_doctors" name="test_filters_details_and_nearby" time="0.235" /><testcase classname="backend.tests.test_doctors" name="test_hidden_affiliations_cannot_match_filters_or_search" time="0.091" /><testcase classname="backend.tests.test_doctors" name="test_inactive_user_and_clinic_hide_doctor" time="0.085" /><testcase classname="backend.tests.test_double_booking" name="test_different_times_and_doctors" time="0.184" /><testcase classname="backend.tests.test_double_booking" name="test_no_reservation_reuse_after_completed_or_no_show" time="0.146" /><testcase classname="backend.tests.test_favorites" name="test_favorite_lifecycle_isolation[doctors-doctor]" time="0.190" /><testcase classname="backend.tests.test_favorites" name="test_favorite_lifecycle_isolation[clinics-clinic]" time="0.211" /><testcase classname="backend.tests.test_favorites" name="test_collection_mutation_returns_405_not_500[post-clinics]" time="0.081" /><testcase classname="backend.tests.test_favorites" name="test_collection_mutation_returns_405_not_500[post-doctors]" time="0.085" /><testcase classname="backend.tests.test_favorites" name="test_collection_mutation_returns_405_not_500[delete-clinics]" time="0.097" /><testcase classname="backend.tests.test_favorites" name="test_collection_mutation_returns_405_not_500[delete-doctors]" time="0.116" /><testcase classname="backend.tests.test_notifications" name="test_read_counts_and_filtering" time="0.122" /><testcase classname="backend.tests.test_notifications" name="test_admin_send_and_broadcast[user_id]" time="0.088" /><testcase classname="backend.tests.test_notifications" name="test_admin_send_and_broadcast[role]" time="0.081" /><testcase classname="backend.tests.test_notifications" name="test_admin_send_and_broadcast[clinic_id]" time="0.078" /><testcase classname="backend.tests.test_notifications" name="test_admin_send_and_broadcast[all]" time="0.061" /><testcase classname="backend.tests.test_notifications" name="test_invalid_notification_targets" time="0.082" /><testcase classname="backend.tests.test_patient_api" name="test_discovery_search_and_hidden_clinics" time="0.183" /><testcase classname="backend.tests.test_patient_api" name="test_favorites_reviews_notifications" time="0.272" /><testcase classname="backend.tests.test_patient_api" name="test_telegram_flow" time="0.157" /><testcase classname="backend.tests.test_permission_matrix" name="test_every_operation_role_boundary[GET /api/admin-panel/admin-users/-anonymous]" time="0.051"><properties><property name="endpoint" value="/api/admin-panel/admin-users/" /><property name="method" value="GET" /><property name="role" value="anonymous" /><property name="expected" value="denied" /><property name="status" value="401" /></properties></testcase><testcase classname="backend.tests.test_permission_matrix" name="test_every_operation_role_boundary[GET /api/admin-panel/admin-users/-patient]" time="0.089"><properties><property name="endpoint" value="/api/admin-panel/admin-users/" /><property name="method" value="GET" /><property name="role" value="patient" /><property name="expected" value="denied" /><property name="status" value="403" /></properties></testcase><testcase classname="backend.tests.test_permission_matrix" name="test_every_operation_role_boundary[GET /api/admin-panel/admin-users/-doctor]" time="0.093"><properties><property name="endpoint" value="/api/admin-panel/admin-users/" /><property name="method" value="GET" /><property name="role" value="doctor" /><property name="expected" value="denied" /><property name="status" value="403" /></properties></testcase><testcase classname="backend.tests.test_permission_matrix" name="test_every_operation_role_boundary[GET /api/admin-panel/admin-users/-clinic_owner]" time="0.086"><properties><property name="endpoint" value="/api/admin-panel/admin-users/" /><property name="method" value="GET" /><property name="role" value="clinic_owner" /><property name="expected" value="denied" /><property name="status" value="403" /></properties></testcase><testcase classname="backend.tests.test_permission_matrix" name="test_every_operation_role_boundary[GET /api/admin-panel/admin-users/-admin]" time="0.090"><properties><property name="endpoint" value="/api/admin-panel/admin-users/" /><property name="method" value="GET" /><property name="role" value="admin" /><property name="expected" value="denied" /><property name="status" value="403" /></properties></testcase><testcase classname="backend.tests.test_permission_matrix" name="test_every_operation_role_boundary[GET /api/admin-panel/admin-users/-super_admin]" time="0.112"><properties><property name="endpoint" value="/api/admin-panel/admin-users/" /><property name="method" value="GET" /><property name="role" value="super_admin" /><property name="expected" value="allowed" /><property name="status" value="200" /></properties></testcase><testcase classname="backend.tests.test_permission_matrix" name="test_every_operation_role_boundary[POST /api/admin-panel/admin-users/-anonymous]" time="0.061"><properties><property name="endpoint" value="/api/admin-panel/admin-users/" /><property name="method" value="POST" /><property name="role" value="anonymous" /><property name="expected" value="denied" /><property name="status" value="401" /></properties></testcase><testcase classname="backend.tests.test_permission_matrix" name="test_every_operation_role_boundary[POST /api/admin-panel/admin-users/-patient]" time="0.105"><properties><property name="endpoint" value="/api/admin-panel/admin-users/" /><property name="method" value="POST" /><property name="role" value="patient" /><property name="expected" value="denied" /><property name="status" value="403" /></properties></testcase><testcase classname="backend.tests.test_permission_matrix" name="test_every_operation_role_boundary[POST /api/admin-panel/admin-users/-doctor]" time="0.111"><properties><property name="endpoint" value="/api/admin-panel/admin-users/" /><property name="method" value="POST" /><property name="role" value="doctor" /><property name="expected" value="denied" /><property name="status" value="403" /></properties></testcase><testcase classname="backend.tests.test_permission_matrix" name="test_every_operation_role_boundary[POST /api/admin-panel/admin-users/-clinic_owner]" time="0.101"><properties><property name="endpoint" value="/api/admin-panel/admin-users/" /><property name="method" value="POST" /><property name="role" value="clinic_owner" /><property name="expected" value="denied" /><property name="status" value="403" /></properties></testcase><testcase classname="backend.tests.test_permission_matrix" name="test_every_operation_role_boundary[POST /api/admin-panel/admin-users/-admin]" time="0.105"><properties><property name="endpoint" value="/api/admin-panel/admin-users/" /><property name="method" value="POST" /><property name="role" value="admin" /><property name="expected" value="denied" /><property name="status" value="403" /></properties></testcase><testcase classname="backend.tests.test_permission_matrix" name="test_every_operation_role_boundary[POST /api/admin-panel/admin-users/-super_admin]" time="0.105"><properties><property name="endpoint" value="/api/admin-panel/admin-users/" /><property name="method" value="POST" /><property name="role" value="super_admin" /><property name="expected" value="allowed" /><property name="status" value="400" /></properties></testcase><testcase classname="backend.tests.test_permission_matrix" name="test_every_operation_role_boundary[GET /api/admin-panel/admin-users/{pk}/-anonymous]" time="0.094"><properties><property name="endpoint" value="/api/admin-panel/admin-users/{pk}/" /><property name="method" value="GET" /><property name="role" value="anonymous" /><property name="expected" value="denied" /><property name="status" value="401" /></properties></testcase><testcase classname="backend.tests.test_permission_matrix" name="test_every_operation_role_boundary[GET /api/admin-panel/admin-users/{pk}/-patient]" time="0.086"><properties><property name="endpoint" value="/api/admin-panel/admin-users/{pk}/" /><property name="method" value="GET" /><property name="role" value="patient" /><property name="expected" value="denied" /><property name="status" value="403" /></properties></testcase><testcase classname="backend.tests.test_permission_matrix" name="test_every_operation_role_boundary[GET /api/admin-panel/admin-users/{pk}/-doctor]" time="0.085"><properties><property name="endpoint" value="/api/admin-panel/admin-users/{pk}/" /><property name="method" value="GET" /><property name="role" value="doctor" /><property name="expected" value="denied" /><property name="status" value="403" /></properties></testcase><testcase classname="backend.tests.test_permission_matrix" name="test_every_operation_role_boundary[GET /api/admin-panel/admin-users/{pk}/-clinic_owner]" time="0.082"><properties><property name="endpoint" value="/api/admin-panel/admin-users/{pk}/" /><property name="method" value="GET" /><property name="role" value="clinic_owner" /><property name="expected" value="denied" /><property name="status" value="403" /></properties></testcase><testcase classname="backend.tests.test_permission_matrix" name="test_every_operation_role_boundary[GET /api/admin-panel/admin-users/{pk}/-admin]" time="0.082"><properties><property name="endpoint" value="/api/admin-panel/admin-users/{pk}/" /><property name="method" value="GET" /><property name="role" value="admin" /><property name="expected" value="denied" /><property name="status" value="403" /></properties></testcase><testcase classname="backend.tests.test_permission_matrix" name="test_every_operation_role_boundary[GET /api/admin-panel/admin-users/{pk}/-super_admin]" time="0.083"><properties><property name="endpoint" value="/api/admin-panel/admin-users/{pk}/" /><property name="method" value="GET" /><property name="role" value="super_admin" /><property name="expected" value="allowed" /><property name="status" value="404" /></properties></testcase><testcase classname="backend.tests.test_permission_matrix" name="test_every_operation_role_boundary[PATCH /api/admin-panel/admin-users/{pk}/-anonymous]" time="0.049"><properties><property name="endpoint" value="/api/admin-panel/admin-users/{pk}/" /><property name="method" value="PATCH" /><property name="role" value="anonymous" /><property name="expected" value="denied" /><property name="status" value="401" /></properties></testcase><testcase classname="backend.tests.test_permission_matrix" name="test_every_operation_role_boundary[PATCH /api/admin-panel/admin-users/{pk}/-patient]" time="0.070"><properties><property name="endpoint" value="/api/admin-panel/admin-users/{pk}/" /><property name="method" value="PATCH" /><property name="role" value="patient" /><property name="expected" value="denied" /><property name="status" value="403" /></properties></testcase><testcase classname="backend.tests.test_permission_matrix" name="test_every_operation_role_boundary[PATCH /api/admin-panel/admin-users/{pk}/-doctor]" time="0.096"><properties><property name="endpoint" value="/api/admin-panel/admin-users/{pk}/" /><property name="method" value="PATCH" /><property name="role" value="doctor" /><property name="expected" value="denied" /><property name="status" value="403" /></properties></testcase><testcase classname="backend.tests.test_permission_matrix" name="test_every_operation_role_boundary[PATCH /api/admin-panel/admin-users/{pk}/-clinic_owner]" time="0.081"><properties><property name="endpoint" value="/api/admin-panel/admin-users/{pk}/" /><property name="method" value="PATCH" /><property name="role" value="clinic_owner" /><property name="expected" value="denied" /><property name="status" value="403" /></properties></testcase><testcase classname="backend.tests.test_permission_matrix" name="test_every_operation_role_boundary[PATCH /api/admin-panel/admin-users/{pk}/-admin]" time="0.162"><properties><property name="endpoint" value="/api/admin-panel/admin-users/{pk}/" /><property name="method" value="PATCH" /><property name="role" value="admin" /><property name="expected" value="denied" /><property name="status" value="403" /></properties></testcase><testcase classname="backend.tests.test_permission_matrix" name="test_every_operation_role_boundary[PATCH /api/admin-panel/admin-users/{pk}/-super_admin]" time="0.083"><properties><property name="endpoint" value="/api/admin-panel/admin-users/{pk}/" /><property name="method" value="PATCH" /><property name="role" value="super_admin" /><property name="expected" value="allowed" /><property name="status" value="404" /></properties></testcase><testcase classname="backend.tests.test_permission_matrix" name="test_every_operation_role_boundary[POST /api/admin-panel/admin-users/{pk}/disable/-anonymous]" time="0.072"><properties><property name="endpoint" value="/api/admin-panel/admin-users/{pk}/disable/" /><property name="method" value="POST" /><property name="role" value="anonymous" /><property name="expected" value="denied" /><property name="status" value="401" /></properties></testcase><testcase classname="backend.tests.test_permission_matrix" name="test_every_operation_role_boundary[POST /api/admin-panel/admin-users/{pk}/disable/-patient]" time="0.089"><properties><property name="endpoint" value="/api/admin-panel/admin-users/{pk}/disable/" /><property name="method" value="POST" /><property name="role" value="patient" /><property name="expected" value="denied" /><property name="status" value="403" /></properties></testcase><testcase classname="backend.tests.test_permission_matrix" name="test_every_operation_role_boundary[POST /api/admin-panel/admin-users/{pk}/disable/-doctor]" time="0.061"><properties><property name="endpoint" value="/api/admin-panel/admin-users/{pk}/disable/" /><property name="method" value="POST" /><property name="role" value="doctor" /><property name="expected" value="denied" /><property name="status" value="403" /></properties></testcase><testcase classname="backend.tests.test_permission_matrix" name="test_every_operation_role_boundary[POST /api/admin-panel/admin-users/{pk}/disable/-clinic_owner]" time="0.069"><properties><property name="endpoint" value="/api/admin-panel/admin-users/{pk}/disable/" /><property name="method" value="POST" /><property name="role" value="clinic_owner" /><property name="expected" value="denied" /><property name="status" value="403" /></properties></testcase><testcase classname="backend.tests.test_permission_matrix" name="test_every_operation_role_boundary[POST /api/admin-panel/admin-users/{pk}/disable/-admin]" time="0.087"><properties><property name="endpoint" value="/api/admin-panel/admin-users/{pk}/disable/" /><property name="method" value="POST" /><property name="role" value="admin" /><property name="expected" value="denied" /><property name="status" value="403" /></properties></testcase><testcase classname="backend.tests.test_permission_matrix" name="test_every_operation_role_boundary[POST /api/admin-panel/admin-users/{pk}/disable/-super_admin]" time="0.093"><properties><property name="endpoint" value="/api/admin-panel/admin-users/{pk}/disable/" /><property name="method" value="POST" /><property name="role" value="super_admin" /><property name="expected" value="allowed" /><property name="status" value="404" /></properties></testcase><testcase classname="backend.tests.test_permission_matrix" name="test_every_operation_role_boundary[POST /api/admin-panel/admin-users/{pk}/enable/-anonymous]" time="0.078"><properties><property name="endpoint" value="/api/admin-panel/admin-users/{pk}/enable/" /><property name="method" value="POST" /><property name="role" value="anonymous" /><property name="expected" value="denied" /><property name="status" value="401" /></properties></testcase><testcase classname="backend.tests.test_permission_matrix" name="test_every_operation_role_boundary[POST /api/admin-panel/admin-users/{pk}/enable/-patient]" time="0.091"><properties><property name="endpoint" value="/api/admin-panel/admin-users/{pk}/enable/" /><property name="method" value="POST" /><property name="role" value="patient" /><property name="expected" value="denied" /><property name="status" value="403" /></properties></testcase><testcase classname="backend.tests.test_permission_matrix" name="test_every_operation_role_boundary[POST /api/admin-panel/admin-users/{pk}/enable/-doctor]" time="0.089"><properties><property name="endpoint" value="/api/admin-panel/admin-users/{pk}/enable/" /><property name="method" value="POST" /><property name="role" value="doctor" /><property name="expected" value="denied" /><property name="status" value="403" /></properties></testcase><testcase classname="backend.tests.test_permission_matrix" name="test_every_operation_role_boundary[POST /api/admin-panel/admin-users/{pk}/enable/-clinic_owner]" time="0.088"><properties><property name="endpoint" value="/api/admin-panel/admin-users/{pk}/enable/" /><property name="method" value="POST" /><property name="role" value="clinic_owner" /><property name="expected" value="denied" /><property name="status" value="403" /></properties></testcase><testcase classname="backend.tests.test_permission_matrix" name="test_every_operation_role_boundary[POST /api/admin-panel/admin-users/{pk}/enable/-admin]" time="0.092"><properties><property name="endpoint" value="/api/admin-panel/admin-users/{pk}/enable/" /><property name="method" value="POST" /><property name="role" value="admin" /><property name="expected" value="denied" /><property name="status" value="403" /></properties></testcase><testcase classname="backend.tests.test_permission_matrix" name="test_every_operation_role_boundary[POST /api/admin-panel/admin-users/{pk}/enable/-super_admin]" time="0.091"><properties><property name="endpoint" value="/api/admin-panel/admin-users/{pk}/enable/" /><property name="method" value="POST" /><property name="role" value="super_admin" /><property name="expected" value="allowed" /><property name="status" value="404" /></properties></testcase><testcase classname="backend.tests.test_permission_matrix" name="test_every_operation_role_boundary[GET /api/admin-panel/affiliations/-anonymous]" time="0.078"><properties><property name="endpoint" value="/api/admin-panel/affiliations/" /><property name="method" value="GET" /><property name="role" value="anonymous" /><property name="expected" value="denied" /><property name="status" value="401" /></properties></testcase><testcase classname="backend.tests.test_permission_matrix" name="test_every_operation_role_boundary[GET /api/admin-panel/affiliations/-patient]" time="0.092"><properties><property name="endpoint" value="/api/admin-panel/affiliations/" /><property name="method" value="GET" /><property name="role" value="patient" /><property name="expected" value="denied" /><property name="status" value="403" /></properties></testcase><testcase classname="backend.tests.test_permission_matrix" name="test_every_operation_role_boundary[GET /api/admin-panel/affiliations/-doctor]" time="0.086"><properties><property name="endpoint" value="/api/admin-panel/affiliations/" /><property name="method" value="GET" /><property name="role" value="doctor" /><property name="expected" value="denied" /><property name="status" value="403" /></properties></testcase><testcase classname="backend.tests.test_permission_matrix" name="test_every_operation_role_boundary[GET /api/admin-panel/affiliations/-clinic_owner]" time="0.082"><properties><property name="endpoint" value="/api/admin-panel/affiliations/" /><property name="method" value="GET" /><property name="role" value="clinic_owner" /><property name="expected" value="denied" /><property name="status" value="403" /></properties></testcase><testcase classname="backend.tests.test_permission_matrix" name="test_every_operation_role_boundary[GET /api/admin-panel/affiliations/-admin]" time="0.105"><properties><property name="endpoint" value="/api/admin-panel/affiliations/" /><property name="method" value="GET" /><property name="role" value="admin" /><property name="expected" value="allowed" /><property name="status" value="200" /></properties></testcase><testcase classname="backend.tests.test_permission_matrix" name="test_every_operation_role_boundary[GET /api/admin-panel/affiliations/-super_admin]" time="0.113"><properties><property name="endpoint" value="/api/admin-panel/affiliations/" /><property name="method" value="GET" /><property name="role" value="super_admin" /><property name="expected" value="allowed" /><property name="status" value="200" /></properties></testcase><testcase classname="backend.tests.test_permission_matrix" name="test_every_operation_role_boundary[POST /api/admin-panel/affiliations/-anonymous]" time="0.070"><properties><property name="endpoint" value="/api/admin-panel/affiliations/" /><property name="method" value="POST" /><property name="role" value="anonymous" /><property name="expected" value="denied" /><property name="status" value="401" /></properties></testcase><testcase classname="backend.tests.test_permission_matrix" name="test_every_operation_role_boundary[POST /api/admin-panel/affiliations/-patient]" time="0.081"><properties><property name="endpoint" value="/api/admin-panel/affiliations/" /><property name="method" value="POST" /><property name="role" value="patient" /><property name="expected" value="denied" /><property name="status" value="403" /></properties></testcase><testcase classname="backend.tests.test_permission_matrix" name="test_every_operation_role_boundary[POST /api/admin-panel/affiliations/-doctor]" time="0.085"><properties><property name="endpoint" value="/api/admin-panel/affiliations/" /><property name="method" value="POST" /><property name="role" value="doctor" /><property name="expected" value="denied" /><property name="status" value="403" /></properties></testcase><testcase classname="backend.tests.test_permission_matrix" name="test_every_operation_role_boundary[POST /api/admin-panel/affiliations/-clinic_owner]" time="0.085"><properties><property name="endpoint" value="/api/admin-panel/affiliations/" /><property name="method" value="POST" /><property name="role" value="clinic_owner" /><property name="expected" value="denied" /><property name="status" value="403" /></properties></testcase><testcase classname="backend.tests.test_permission_matrix" name="test_every_operation_role_boundary[POST /api/admin-panel/affiliations/-admin]" time="0.086"><properties><property name="endpoint" value="/api/admin-panel/affiliations/" /><property name="method" value="POST" /><property name="role" value="admin" /><property name="expected" value="allowed" /><property name="status" value="400" /></properties></testcase><testcase classname="backend.tests.test_permission_matrix" name="test_every_operation_role_boundary[POST /api/admin-panel/affiliations/-super_admin]" time="0.083"><properties><property name="endpoint" value="/api/admin-panel/affiliations/" /><property name="method" value="POST" /><property name="role" value="super_admin" /><property name="expected" value="allowed" /><property name="status" value="400" /></properties></testcase><testcase classname="backend.tests.test_permission_matrix" name="test_every_operation_role_boundary[DELETE /api/admin-panel/affiliations/{pk}/-anonymous]" time="0.074"><properties><property name="endpoint" value="/api/admin-panel/affiliations/{pk}/" /><property name="method" value="DELETE" /><property name="role" value="anonymous" /><property name="expected" value="denied" /><property name="status" value="401" /></properties></testcase><testcase classname="backend.tests.test_permission_matrix" name="test_every_operation_role_boundary[DELETE /api/admin-panel/affiliations/{pk}/-patient]" time="0.091"><properties><property name="endpoint" value="/api/admin-panel/affiliations/{pk}/" /><property name="method" value="DELETE" /><property name="role" value="patient" /><property name="expected" value="denied" /><property name="status" value="403" /></properties></testcase><testcase classname="backend.tests.test_permission_matrix" name="test_every_operation_role_boundary[DELETE /api/admin-panel/affiliations/{pk}/-doctor]" time="0.080"><properties><property name="endpoint" value="/api/admin-panel/affiliations/{pk}/" /><property name="method" value="DELETE" /><property name="role" value="doctor" /><property name="expected" value="denied" /><property name="status" value="403" /></properties></testcase><testcase classname="backend.tests.test_permission_matrix" name="test_every_operation_role_boundary[DELETE /api/admin-panel/affiliations/{pk}/-clinic_owner]" time="0.084"><properties><property name="endpoint" value="/api/admin-panel/affiliations/{pk}/" /><property name="method" value="DELETE" /><property name="role" value="clinic_owner" /><property name="expected" value="denied" /><property name="status" value="403" /></properties></testcase><testcase classname="backend.tests.test_permission_matrix" name="test_every_operation_role_boundary[DELETE /api/admin-panel/affiliations/{pk}/-admin]" time="0.088"><properties><property name="endpoint" value="/api/admin-panel/affiliations/{pk}/" /><property name="method" value="DELETE" /><property name="role" value="admin" /><property name="expected" value="allowed" /><property name="status" value="404" /></properties></testcase><testcase classname="backend.tests.test_permission_matrix" name="test_every_operation_role_boundary[DELETE /api/admin-panel/affiliations/{pk}/-super_admin]" time="0.086"><properties><property name="endpoint" value="/api/admin-panel/affiliations/{pk}/" /><property name="method" value="DELETE" /><property name="role" value="super_admin" /><property name="expected" value="allowed" /><property name="status" value="404" /></properties></testcase><testcase classname="backend.tests.test_permission_matrix" name="test_every_operation_role_boundary[GET /api/admin-panel/affiliations/{pk}/-anonymous]" time="0.075"><properties><property name="endpoint" value="/api/admin-panel/affiliations/{pk}/" /><property name="method" value="GET" /><property name="role" value="anonymous" /><property name="expected" value="denied" /><property name="status" value="401" /></properties></testcase><testcase classname="backend.tests.test_permission_matrix" name="test_every_operation_role_boundary[GET /api/admin-panel/affiliations/{pk}/-patient]" time="0.081"><properties><property name="endpoint" value="/api/admin-panel/affiliations/{pk}/" /><property name="method" value="GET" /><property name="role" value="patient" /><property name="expected" value="denied" /><property name="status" value="403" /></properties></testcase><testcase classname="backend.tests.test_permission_matrix" name="test_every_operation_role_boundary[GET /api/admin-panel/affiliations/{pk}/-doctor]" time="0.058"><properties><property name="endpoint" value="/api/admin-panel/affiliations/{pk}/" /><property name="method" value="GET" /><property name="role" value="doctor" /><property name="expected" value="denied" /><property name="status" value="403" /></properties></testcase><testcase classname="backend.tests.test_permission_matrix" name="test_every_operation_role_boundary[GET /api/admin-panel/affiliations/{pk}/-clinic_owner]" time="0.057"><properties><property name="endpoint" value="/api/admin-panel/affiliations/{pk}/" /><property name="method" value="GET" /><property name="role" value="clinic_owner" /><property name="expected" value="denied" /><property name="status" value="403" /></properties></testcase><testcase classname="backend.tests.test_permission_matrix" name="test_every_operation_role_boundary[GET /api/admin-panel/affiliations/{pk}/-admin]" time="0.069"><properties><property name="endpoint" value="/api/admin-panel/affiliations/{pk}/" /><property name="method" value="GET" /><property name="role" value="admin" /><property name="expected" value="allowed" /><property name="status" value="404" /></properties></testcase><testcase classname="backend.tests.test_permission_matrix" name="test_every_operation_role_boundary[GET /api/admin-panel/affiliations/{pk}/-super_admin]" time="0.086"><properties><property name="endpoint" value="/api/admin-panel/affiliations/{pk}/" /><property name="method" value="GET" /><property name="role" value="super_admin" /><property name="expected" value="allowed" /><property name="status" value="404" /></properties></testcase><testcase classname="backend.tests.test_permission_matrix" name="test_every_operation_role_boundary[PATCH /api/admin-panel/affiliations/{pk}/-anonymous]" time="0.068"><properties><property name="endpoint" value="/api/admin-panel/affiliations/{pk}/" /><property name="method" value="PATCH" /><property name="role" value="anonymous" /><property name="expected" value="denied" /><property name="status" value="401" /></properties></testcase><testcase classname="backend.tests.test_permission_matrix" name="test_every_operation_role_boundary[PATCH /api/admin-panel/affiliations/{pk}/-patient]" time="0.084"><properties><property name="endpoint" value="/api/admin-panel/affiliations/{pk}/" /><property name="method" value="PATCH" /><property name="role" value="patient" /><property name="expected" value="denied" /><property name="status" value="403" /></properties></testcase><testcase classname="backend.tests.test_permission_matrix" name="test_every_operation_role_boundary[PATCH /api/admin-panel/affiliations/{pk}/-doctor]" time="0.075"><properties><property name="endpoint" value="/api/admin-panel/affiliations/{pk}/" /><property name="method" value="PATCH" /><property name="role" value="doctor" /><property name="expected" value="denied" /><property name="status" value="403" /></properties></testcase><testcase classname="backend.tests.test_permission_matrix" name="test_every_operation_role_boundary[PATCH /api/admin-panel/affiliations/{pk}/-clinic_owner]" time="0.066"><properties><property name="endpoint" value="/api/admin-panel/affiliations/{pk}/" /><property name="method" value="PATCH" /><property name="role" value="clinic_owner" /><property name="expected" value="denied" /><property name="status" value="403" /></properties></testcase><testcase classname="backend.tests.test_permission_matrix" name="test_every_operation_role_boundary[PATCH /api/admin-panel/affiliations/{pk}/-admin]" time="0.083"><properties><property name="endpoint" value="/api/admin-panel/affiliations/{pk}/" /><property name="method" value="PATCH" /><property name="role" value="admin" /><property name="expected" value="allowed" /><property name="status" value="404" /></properties></testcase><testcase classname="backend.tests.test_permission_matrix" name="test_every_operation_role_boundary[PATCH /api/admin-panel/affiliations/{pk}/-super_admin]" time="0.083"><properties><property name="endpoint" value="/api/admin-panel/affiliations/{pk}/" /><property name="method" value="PATCH" /><property name="role" value="super_admin" /><property name="expected" value="allowed" /><property name="status" value="404" /></properties></testcase><testcase classname="backend.tests.test_permission_matrix" name="test_every_operation_role_boundary[GET /api/admin-panel/analytics/-anonymous]" time="0.079"><properties><property name="endpoint" value="/api/admin-panel/analytics/" /><property name="method" value="GET" /><property name="role" value="anonymous" /><property name="expected" value="denied" /><property name="status" value="401" /></properties></testcase><testcase classname="backend.tests.test_permission_matrix" name="test_every_operation_role_boundary[GET /api/admin-panel/analytics/-patient]" time="0.094"><properties><property name="endpoint" value="/api/admin-panel/analytics/" /><property name="method" value="GET" /><property name="role" value="patient" /><property name="expected" value="denied" /><property name="status" value="403" /></properties></testcase><testcase classname="backend.tests.test_permission_matrix" name="test_every_operation_role_boundary[GET /api/admin-panel/analytics/-doctor]" time="0.080"><properties><property name="endpoint" value="/api/admin-panel/analytics/" /><property name="method" value="GET" /><property name="role" value="doctor" /><property name="expected" value="denied" /><property name="status" value="403" /></properties></testcase><testcase classname="backend.tests.test_permission_matrix" name="test_every_operation_role_boundary[GET /api/admin-panel/analytics/-clinic_owner]" time="0.082"><properties><property name="endpoint" value="/api/admin-panel/analytics/" /><property name="method" value="GET" /><property name="role" value="clinic_owner" /><property name="expected" value="denied" /><property name="status" value="403" /></properties></testcase><testcase classname="backend.tests.test_permission_matrix" name="test_every_operation_role_boundary[GET /api/admin-panel/analytics/-admin]" time="0.103"><properties><property name="endpoint" value="/api/admin-panel/analytics/" /><property name="method" value="GET" /><property name="role" value="admin" /><property name="expected" value="allowed" /><property name="status" value="200" /></properties></testcase><testcase classname="backend.tests.test_permission_matrix" name="test_every_operation_role_boundary[GET /api/admin-panel/analytics/-super_admin]" time="0.100"><properties><property name="endpoint" value="/api/admin-panel/analytics/" /><property name="method" value="GET" /><property name="role" value="super_admin" /><property name="expected" value="allowed" /><property name="status" value="200" /></properties></testcase><testcase classname="backend.tests.test_permission_matrix" name="test_every_operation_role_boundary[GET /api/admin-panel/appointments/-anonymous]" time="0.068"><properties><property name="endpoint" value="/api/admin-panel/appointments/" /><property name="method" value="GET" /><property name="role" value="anonymous" /><property name="expected" value="denied" /><property name="status" value="401" /></properties></testcase><testcase classname="backend.tests.test_permission_matrix" name="test_every_operation_role_boundary[GET /api/admin-panel/appointments/-patient]" time="0.058"><properties><property name="endpoint" value="/api/admin-panel/appointments/" /><property name="method" value="GET" /><property name="role" value="patient" /><property name="expected" value="denied" /><property name="status" value="403" /></properties></testcase><testcase classname="backend.tests.test_permission_matrix" name="test_every_operation_role_boundary[GET /api/admin-panel/appointments/-doctor]" time="0.098"><properties><property name="endpoint" value="/api/admin-panel/appointments/" /><property name="method" value="GET" /><property name="role" value="doctor" /><property name="expected" value="denied" /><property name="status" value="403" /></properties></testcase><testcase classname="backend.tests.test_permission_matrix" name="test_every_operation_role_boundary[GET /api/admin-panel/appointments/-clinic_owner]" time="0.090"><properties><property name="endpoint" value="/api/admin-panel/appointments/" /><property name="method" value="GET" /><property name="role" value="clinic_owner" /><property name="expected" value="denied" /><property name="status" value="403" /></properties></testcase><testcase classname="backend.tests.test_permission_matrix" name="test_every_operation_role_boundary[GET /api/admin-panel/appointments/-admin]" time="0.093"><properties><property name="endpoint" value="/api/admin-panel/appointments/" /><property name="method" value="GET" /><property name="role" value="admin" /><property name="expected" value="allowed" /><property name="status" value="200" /></properties></testcase><testcase classname="backend.tests.test_permission_matrix" name="test_every_operation_role_boundary[GET /api/admin-panel/appointments/-super_admin]" time="0.087"><properties><property name="endpoint" value="/api/admin-panel/appointments/" /><property name="method" value="GET" /><property name="role" value="super_admin" /><property name="expected" value="allowed" /><property name="status" value="200" /></properties></testcase><testcase classname="backend.tests.test_permission_matrix" name="test_every_operation_role_boundary[GET /api/admin-panel/appointments/{pk}/-anonymous]" time="0.070"><properties><property name="endpoint" value="/api/admin-panel/appointments/{pk}/" /><property name="method" value="GET" /><property name="role" value="anonymous" /><property name="expected" value="denied" /><property name="status" value="401" /></properties></testcase><testcase classname="backend.tests.test_permission_matrix" name="test_every_operation_role_boundary[GET /api/admin-panel/appointments/{pk}/-patient]" time="0.085"><properties><property name="endpoint" value="/api/admin-panel/appointments/{pk}/" /><property name="method" value="GET" /><property name="role" value="patient" /><property name="expected" value="denied" /><property name="status" value="403" /></properties></testcase><testcase classname="backend.tests.test_permission_matrix" name="test_every_operation_role_boundary[GET /api/admin-panel/appointments/{pk}/-doctor]" time="0.080"><properties><property name="endpoint" value="/api/admin-panel/appointments/{pk}/" /><property name="method" value="GET" /><property name="role" value="doctor" /><property name="expected" value="denied" /><property name="status" value="403" /></properties></testcase><testcase classname="backend.tests.test_permission_matrix" name="test_every_operation_role_boundary[GET /api/admin-panel/appointments/{pk}/-clinic_owner]" time="0.081"><properties><property name="endpoint" value="/api/admin-panel/appointments/{pk}/" /><property name="method" value="GET" /><property name="role" value="clinic_owner" /><property name="expected" value="denied" /><property name="status" value="403" /></properties></testcase><testcase classname="backend.tests.test_permission_matrix" name="test_every_operation_role_boundary[GET /api/admin-panel/appointments/{pk}/-admin]" time="0.068"><properties><property name="endpoint" value="/api/admin-panel/appointments/{pk}/" /><property name="method" value="GET" /><property name="role" value="admin" /><property name="expected" value="allowed" /><property name="status" value="404" /></properties></testcase><testcase classname="backend.tests.test_permission_matrix" name="test_every_operation_role_boundary[GET /api/admin-panel/appointments/{pk}/-super_admin]" time="0.089"><properties><property name="endpoint" value="/api/admin-panel/appointments/{pk}/" /><property name="method" value="GET" /><property name="role" value="super_admin" /><property name="expected" value="allowed" /><property name="status" value="404" /></properties></testcase><testcase classname="backend.tests.test_permission_matrix" name="test_every_operation_role_boundary[PATCH /api/admin-panel/appointments/{pk}/-anonymous]" time="0.077"><properties><property name="endpoint" value="/api/admin-panel/appointments/{pk}/" /><property name="method" value="PATCH" /><property name="role" value="anonymous" /><property name="expected" value="denied" /><property name="status" value="401" /></properties></testcase><testcase classname="backend.tests.test_permission_matrix" name="test_every_operation_role_boundary[PATCH /api/admin-panel/appointments/{pk}/-patient]" time="0.087"><properties><property name="endpoint" value="/api/admin-panel/appointments/{pk}/" /><property name="method" value="PATCH" /><property name="role" value="patient" /><property name="expected" value="denied" /><property name="status" value="403" /></properties></testcase><testcase classname="backend.tests.test_permission_matrix" name="test_every_operation_role_boundary[PATCH /api/admin-panel/appointments/{pk}/-doctor]" time="0.090"><properties><property name="endpoint" value="/api/admin-panel/appointments/{pk}/" /><property name="method" value="PATCH" /><property name="role" value="doctor" /><property name="expected" value="denied" /><property name="status" value="403" /></properties></testcase><testcase classname="backend.tests.test_permission_matrix" name="test_every_operation_role_boundary[PATCH /api/admin-panel/appointments/{pk}/-clinic_owner]" time="0.090"><properties><property name="endpoint" value="/api/admin-panel/appointments/{pk}/" /><property name="method" value="PATCH" /><property name="role" value="clinic_owner" /><property name="expected" value="denied" /><property name="status" value="403" /></properties></testcase><testcase classname="backend.tests.test_permission_matrix" name="test_every_operation_role_boundary[PATCH /api/admin-panel/appointments/{pk}/-admin]" time="0.097"><properties><property name="endpoint" value="/api/admin-panel/appointments/{pk}/" /><property name="method" value="PATCH" /><property name="role" value="admin" /><property name="expected" value="allowed" /><property name="status" value="404" /></properties></testcase><testcase classname="backend.tests.test_permission_matrix" name="test_every_operation_role_boundary[PATCH /api/admin-panel/appointments/{pk}/-super_admin]" time="0.097"><properties><property name="endpoint" value="/api/admin-panel/appointments/{pk}/" /><property name="method" value="PATCH" /><property name="role" value="super_admin" /><property name="expected" value="allowed" /><property name="status" value="404" /></properties></testcase><testcase classname="backend.tests.test_permission_matrix" name="test_every_operation_role_boundary[POST /api/admin-panel/appointments/{pk}/cancel/-anonymous]" time="0.073"><properties><property name="endpoint" value="/api/admin-panel/appointments/{pk}/cancel/" /><property name="method" value="POST" /><property name="role" value="anonymous" /><property name="expected" value="denied" /><property name="status" value="401" /></properties></testcase><testcase classname="backend.tests.test_permission_matrix" name="test_every_operation_role_boundary[POST /api/admin-panel/appointments/{pk}/cancel/-patient]" time="0.107"><properties><property name="endpoint" value="/api/admin-panel/appointments/{pk}/cancel/" /><property name="method" value="POST" /><property name="role" value="patient" /><property name="expected" value="denied" /><property name="status" value="403" /></properties></testcase><testcase classname="backend.tests.test_permission_matrix" name="test_every_operation_role_boundary[POST /api/admin-panel/appointments/{pk}/cancel/-doctor]" time="0.068"><properties><property name="endpoint" value="/api/admin-panel/appointments/{pk}/cancel/" /><property name="method" value="POST" /><property name="role" value="doctor" /><property name="expected" value="denied" /><property name="status" value="403" /></properties></testcase><testcase classname="backend.tests.test_permission_matrix" name="test_every_operation_role_boundary[POST /api/admin-panel/appointments/{pk}/cancel/-clinic_owner]" time="0.080"><properties><property name="endpoint" value="/api/admin-panel/appointments/{pk}/cancel/" /><property name="method" value="POST" /><property name="role" value="clinic_owner" /><property name="expected" value="denied" /><property name="status" value="403" /></properties></testcase><testcase classname="backend.tests.test_permission_matrix" name="test_every_operation_role_boundary[POST /api/admin-panel/appointments/{pk}/cancel/-admin]" time="0.096"><properties><property name="endpoint" value="/api/admin-panel/appointments/{pk}/cancel/" /><property name="method" value="POST" /><property name="role" value="admin" /><property name="expected" value="allowed" /><property name="status" value="404" /></properties></testcase><testcase classname="backend.tests.test_permission_matrix" name="test_every_operation_role_boundary[POST /api/admin-panel/appointments/{pk}/cancel/-super_admin]" time="0.090"><properties><property name="endpoint" value="/api/admin-panel/appointments/{pk}/cancel/" /><property name="method" value="POST" /><property name="role" value="super_admin" /><property name="expected" value="allowed" /><property name="status" value="404" /></properties></testcase><testcase classname="backend.tests.test_permission_matrix" name="test_every_operation_role_boundary[POST /api/admin-panel/appointments/{pk}/reschedule/-anonymous]" time="0.071"><properties><property name="endpoint" value="/api/admin-panel/appointments/{pk}/reschedule/" /><property name="method" value="POST" /><property name="role" value="anonymous" /><property name="expected" value="denied" /><property name="status" value="401" /></properties></testcase><testcase classname="backend.tests.test_permission_matrix" name="test_every_operation_role_boundary[POST /api/admin-panel/appointments/{pk}/reschedule/-patient]" time="0.087"><properties><property name="endpoint" value="/api/admin-panel/appointments/{pk}/reschedule/" /><property name="method" value="POST" /><property name="role" value="patient" /><property name="expected" value="denied" /><property name="status" value="403" /></properties></testcase><testcase classname="backend.tests.test_permission_matrix" name="test_every_operation_role_boundary[POST /api/admin-panel/appointments/{pk}/reschedule/-doctor]" time="0.084"><properties><property name="endpoint" value="/api/admin-panel/appointments/{pk}/reschedule/" /><property name="method" value="POST" /><property name="role" value="doctor" /><property name="expected" value="denied" /><property name="status" value="403" /></properties></testcase><testcase classname="backend.tests.test_permission_matrix" name="test_every_operation_role_boundary[POST /api/admin-panel/appointments/{pk}/reschedule/-clinic_owner]" time="0.087"><properties><property name="endpoint" value="/api/admin-panel/appointments/{pk}/reschedule/" /><property name="method" value="POST" /><property name="role" value="clinic_owner" /><property name="expected" value="denied" /><property name="status" value="403" /></properties></testcase><testcase classname="backend.tests.test_permission_matrix" name="test_every_operation_role_boundary[POST /api/admin-panel/appointments/{pk}/reschedule/-admin]" time="0.089"><properties><property name="endpoint" value="/api/admin-panel/appointments/{pk}/reschedule/" /><property name="method" value="POST" /><property name="role" value="admin" /><property name="expected" value="allowed" /><property name="status" value="404" /></properties></testcase><testcase classname="backend.tests.test_permission_matrix" name="test_every_operation_role_boundary[POST /api/admin-panel/appointments/{pk}/reschedule/-super_admin]" time="0.110"><properties><property name="endpoint" value="/api/admin-panel/appointments/{pk}/reschedule/" /><property name="method" value="POST" /><property name="role" value="super_admin" /><property name="expected" value="allowed" /><property name="status" value="404" /></properties></testcase><testcase classname="backend.tests.test_permission_matrix" name="test_every_operation_role_boundary[GET /api/admin-panel/clinic-images/-anonymous]" time="0.051"><properties><property name="endpoint" value="/api/admin-panel/clinic-images/" /><property name="method" value="GET" /><property name="role" value="anonymous" /><property name="expected" value="denied" /><property name="status" value="401" /></properties></testcase><testcase classname="backend.tests.test_permission_matrix" name="test_every_operation_role_boundary[GET /api/admin-panel/clinic-images/-patient]" time="0.082"><properties><property name="endpoint" value="/api/admin-panel/clinic-images/" /><property name="method" value="GET" /><property name="role" value="patient" /><property name="expected" value="denied" /><property name="status" value="403" /></properties></testcase><testcase classname="backend.tests.test_permission_matrix" name="test_every_operation_role_boundary[GET /api/admin-panel/clinic-images/-doctor]" time="0.079"><properties><property name="endpoint" value="/api/admin-panel/clinic-images/" /><property name="method" value="GET" /><property name="role" value="doctor" /><property name="expected" value="denied" /><property name="status" value="403" /></properties></testcase><testcase classname="backend.tests.test_permission_matrix" name="test_every_operation_role_boundary[GET /api/admin-panel/clinic-images/-clinic_owner]" time="0.076"><properties><property name="endpoint" value="/api/admin-panel/clinic-images/" /><property name="method" value="GET" /><property name="role" value="clinic_owner" /><property name="expected" value="denied" /><property name="status" value="403" /></properties></testcase><testcase classname="backend.tests.test_permission_matrix" name="test_every_operation_role_boundary[GET /api/admin-panel/clinic-images/-admin]" time="0.073"><properties><property name="endpoint" value="/api/admin-panel/clinic-images/" /><property name="method" value="GET" /><property name="role" value="admin" /><property name="expected" value="allowed" /><property name="status" value="200" /></properties></testcase><testcase classname="backend.tests.test_permission_matrix" name="test_every_operation_role_boundary[GET /api/admin-panel/clinic-images/-super_admin]" time="0.083"><properties><property name="endpoint" value="/api/admin-panel/clinic-images/" /><property name="method" value="GET" /><property name="role" value="super_admin" /><property name="expected" value="allowed" /><property name="status" value="200" /></properties></testcase><testcase classname="backend.tests.test_permission_matrix" name="test_every_operation_role_boundary[POST /api/admin-panel/clinic-images/-anonymous]" time="0.067"><properties><property name="endpoint" value="/api/admin-panel/clinic-images/" /><property name="method" value="POST" /><property name="role" value="anonymous" /><property name="expected" value="denied" /><property name="status" value="401" /></properties></testcase><testcase classname="backend.tests.test_permission_matrix" name="test_every_operation_role_boundary[POST /api/admin-panel/clinic-images/-patient]" time="0.079"><properties><property name="endpoint" value="/api/admin-panel/clinic-images/" /><property name="method" value="POST" /><property name="role" value="patient" /><property name="expected" value="denied" /><property name="status" value="403" /></properties></testcase><testcase classname="backend.tests.test_permission_matrix" name="test_every_operation_role_boundary[POST /api/admin-panel/clinic-images/-doctor]" time="0.082"><properties><property name="endpoint" value="/api/admin-panel/clinic-images/" /><property name="method" value="POST" /><property name="role" value="doctor" /><property name="expected" value="denied" /><property name="status" value="403" /></properties></testcase><testcase classname="backend.tests.test_permission_matrix" name="test_every_operation_role_boundary[POST /api/admin-panel/clinic-images/-clinic_owner]" time="0.083"><properties><property name="endpoint" value="/api/admin-panel/clinic-images/" /><property name="method" value="POST" /><property name="role" value="clinic_owner" /><property name="expected" value="denied" /><property name="status" value="403" /></properties></testcase><testcase classname="backend.tests.test_permission_matrix" name="test_every_operation_role_boundary[POST /api/admin-panel/clinic-images/-admin]" time="0.086"><properties><property name="endpoint" value="/api/admin-panel/clinic-images/" /><property name="method" value="POST" /><property name="role" value="admin" /><property name="expected" value="allowed" /><property name="status" value="400" /></properties></testcase><testcase classname="backend.tests.test_permission_matrix" name="test_every_operation_role_boundary[POST /api/admin-panel/clinic-images/-super_admin]" time="0.086"><properties><property name="endpoint" value="/api/admin-panel/clinic-images/" /><property name="method" value="POST" /><property name="role" value="super_admin" /><property name="expected" value="allowed" /><property name="status" value="400" /></properties></testcase><testcase classname="backend.tests.test_permission_matrix" name="test_every_operation_role_boundary[DELETE /api/admin-panel/clinic-images/{pk}/-anonymous]" time="0.074"><properties><property name="endpoint" value="/api/admin-panel/clinic-images/{pk}/" /><property name="method" value="DELETE" /><property name="role" value="anonymous" /><property name="expected" value="denied" /><property name="status" value="401" /></properties></testcase><testcase classname="backend.tests.test_permission_matrix" name="test_every_operation_role_boundary[DELETE /api/admin-panel/clinic-images/{pk}/-patient]" time="0.089"><properties><property name="endpoint" value="/api/admin-panel/clinic-images/{pk}/" /><property name="method" value="DELETE" /><property name="role" value="patient" /><property name="expected" value="denied" /><property name="status" value="403" /></properties></testcase><testcase classname="backend.tests.test_permission_matrix" name="test_every_operation_role_boundary[DELETE /api/admin-panel/clinic-images/{pk}/-doctor]" time="0.080"><properties><property name="endpoint" value="/api/admin-panel/clinic-images/{pk}/" /><property name="method" value="DELETE" /><property name="role" value="doctor" /><property name="expected" value="denied" /><property name="status" value="403" /></properties></testcase><testcase classname="backend.tests.test_permission_matrix" name="test_every_operation_role_boundary[DELETE /api/admin-panel/clinic-images/{pk}/-clinic_owner]" time="0.083"><properties><property name="endpoint" value="/api/admin-panel/clinic-images/{pk}/" /><property name="method" value="DELETE" /><property name="role" value="clinic_owner" /><property name="expected" value="denied" /><property name="status" value="403" /></properties></testcase><testcase classname="backend.tests.test_permission_matrix" name="test_every_operation_role_boundary[DELETE /api/admin-panel/clinic-images/{pk}/-admin]" time="0.095"><properties><property name="endpoint" value="/api/admin-panel/clinic-images/{pk}/" /><property name="method" value="DELETE" /><property name="role" value="admin" /><property name="expected" value="allowed" /><property name="status" value="404" /></properties></testcase><testcase classname="backend.tests.test_permission_matrix" name="test_every_operation_role_boundary[DELETE /api/admin-panel/clinic-images/{pk}/-super_admin]" time="0.090"><properties><property name="endpoint" value="/api/admin-panel/clinic-images/{pk}/" /><property name="method" value="DELETE" /><property name="role" value="super_admin" /><property name="expected" value="allowed" /><property name="status" value="404" /></properties></testcase><testcase classname="backend.tests.test_permission_matrix" name="test_every_operation_role_boundary[GET /api/admin-panel/clinic-images/{pk}/-anonymous]" time="0.073"><properties><property name="endpoint" value="/api/admin-panel/clinic-images/{pk}/" /><property name="method" value="GET" /><property name="role" value="anonymous" /><property name="expected" value="denied" /><property name="status" value="401" /></properties></testcase><testcase classname="backend.tests.test_permission_matrix" name="test_every_operation_role_boundary[GET /api/admin-panel/clinic-images/{pk}/-patient]" time="0.067"><properties><property name="endpoint" value="/api/admin-panel/clinic-images/{pk}/" /><property name="method" value="GET" /><property name="role" value="patient" /><property name="expected" value="denied" /><property name="status" value="403" /></properties></testcase><testcase classname="backend.tests.test_permission_matrix" name="test_every_operation_role_boundary[GET /api/admin-panel/clinic-images/{pk}/-doctor]" time="0.053"><properties><property name="endpoint" value="/api/admin-panel/clinic-images/{pk}/" /><property name="method" value="GET" /><property name="role" value="doctor" /><property name="expected" value="denied" /><property name="status" value="403" /></properties></testcase><testcase classname="backend.tests.test_permission_matrix" name="test_every_operation_role_boundary[GET /api/admin-panel/clinic-images/{pk}/-clinic_owner]" time="0.073"><properties><property name="endpoint" value="/api/admin-panel/clinic-images/{pk}/" /><property name="method" value="GET" /><property name="role" value="clinic_owner" /><property name="expected" value="denied" /><property name="status" value="403" /></properties></testcase><testcase classname="backend.tests.test_permission_matrix" name="test_every_operation_role_boundary[GET /api/admin-panel/clinic-images/{pk}/-admin]" time="0.060"><properties><property name="endpoint" value="/api/admin-panel/clinic-images/{pk}/" /><property name="method" value="GET" /><property name="role" value="admin" /><property name="expected" value="allowed" /><property name="status" value="404" /></properties></testcase><testcase classname="backend.tests.test_permission_matrix" name="test_every_operation_role_boundary[GET /api/admin-panel/clinic-images/{pk}/-super_admin]" time="0.086"><properties><property name="endpoint" value="/api/admin-panel/clinic-images/{pk}/" /><property name="method" value="GET" /><property name="role" value="super_admin" /><property name="expected" value="allowed" /><property name="status" value="404" /></properties></testcase><testcase classname="backend.tests.test_permission_matrix" name="test_every_operation_role_boundary[PATCH /api/admin-panel/clinic-images/{pk}/-anonymous]" time="0.074"><properties><property name="endpoint" value="/api/admin-panel/clinic-images/{pk}/" /><property name="method" value="PATCH" /><property name="role" value="anonymous" /><property name="expected" value="denied" /><property name="status" value="401" /></properties></testcase><testcase classname="backend.tests.test_permission_matrix" name="test_every_operation_role_boundary[PATCH /api/admin-panel/clinic-images/{pk}/-patient]" time="0.106"><properties><property name="endpoint" value="/api/admin-panel/clinic-images/{pk}/" /><property name="method" value="PATCH" /><property name="role" value="patient" /><property name="expected" value="denied" /><property name="status" value="403" /></properties></testcase><testcase classname="backend.tests.test_permission_matrix" name="test_every_operation_role_boundary[PATCH /api/admin-panel/clinic-images/{pk}/-doctor]" time="0.067"><properties><property name="endpoint" value="/api/admin-panel/clinic-images/{pk}/" /><property name="method" value="PATCH" /><property name="role" value="doctor" /><property name="expected" value="denied" /><property name="status" value="403" /></properties></testcase><testcase classname="backend.tests.test_permission_matrix" name="test_every_operation_role_boundary[PATCH /api/admin-panel/clinic-images/{pk}/-clinic_owner]" time="0.084"><properties><property name="endpoint" value="/api/admin-panel/clinic-images/{pk}/" /><property name="method" value="PATCH" /><property name="role" value="clinic_owner" /><property name="expected" value="denied" /><property name="status" value="403" /></properties></testcase><testcase classname="backend.tests.test_permission_matrix" name="test_every_operation_role_boundary[PATCH /api/admin-panel/clinic-images/{pk}/-admin]" time="0.088"><properties><property name="endpoint" value="/api/admin-panel/clinic-images/{pk}/" /><property name="method" value="PATCH" /><property name="role" value="admin" /><property name="expected" value="allowed" /><property name="status" value="404" /></properties></testcase><testcase classname="backend.tests.test_permission_matrix" name="test_every_operation_role_boundary[PATCH /api/admin-panel/clinic-images/{pk}/-super_admin]" time="0.081"><properties><property name="endpoint" value="/api/admin-panel/clinic-images/{pk}/" /><property name="method" value="PATCH" /><property name="role" value="super_admin" /><property name="expected" value="allowed" /><property name="status" value="404" /></properties></testcase><testcase classname="backend.tests.test_permission_matrix" name="test_every_operation_role_boundary[GET /api/admin-panel/clinics/-anonymous]" time="0.047"><properties><property name="endpoint" value="/api/admin-panel/clinics/" /><property name="method" value="GET" /><property name="role" value="anonymous" /><property name="expected" value="denied" /><property name="status" value="401" /></properties></testcase><testcase classname="backend.tests.test_permission_matrix" name="test_every_operation_role_boundary[GET /api/admin-panel/clinics/-patient]" time="0.054"><properties><property name="endpoint" value="/api/admin-panel/clinics/" /><property name="method" value="GET" /><property name="role" value="patient" /><property name="expected" value="denied" /><property name="status" value="403" /></properties></testcase><testcase classname="backend.tests.test_permission_matrix" name="test_every_operation_role_boundary[GET /api/admin-panel/clinics/-doctor]" time="0.066"><properties><property name="endpoint" value="/api/admin-panel/clinics/" /><property name="method" value="GET" /><property name="role" value="doctor" /><property name="expected" value="denied" /><property name="status" value="403" /></properties></testcase><testcase classname="backend.tests.test_permission_matrix" name="test_every_operation_role_boundary[GET /api/admin-panel/clinics/-clinic_owner]" time="0.063"><properties><property name="endpoint" value="/api/admin-panel/clinics/" /><property name="method" value="GET" /><property name="role" value="clinic_owner" /><property name="expected" value="denied" /><property name="status" value="403" /></properties></testcase><testcase classname="backend.tests.test_permission_matrix" name="test_every_operation_role_boundary[GET /api/admin-panel/clinics/-admin]" time="0.045"><properties><property name="endpoint" value="/api/admin-panel/clinics/" /><property name="method" value="GET" /><property name="role" value="admin" /><property name="expected" value="allowed" /><property name="status" value="200" /></properties></testcase><testcase classname="backend.tests.test_permission_matrix" name="test_every_operation_role_boundary[GET /api/admin-panel/clinics/-super_admin]" time="0.046"><properties><property name="endpoint" value="/api/admin-panel/clinics/" /><property name="method" value="GET" /><property name="role" value="super_admin" /><property name="expected" value="allowed" /><property name="status" value="200" /></properties></testcase><testcase classname="backend.tests.test_permission_matrix" name="test_every_operation_role_boundary[POST /api/admin-panel/clinics/-anonymous]" time="0.036"><properties><property name="endpoint" value="/api/admin-panel/clinics/" /><property name="method" value="POST" /><property name="role" value="anonymous" /><property name="expected" value="denied" /><property name="status" value="401" /></properties></testcase><testcase classname="backend.tests.test_permission_matrix" name="test_every_operation_role_boundary[POST /api/admin-panel/clinics/-patient]" time="0.041"><properties><property name="endpoint" value="/api/admin-panel/clinics/" /><property name="method" value="POST" /><property name="role" value="patient" /><property name="expected" value="denied" /><property name="status" value="403" /></properties></testcase><testcase classname="backend.tests.test_permission_matrix" name="test_every_operation_role_boundary[POST /api/admin-panel/clinics/-doctor]" time="0.040"><properties><property name="endpoint" value="/api/admin-panel/clinics/" /><property name="method" value="POST" /><property name="role" value="doctor" /><property name="expected" value="denied" /><property name="status" value="403" /></properties></testcase><testcase classname="backend.tests.test_permission_matrix" name="test_every_operation_role_boundary[POST /api/admin-panel/clinics/-clinic_owner]" time="0.054"><properties><property name="endpoint" value="/api/admin-panel/clinics/" /><property name="method" value="POST" /><property name="role" value="clinic_owner" /><property name="expected" value="denied" /><property name="status" value="403" /></properties></testcase><testcase classname="backend.tests.test_permission_matrix" name="test_every_operation_role_boundary[POST /api/admin-panel/clinics/-admin]" time="0.091"><properties><property name="endpoint" value="/api/admin-panel/clinics/" /><property name="method" value="POST" /><property name="role" value="admin" /><property name="expected" value="allowed" /><property name="status" value="400" /></properties></testcase><testcase classname="backend.tests.test_permission_matrix" name="test_every_operation_role_boundary[POST /api/admin-panel/clinics/-super_admin]" time="0.088"><properties><property name="endpoint" value="/api/admin-panel/clinics/" /><property name="method" value="POST" /><property name="role" value="super_admin" /><property name="expected" value="allowed" /><property name="status" value="400" /></properties></testcase><testcase classname="backend.tests.test_permission_matrix" name="test_every_operation_role_boundary[DELETE /api/admin-panel/clinics/{pk}/-anonymous]" time="0.075"><properties><property name="endpoint" value="/api/admin-panel/clinics/{pk}/" /><property name="method" value="DELETE" /><property name="role" value="anonymous" /><property name="expected" value="denied" /><property name="status" value="401" /></properties></testcase><testcase classname="backend.tests.test_permission_matrix" name="test_every_operation_role_boundary[DELETE /api/admin-panel/clinics/{pk}/-patient]" time="0.082"><properties><property name="endpoint" value="/api/admin-panel/clinics/{pk}/" /><property name="method" value="DELETE" /><property name="role" value="patient" /><property name="expected" value="denied" /><property name="status" value="403" /></properties></testcase><testcase classname="backend.tests.test_permission_matrix" name="test_every_operation_role_boundary[DELETE /api/admin-panel/clinics/{pk}/-doctor]" time="0.085"><properties><property name="endpoint" value="/api/admin-panel/clinics/{pk}/" /><property name="method" value="DELETE" /><property name="role" value="doctor" /><property name="expected" value="denied" /><property name="status" value="403" /></properties></testcase><testcase classname="backend.tests.test_permission_matrix" name="test_every_operation_role_boundary[DELETE /api/admin-panel/clinics/{pk}/-clinic_owner]" time="0.085"><properties><property name="endpoint" value="/api/admin-panel/clinics/{pk}/" /><property name="method" value="DELETE" /><property name="role" value="clinic_owner" /><property name="expected" value="denied" /><property name="status" value="403" /></properties></testcase><testcase classname="backend.tests.test_permission_matrix" name="test_every_operation_role_boundary[DELETE /api/admin-panel/clinics/{pk}/-admin]" time="0.088"><properties><property name="endpoint" value="/api/admin-panel/clinics/{pk}/" /><property name="method" value="DELETE" /><property name="role" value="admin" /><property name="expected" value="allowed" /><property name="status" value="404" /></properties></testcase><testcase classname="backend.tests.test_permission_matrix" name="test_every_operation_role_boundary[DELETE /api/admin-panel/clinics/{pk}/-super_admin]" time="0.083"><properties><property name="endpoint" value="/api/admin-panel/clinics/{pk}/" /><property name="method" value="DELETE" /><property name="role" value="super_admin" /><property name="expected" value="allowed" /><property name="status" value="404" /></properties></testcase><testcase classname="backend.tests.test_permission_matrix" name="test_every_operation_role_boundary[GET /api/admin-panel/clinics/{pk}/-anonymous]" time="0.072"><properties><property name="endpoint" value="/api/admin-panel/clinics/{pk}/" /><property name="method" value="GET" /><property name="role" value="anonymous" /><property name="expected" value="denied" /><property name="status" value="401" /></properties></testcase><testcase classname="backend.tests.test_permission_matrix" name="test_every_operation_role_boundary[GET /api/admin-panel/clinics/{pk}/-patient]" time="0.084"><properties><property name="endpoint" value="/api/admin-panel/clinics/{pk}/" /><property name="method" value="GET" /><property name="role" value="patient" /><property name="expected" value="denied" /><property name="status" value="403" /></properties></testcase><testcase classname="backend.tests.test_permission_matrix" name="test_every_operation_role_boundary[GET /api/admin-panel/clinics/{pk}/-doctor]" time="0.082"><properties><property name="endpoint" value="/api/admin-panel/clinics/{pk}/" /><property name="method" value="GET" /><property name="role" value="doctor" /><property name="expected" value="denied" /><property name="status" value="403" /></properties></testcase><testcase classname="backend.tests.test_permission_matrix" name="test_every_operation_role_boundary[GET /api/admin-panel/clinics/{pk}/-clinic_owner]" time="0.061"><properties><property name="endpoint" value="/api/admin-panel/clinics/{pk}/" /><property name="method" value="GET" /><property name="role" value="clinic_owner" /><property name="expected" value="denied" /><property name="status" value="403" /></properties></testcase><testcase classname="backend.tests.test_permission_matrix" name="test_every_operation_role_boundary[GET /api/admin-panel/clinics/{pk}/-admin]" time="0.085"><properties><property name="endpoint" value="/api/admin-panel/clinics/{pk}/" /><property name="method" value="GET" /><property name="role" value="admin" /><property name="expected" value="allowed" /><property name="status" value="404" /></properties></testcase><testcase classname="backend.tests.test_permission_matrix" name="test_every_operation_role_boundary[GET /api/admin-panel/clinics/{pk}/-super_admin]" time="0.086"><properties><property name="endpoint" value="/api/admin-panel/clinics/{pk}/" /><property name="method" value="GET" /><property name="role" value="super_admin" /><property name="expected" value="allowed" /><property name="status" value="404" /></properties></testcase><testcase classname="backend.tests.test_permission_matrix" name="test_every_operation_role_boundary[PATCH /api/admin-panel/clinics/{pk}/-anonymous]" time="0.076"><properties><property name="endpoint" value="/api/admin-panel/clinics/{pk}/" /><property name="method" value="PATCH" /><property name="role" value="anonymous" /><property name="expected" value="denied" /><property name="status" value="401" /></properties></testcase><testcase classname="backend.tests.test_permission_matrix" name="test_every_operation_role_boundary[PATCH /api/admin-panel/clinics/{pk}/-patient]" time="0.082"><properties><property name="endpoint" value="/api/admin-panel/clinics/{pk}/" /><property name="method" value="PATCH" /><property name="role" v
[...]
2"><properties><property name="endpoint" value="/api/v1/waitlists/{pk}/cancel/" /><property name="method" value="POST" /><property name="role" value="super_admin" /><property name="expected" value="denied" /><property name="status" value="403" /></properties></testcase><testcase classname="backend.tests.test_permission_matrix" name="test_every_operation_role_boundary[POST /api/v1/waitlists/{pk}/mark-booked/-anonymous]" time="0.040"><properties><property name="endpoint" value="/api/v1/waitlists/{pk}/mark-booked/" /><property name="method" value="POST" /><property name="role" value="anonymous" /><property name="expected" value="denied" /><property name="status" value="401" /></properties></testcase><testcase classname="backend.tests.test_permission_matrix" name="test_every_operation_role_boundary[POST /api/v1/waitlists/{pk}/mark-booked/-patient]" time="0.068"><properties><property name="endpoint" value="/api/v1/waitlists/{pk}/mark-booked/" /><property name="method" value="POST" /><property name="role" value="patient" /><property name="expected" value="allowed" /><property name="status" value="404" /></properties></testcase><testcase classname="backend.tests.test_permission_matrix" name="test_every_operation_role_boundary[POST /api/v1/waitlists/{pk}/mark-booked/-doctor]" time="0.040"><properties><property name="endpoint" value="/api/v1/waitlists/{pk}/mark-booked/" /><property name="method" value="POST" /><property name="role" value="doctor" /><property name="expected" value="denied" /><property name="status" value="403" /></properties></testcase><testcase classname="backend.tests.test_permission_matrix" name="test_every_operation_role_boundary[POST /api/v1/waitlists/{pk}/mark-booked/-clinic_owner]" time="0.041"><properties><property name="endpoint" value="/api/v1/waitlists/{pk}/mark-booked/" /><property name="method" value="POST" /><property name="role" value="clinic_owner" /><property name="expected" value="denied" /><property name="status" value="403" /></properties></testcase><testcase classname="backend.tests.test_permission_matrix" name="test_every_operation_role_boundary[POST /api/v1/waitlists/{pk}/mark-booked/-admin]" time="0.049"><properties><property name="endpoint" value="/api/v1/waitlists/{pk}/mark-booked/" /><property name="method" value="POST" /><property name="role" value="admin" /><property name="expected" value="denied" /><property name="status" value="403" /></properties></testcase><testcase classname="backend.tests.test_permission_matrix" name="test_every_operation_role_boundary[POST /api/v1/waitlists/{pk}/mark-booked/-super_admin]" time="0.056"><properties><property name="endpoint" value="/api/v1/waitlists/{pk}/mark-booked/" /><property name="method" value="POST" /><property name="role" value="super_admin" /><property name="expected" value="denied" /><property name="status" value="403" /></properties></testcase><testcase classname="backend.tests.test_permission_matrix" name="test_every_operation_role_boundary[GET /api/waitlists/-anonymous]" time="0.046"><properties><property name="endpoint" value="/api/waitlists/" /><property name="method" value="GET" /><property name="role" value="anonymous" /><property name="expected" value="denied" /><property name="status" value="401" /></properties></testcase><testcase classname="backend.tests.test_permission_matrix" name="test_every_operation_role_boundary[GET /api/waitlists/-patient]" time="0.056"><properties><property name="endpoint" value="/api/waitlists/" /><property name="method" value="GET" /><property name="role" value="patient" /><property name="expected" value="allowed" /><property name="status" value="200" /></properties></testcase><testcase classname="backend.tests.test_permission_matrix" name="test_every_operation_role_boundary[GET /api/waitlists/-doctor]" time="0.053"><properties><property name="endpoint" value="/api/waitlists/" /><property name="method" value="GET" /><property name="role" value="doctor" /><property name="expected" value="denied" /><property name="status" value="403" /></properties></testcase><testcase classname="backend.tests.test_permission_matrix" name="test_every_operation_role_boundary[GET /api/waitlists/-clinic_owner]" time="0.054"><properties><property name="endpoint" value="/api/waitlists/" /><property name="method" value="GET" /><property name="role" value="clinic_owner" /><property name="expected" value="denied" /><property name="status" value="403" /></properties></testcase><testcase classname="backend.tests.test_permission_matrix" name="test_every_operation_role_boundary[GET /api/waitlists/-admin]" time="0.051"><properties><property name="endpoint" value="/api/waitlists/" /><property name="method" value="GET" /><property name="role" value="admin" /><property name="expected" value="denied" /><property name="status" value="403" /></properties></testcase><testcase classname="backend.tests.test_permission_matrix" name="test_every_operation_role_boundary[GET /api/waitlists/-super_admin]" time="0.043"><properties><property name="endpoint" value="/api/waitlists/" /><property name="method" value="GET" /><property name="role" value="super_admin" /><property name="expected" value="denied" /><property name="status" value="403" /></properties></testcase><testcase classname="backend.tests.test_permission_matrix" name="test_every_operation_role_boundary[POST /api/waitlists/-anonymous]" time="0.035"><properties><property name="endpoint" value="/api/waitlists/" /><property name="method" value="POST" /><property name="role" value="anonymous" /><property name="expected" value="denied" /><property name="status" value="401" /></properties></testcase><testcase classname="backend.tests.test_permission_matrix" name="test_every_operation_role_boundary[POST /api/waitlists/-patient]" time="0.064"><properties><property name="endpoint" value="/api/waitlists/" /><property name="method" value="POST" /><property name="role" value="patient" /><property name="expected" value="allowed" /><property name="status" value="400" /></properties></testcase><testcase classname="backend.tests.test_permission_matrix" name="test_every_operation_role_boundary[POST /api/waitlists/-doctor]" time="0.064"><properties><property name="endpoint" value="/api/waitlists/" /><property name="method" value="POST" /><property name="role" value="doctor" /><property name="expected" value="denied" /><property name="status" value="403" /></properties></testcase><testcase classname="backend.tests.test_permission_matrix" name="test_every_operation_role_boundary[POST /api/waitlists/-clinic_owner]" time="0.077"><properties><property name="endpoint" value="/api/waitlists/" /><property name="method" value="POST" /><property name="role" value="clinic_owner" /><property name="expected" value="denied" /><property name="status" value="403" /></properties></testcase><testcase classname="backend.tests.test_permission_matrix" name="test_every_operation_role_boundary[POST /api/waitlists/-admin]" time="0.081"><properties><property name="endpoint" value="/api/waitlists/" /><property name="method" value="POST" /><property name="role" value="admin" /><property name="expected" value="denied" /><property name="status" value="403" /></properties></testcase><testcase classname="backend.tests.test_permission_matrix" name="test_every_operation_role_boundary[POST /api/waitlists/-super_admin]" time="0.080"><properties><property name="endpoint" value="/api/waitlists/" /><property name="method" value="POST" /><property name="role" value="super_admin" /><property name="expected" value="denied" /><property name="status" value="403" /></properties></testcase><testcase classname="backend.tests.test_permission_matrix" name="test_every_operation_role_boundary[GET /api/waitlists/{pk}/-anonymous]" time="0.048"><properties><property name="endpoint" value="/api/waitlists/{pk}/" /><property name="method" value="GET" /><property name="role" value="anonymous" /><property name="expected" value="denied" /><property name="status" value="401" /></properties></testcase><testcase classname="backend.tests.test_permission_matrix" name="test_every_operation_role_boundary[GET /api/waitlists/{pk}/-patient]" time="0.062"><properties><property name="endpoint" value="/api/waitlists/{pk}/" /><property name="method" value="GET" /><property name="role" value="patient" /><property name="expected" value="allowed" /><property name="status" value="404" /></properties></testcase><testcase classname="backend.tests.test_permission_matrix" name="test_every_operation_role_boundary[GET /api/waitlists/{pk}/-doctor]" time="0.067"><properties><property name="endpoint" value="/api/waitlists/{pk}/" /><property name="method" value="GET" /><property name="role" value="doctor" /><property name="expected" value="denied" /><property name="status" value="403" /></properties></testcase><testcase classname="backend.tests.test_permission_matrix" name="test_every_operation_role_boundary[GET /api/waitlists/{pk}/-clinic_owner]" time="0.083"><properties><property name="endpoint" value="/api/waitlists/{pk}/" /><property name="method" value="GET" /><property name="role" value="clinic_owner" /><property name="expected" value="denied" /><property name="status" value="403" /></properties></testcase><testcase classname="backend.tests.test_permission_matrix" name="test_every_operation_role_boundary[GET /api/waitlists/{pk}/-admin]" time="0.090"><properties><property name="endpoint" value="/api/waitlists/{pk}/" /><property name="method" value="GET" /><property name="role" value="admin" /><property name="expected" value="denied" /><property name="status" value="403" /></properties></testcase><testcase classname="backend.tests.test_permission_matrix" name="test_every_operation_role_boundary[GET /api/waitlists/{pk}/-super_admin]" time="0.084"><properties><property name="endpoint" value="/api/waitlists/{pk}/" /><property name="method" value="GET" /><property name="role" value="super_admin" /><property name="expected" value="denied" /><property name="status" value="403" /></properties></testcase><testcase classname="backend.tests.test_permission_matrix" name="test_every_operation_role_boundary[POST /api/waitlists/{pk}/cancel/-anonymous]" time="0.075"><properties><property name="endpoint" value="/api/waitlists/{pk}/cancel/" /><property name="method" value="POST" /><property name="role" value="anonymous" /><property name="expected" value="denied" /><property name="status" value="401" /></properties></testcase><testcase classname="backend.tests.test_permission_matrix" name="test_every_operation_role_boundary[POST /api/waitlists/{pk}/cancel/-patient]" time="0.084"><properties><property name="endpoint" value="/api/waitlists/{pk}/cancel/" /><property name="method" value="POST" /><property name="role" value="patient" /><property name="expected" value="allowed" /><property name="status" value="404" /></properties></testcase><testcase classname="backend.tests.test_permission_matrix" name="test_every_operation_role_boundary[POST /api/waitlists/{pk}/cancel/-doctor]" time="0.081"><properties><property name="endpoint" value="/api/waitlists/{pk}/cancel/" /><property name="method" value="POST" /><property name="role" value="doctor" /><property name="expected" value="denied" /><property name="status" value="403" /></properties></testcase><testcase classname="backend.tests.test_permission_matrix" name="test_every_operation_role_boundary[POST /api/waitlists/{pk}/cancel/-clinic_owner]" time="0.076"><properties><property name="endpoint" value="/api/waitlists/{pk}/cancel/" /><property name="method" value="POST" /><property name="role" value="clinic_owner" /><property name="expected" value="denied" /><property name="status" value="403" /></properties></testcase><testcase classname="backend.tests.test_permission_matrix" name="test_every_operation_role_boundary[POST /api/waitlists/{pk}/cancel/-admin]" time="0.079"><properties><property name="endpoint" value="/api/waitlists/{pk}/cancel/" /><property name="method" value="POST" /><property name="role" value="admin" /><property name="expected" value="denied" /><property name="status" value="403" /></properties></testcase><testcase classname="backend.tests.test_permission_matrix" name="test_every_operation_role_boundary[POST /api/waitlists/{pk}/cancel/-super_admin]" time="0.082"><properties><property name="endpoint" value="/api/waitlists/{pk}/cancel/" /><property name="method" value="POST" /><property name="role" value="super_admin" /><property name="expected" value="denied" /><property name="status" value="403" /></properties></testcase><testcase classname="backend.tests.test_permission_matrix" name="test_every_operation_role_boundary[POST /api/waitlists/{pk}/mark-booked/-anonymous]" time="0.073"><properties><property name="endpoint" value="/api/waitlists/{pk}/mark-booked/" /><property name="method" value="POST" /><property name="role" value="anonymous" /><property name="expected" value="denied" /><property name="status" value="401" /></properties></testcase><testcase classname="backend.tests.test_permission_matrix" name="test_every_operation_role_boundary[POST /api/waitlists/{pk}/mark-booked/-patient]" time="0.085"><properties><property name="endpoint" value="/api/waitlists/{pk}/mark-booked/" /><property name="method" value="POST" /><property name="role" value="patient" /><property name="expected" value="allowed" /><property name="status" value="404" /></properties></testcase><testcase classname="backend.tests.test_permission_matrix" name="test_every_operation_role_boundary[POST /api/waitlists/{pk}/mark-booked/-doctor]" time="0.077"><properties><property name="endpoint" value="/api/waitlists/{pk}/mark-booked/" /><property name="method" value="POST" /><property name="role" value="doctor" /><property name="expected" value="denied" /><property name="status" value="403" /></properties></testcase><testcase classname="backend.tests.test_permission_matrix" name="test_every_operation_role_boundary[POST /api/waitlists/{pk}/mark-booked/-clinic_owner]" time="0.084"><properties><property name="endpoint" value="/api/waitlists/{pk}/mark-booked/" /><property name="method" value="POST" /><property name="role" value="clinic_owner" /><property name="expected" value="denied" /><property name="status" value="403" /></properties></testcase><testcase classname="backend.tests.test_permission_matrix" name="test_every_operation_role_boundary[POST /api/waitlists/{pk}/mark-booked/-admin]" time="0.085"><properties><property name="endpoint" value="/api/waitlists/{pk}/mark-booked/" /><property name="method" value="POST" /><property name="role" value="admin" /><property name="expected" value="denied" /><property name="status" value="403" /></properties></testcase><testcase classname="backend.tests.test_permission_matrix" name="test_every_operation_role_boundary[POST /api/waitlists/{pk}/mark-booked/-super_admin]" time="0.085"><properties><property name="endpoint" value="/api/waitlists/{pk}/mark-booked/" /><property name="method" value="POST" /><property name="role" value="super_admin" /><property name="expected" value="denied" /><property name="status" value="403" /></properties></testcase><testcase classname="backend.tests.test_permissions" name="test_patient_and_owner_isolation" time="0.173" /><testcase classname="backend.tests.test_permissions" name="test_doctor_ownership_and_status_transitions" time="0.235" /><testcase classname="backend.tests.test_permissions" name="test_only_super_admin_manages_admins" time="0.098" /><testcase classname="backend.tests.test_permissions" name="test_owner_create_doctor_cannot_verify" time="0.097" /><testcase classname="backend.tests.test_phone_otp" name="test_request_and_verify_login_returns_jwt" time="0.046" /><testcase classname="backend.tests.test_phone_otp" name="test_register_phone_creates_verified_patient_without_password" time="0.046" /><testcase classname="backend.tests.test_phone_otp" name="test_invalid_phone_wrong_expired_and_attempt_limit" time="0.103" /><testcase classname="backend.tests.test_phone_otp" name="test_resend_invalidates_previous_code" time="0.046" /><testcase classname="backend.tests.test_phone_otp" name="test_telegram_link_requires_own_contact_and_link_for_otp" time="0.188" /><testcase classname="backend.tests.test_phone_otp" name="test_sms_registration_attaches_prelinked_telegram_contact" time="0.051" /><testcase classname="backend.tests.test_phone_otp" name="test_password_auth_disabled_and_booking_survives_phone_login" time="0.124" /><testcase classname="backend.tests.test_phone_otp" name="test_staff_roles_keep_panel_access_after_phone_otp[doctor_user-+998901234580-/api/v1/doctor-panel/dashboard/]" time="0.125" /><testcase classname="backend.tests.test_phone_otp" name="test_staff_roles_keep_panel_access_after_phone_otp[owner-+998901234581-/api/v1/clinic-owner/dashboard/]" time="0.115" /><testcase classname="backend.tests.test_phone_otp" name="test_staff_roles_keep_panel_access_after_phone_otp[admin-+998901234582-/api/v1/admin-panel/dashboard/]" time="0.120" /><testcase classname="backend.tests.test_phone_otp" name="test_staff_roles_keep_panel_access_after_phone_otp[superadmin-+998901234583-/api/v1/admin-panel/dashboard/]" time="0.114" /><testcase classname="backend.tests.test_phone_otp" name="test_unknown_login_requests_are_generic_and_rate_limited_by_phone" time="0.038" /><testcase classname="backend.tests.test_responses" name="test_production_500_and_404_are_sanitized_json" time="0.013" /><testcase classname="backend.tests.test_responses" name="test_paginated_envelopes" time="0.183" /><testcase classname="backend.tests.test_responses" name="test_malformed_json_and_unsupported_methods" time="0.083" /><testcase classname="backend.tests.test_responses" name="test_health_database_failure_is_sanitized" time="0.009" /><testcase classname="backend.tests.test_responses" name="test_documentation_is_accessible_and_bot_security_is_declared" time="0.848" /><testcase classname="backend.tests.test_responses" name="test_inventory_matches_export_and_postman_contains_every_operation" time="0.074" /><testcase classname="backend.tests.test_reviews" name="test_only_completed_bookings_reviewable[pending]" time="0.078" /><testcase classname="backend.tests.test_reviews" name="test_only_completed_bookings_reviewable[confirmed]" time="0.112" /><testcase classname="backend.tests.test_reviews" name="test_only_completed_bookings_reviewable[waiting]" time="0.108" /><testcase classname="backend.tests.test_reviews" name="test_only_completed_bookings_reviewable[in_progress]" time="0.075" /><testcase classname="backend.tests.test_reviews" name="test_only_completed_bookings_reviewable[cancelled]" time="0.060" /><testcase classname="backend.tests.test_reviews" name="test_only_completed_bookings_reviewable[rejected]" time="0.086" /><testcase classname="backend.tests.test_reviews" name="test_only_completed_bookings_reviewable[no_show]" time="0.069" /><testcase classname="backend.tests.test_reviews" name="test_review_ownership_and_moderation_delete" time="0.138" /><testcase classname="backend.tests.test_telegram" name="test_telegram_ownership_and_shared_panels" time="0.328" /><testcase classname="backend.tests.test_waitlist_integration" name="test_waitlist_uses_server_slots_and_duplicate_is_rejected" time="0.166" /><testcase classname="backend.tests.test_waitlist_integration" name="test_waitlist_is_private_and_patient_only" time="0.148" /><testcase classname="backend.tests.test_waitlist_integration" name="test_waitlist_validates_date_clinic_and_booking" time="0.165" /><testcase classname="backend.tests.test_waitlist_integration" name="test_waitlist_cancel_and_rejoin" time="0.149" /><testcase classname="backend.tests.test_booking" name="test_concurrent_double_booking" time="0.739" /><testcase classname="backend.tests.test_double_booking" name="test_two_patients_race_through_http_api[create]" time="0.987" /><testcase classname="backend.tests.test_double_booking" name="test_two_patients_race_through_http_api[reschedule]" time="1.108" /></testsuite></testsuites>