<?xml version="1.0" encoding="UTF-8"?>
<testsuites name="DocNear — Full API QA" tests="24" time="1.481">
  <testsuite name="00 End-to-end booking verification / Request phone OTP for patient" id="fbdd8e69-d95e-4ddd-9d7a-69102f4797c3" timestamp="2026-09-12T17:41:42.135Z" tests="2" failures="0" errors="0" time="0.042">
    <testcase name="Expected HTTP status" time="0.042" classname="00EndToEndBookingVerificationRequestPhoneOtpForPatient"/>
    <testcase name="Response envelope" time="0.042" classname="00EndToEndBookingVerificationRequestPhoneOtpForPatient"/>
  </testsuite>
  <testsuite name="00 End-to-end booking verification / Verify phone OTP for patient" id="e22ca03e-1861-4465-b86c-6d8d6759aca4" timestamp="2026-09-12T17:41:42.135Z" tests="2" failures="0" errors="0" time="0.058">
    <testcase name="Expected HTTP status" time="0.058" classname="00EndToEndBookingVerificationVerifyPhoneOtpForPatient"/>
    <testcase name="Response envelope" time="0.058" classname="00EndToEndBookingVerificationVerifyPhoneOtpForPatient"/>
  </testsuite>
  <testsuite name="00 End-to-end booking verification / Request phone OTP for patient_b" id="c99bf4b3-d945-4a0d-a3bb-4fb646fa29a8" timestamp="2026-09-12T17:41:42.135Z" tests="2" failures="0" errors="0" time="0.057">
    <testcase name="Expected HTTP status" time="0.057" classname="00EndToEndBookingVerificationRequestPhoneOtpForPatientB"/>
    <testcase name="Response envelope" time="0.057" classname="00EndToEndBookingVerificationRequestPhoneOtpForPatientB"/>
  </testsuite>
  <testsuite name="00 End-to-end booking verification / Verify phone OTP for patient_b" id="bd98e69a-bb86-4703-b364-efd6299af2e1" timestamp="2026-09-12T17:41:42.135Z" tests="2" failures="0" errors="0" time="0.055">
    <testcase name="Expected HTTP status" time="0.055" classname="00EndToEndBookingVerificationVerifyPhoneOtpForPatientB"/>
    <testcase name="Response envelope" time="0.055" classname="00EndToEndBookingVerificationVerifyPhoneOtpForPatientB"/>
  </testsuite>
  <testsuite name="00 End-to-end booking verification / Request phone OTP for doctor" id="1a395fff-fd4f-4321-83a6-eb1910fa8dfe" timestamp="2026-09-12T17:41:42.135Z" tests="2" failures="0" errors="0" time="0.055">
    <testcase name="Expected HTTP status" time="0.055" classname="00EndToEndBookingVerificationRequestPhoneOtpForDoctor"/>
    <testcase name="Response envelope" time="0.055" classname="00EndToEndBookingVerificationRequestPhoneOtpForDoctor"/>
  </testsuite>
  <testsuite name="00 End-to-end booking verification / Verify phone OTP for doctor" id="7a95b2fd-9c69-4c5a-9346-d874abe20059" timestamp="2026-09-12T17:41:42.135Z" tests="2" failures="0" errors="0" time="0.056">
    <testcase name="Expected HTTP status" time="0.056" classname="00EndToEndBookingVerificationVerifyPhoneOtpForDoctor"/>
    <testcase name="Response envelope" time="0.056" classname="00EndToEndBookingVerificationVerifyPhoneOtpForDoctor"/>
  </testsuite>
  <testsuite name="00 End-to-end booking verification / Request phone OTP for clinic_owner" id="fd4dea52-287d-4075-9a19-e924022d3d6d" timestamp="2026-09-12T17:41:42.135Z" tests="2" failures="0" errors="0" time="0.055">
    <testcase name="Expected HTTP status" time="0.055" classname="00EndToEndBookingVerificationRequestPhoneOtpForClinicOwner"/>
    <testcase name="Response envelope" time="0.055" classname="00EndToEndBookingVerificationRequestPhoneOtpForClinicOwner"/>
  </testsuite>
  <testsuite name="00 End-to-end booking verification / Verify phone OTP for clinic_owner" id="c68ef216-7823-4847-a7a8-0680b3c4d04c" timestamp="2026-09-12T17:41:42.135Z" tests="2" failures="0" errors="0" time="0.057">
    <testcase name="Expected HTTP status" time="0.057" classname="00EndToEndBookingVerificationVerifyPhoneOtpForClinicOwner"/>
    <testcase name="Response envelope" time="0.057" classname="00EndToEndBookingVerificationVerifyPhoneOtpForClinicOwner"/>
  </testsuite>
  <testsuite name="00 End-to-end booking verification / Request phone OTP for admin" id="81404d47-04d7-4f36-ad2d-72ed936a5208" timestamp="2026-09-12T17:41:42.135Z" tests="2" failures="0" errors="0" time="0.055">
    <testcase name="Expected HTTP status" time="0.055" classname="00EndToEndBookingVerificationRequestPhoneOtpForAdmin"/>
    <testcase name="Response envelope" time="0.055" classname="00EndToEndBookingVerificationRequestPhoneOtpForAdmin"/>
  </testsuite>
  <testsuite name="00 End-to-end booking verification / Verify phone OTP for admin" id="16d1df00-b775-4334-8c28-f3317bcbc6f9" timestamp="2026-09-12T17:41:42.135Z" tests="2" failures="0" errors="0" time="0.060">
    <testcase name="Expected HTTP status" time="0.060" classname="00EndToEndBookingVerificationVerifyPhoneOtpForAdmin"/>
    <testcase name="Response envelope" time="0.060" classname="00EndToEndBookingVerificationVerifyPhoneOtpForAdmin"/>
  </testsuite>
  <testsuite name="00 End-to-end booking verification / Request phone OTP for super_admin" id="40d4d85e-91f3-40e1-8e90-d808c2325c2f" timestamp="2026-09-12T17:41:42.135Z" tests="2" failures="0" errors="0" time="0.056">
    <testcase name="Expected HTTP status" time="0.056" classname="00EndToEndBookingVerificationRequestPhoneOtpForSuperAdmin"/>
    <testcase name="Response envelope" time="0.056" classname="00EndToEndBookingVerificationRequestPhoneOtpForSuperAdmin"/>
  </testsuite>
  <testsuite name="00 End-to-end booking verification / Verify phone OTP for super_admin" id="133624f7-1de2-4fba-a6a4-13685dbcce0c" timestamp="2026-09-12T17:41:42.135Z" tests="2" failures="0" errors="0" time="0.057">
    <testcase name="Expected HTTP status" time="0.057" classname="00EndToEndBookingVerificationVerifyPhoneOtpForSuperAdmin"/>
    <testcase name="Response envelope" time="0.057" classname="00EndToEndBookingVerificationVerifyPhoneOtpForSuperAdmin"/>
  </testsuite>
  <testsuite name="00 End-to-end booking verification / Find nearby QA clinic" id="b20f1ca6-b0d8-4960-b0ce-ef1c070d0b81" timestamp="2026-09-12T17:41:42.135Z" tests="3" failures="0" errors="0" time="0.089">
    <testcase name="Expected HTTP status" time="0.089" classname="00EndToEndBookingVerificationFindNearbyQaClinic"/>
    <testcase name="Response envelope" time="0.089" classname="00EndToEndBookingVerificationFindNearbyQaClinic"/>
    <testcase name="Seeded clinic is nearby" time="0.089" classname="00EndToEndBookingVerificationFindNearbyQaClinic"/>
  </testsuite>
  <testsuite name="00 End-to-end booking verification / Select the doctor at the clinic" id="52c6ec17-b91f-4066-a797-f2f19af8ff68" timestamp="2026-09-12T17:41:42.135Z" tests="3" failures="0" errors="0" time="0.073">
    <testcase name="Expected HTTP status" time="0.073" classname="00EndToEndBookingVerificationSelectTheDoctorAtTheClinic"/>
    <testcase name="Response envelope" time="0.073" classname="00EndToEndBookingVerificationSelectTheDoctorAtTheClinic"/>
    <testcase name="Doctor belongs to clinic" time="0.073" classname="00EndToEndBookingVerificationSelectTheDoctorAtTheClinic"/>
  </testsuite>
  <testsuite name="00 End-to-end booking verification / Choose a real available slot" id="1cc251e8-f92d-4f74-9134-ca040e2dff7e" timestamp="2026-09-12T17:41:42.135Z" tests="3" failures="0" errors="0" time="0.067">
    <testcase name="Expected HTTP status" time="0.067" classname="00EndToEndBookingVerificationChooseARealAvailableSlot"/>
    <testcase name="Response envelope" time="0.067" classname="00EndToEndBookingVerificationChooseARealAvailableSlot"/>
    <testcase name="At least one slot is available" time="0.067" classname="00EndToEndBookingVerificationChooseARealAvailableSlot"/>
  </testsuite>
  <testsuite name="00 End-to-end booking verification / Patient requests appointment" id="cb57b581-e764-431c-a462-7fe40d5a7863" timestamp="2026-09-12T17:41:42.135Z" tests="3" failures="0" errors="0" time="0.094">
    <testcase name="Expected HTTP status" time="0.094" classname="00EndToEndBookingVerificationPatientRequestsAppointment"/>
    <testcase name="Response envelope" time="0.094" classname="00EndToEndBookingVerificationPatientRequestsAppointment"/>
    <testcase name="Booking ID is generated" time="0.094" classname="00EndToEndBookingVerificationPatientRequestsAppointment"/>
  </testsuite>
  <testsuite name="00 End-to-end booking verification / Doctor sees pending booking" id="4616638c-a961-47c8-b329-c5847e780ebe" timestamp="2026-09-12T17:41:42.135Z" tests="3" failures="0" errors="0" time="0.054">
    <testcase name="Expected HTTP status" time="0.054" classname="00EndToEndBookingVerificationDoctorSeesPendingBooking"/>
    <testcase name="Response envelope" time="0.054" classname="00EndToEndBookingVerificationDoctorSeesPendingBooking"/>
    <testcase name="Pending" time="0.054" classname="00EndToEndBookingVerificationDoctorSeesPendingBooking"/>
  </testsuite>
  <testsuite name="00 End-to-end booking verification / Doctor confirms booking" id="038edf4e-8b8c-46bb-a3da-a317faffb545" timestamp="2026-09-12T17:41:42.135Z" tests="3" failures="0" errors="0" time="0.066">
    <testcase name="Expected HTTP status" time="0.066" classname="00EndToEndBookingVerificationDoctorConfirmsBooking"/>
    <testcase name="Response envelope" time="0.066" classname="00EndToEndBookingVerificationDoctorConfirmsBooking"/>
    <testcase name="Confirmed" time="0.066" classname="00EndToEndBookingVerificationDoctorConfirmsBooking"/>
  </testsuite>
  <testsuite name="00 End-to-end booking verification / patient sees the same confirmed booking" id="46fca992-a8cf-40d9-9c79-c292c9286fbd" timestamp="2026-09-12T17:41:42.135Z" tests="3" failures="0" errors="0" time="0.059">
    <testcase name="Expected HTTP status" time="0.059" classname="00EndToEndBookingVerificationPatientSeesTheSameConfirmedBooking"/>
    <testcase name="Response envelope" time="0.059" classname="00EndToEndBookingVerificationPatientSeesTheSameConfirmedBooking"/>
    <testcase name="Shared booking and status" time="0.059" classname="00EndToEndBookingVerificationPatientSeesTheSameConfirmedBooking"/>
  </testsuite>
  <testsuite name="00 End-to-end booking verification / admin sees the same confirmed booking" id="08da3e31-9107-4dec-981c-f5ea9ee3fc63" timestamp="2026-09-12T17:41:42.135Z" tests="3" failures="0" errors="0" time="0.061">
    <testcase name="Expected HTTP status" time="0.061" classname="00EndToEndBookingVerificationAdminSeesTheSameConfirmedBooking"/>
    <testcase name="Response envelope" time="0.061" classname="00EndToEndBookingVerificationAdminSeesTheSameConfirmedBooking"/>
    <testcase name="Shared booking and status" time="0.061" classname="00EndToEndBookingVerificationAdminSeesTheSameConfirmedBooking"/>
  </testsuite>
  <testsuite name="00 End-to-end booking verification / clinic_owner sees the same confirmed booking" id="68ec9a4d-1b7d-4f24-9950-745c3b56da4e" timestamp="2026-09-12T17:41:42.135Z" tests="3" failures="0" errors="0" time="0.058">
    <testcase name="Expected HTTP status" time="0.058" classname="00EndToEndBookingVerificationClinicOwnerSeesTheSameConfirmedBooking"/>
    <testcase name="Response envelope" time="0.058" classname="00EndToEndBookingVerificationClinicOwnerSeesTheSameConfirmedBooking"/>
    <testcase name="Shared booking and status" time="0.058" classname="00EndToEndBookingVerificationClinicOwnerSeesTheSameConfirmedBooking"/>
  </testsuite>
  <testsuite name="00 End-to-end booking verification / super_admin sees the same confirmed booking" id="c3ef9fbe-682e-4a43-ac49-42a4b7eac180" timestamp="2026-09-12T17:41:42.135Z" tests="3" failures="0" errors="0" time="0.055">
    <testcase name="Expected HTTP status" time="0.055" classname="00EndToEndBookingVerificationSuperAdminSeesTheSameConfirmedBooking"/>
    <testcase name="Response envelope" time="0.055" classname="00EndToEndBookingVerificationSuperAdminSeesTheSameConfirmedBooking"/>
    <testcase name="Shared booking and status" time="0.055" classname="00EndToEndBookingVerificationSuperAdminSeesTheSameConfirmedBooking"/>
  </testsuite>
  <testsuite name="00 End-to-end booking verification / Second patient cannot double-book" id="93355692-2dc8-4eab-be36-d57c34438a20" timestamp="2026-09-12T17:41:42.135Z" tests="3" failures="0" errors="0" time="0.065">
    <testcase name="Expected HTTP status" time="0.065" classname="00EndToEndBookingVerificationSecondPatientCannotDoubleBook"/>
    <testcase name="Response envelope" time="0.065" classname="00EndToEndBookingVerificationSecondPatientCannotDoubleBook"/>
    <testcase name="Slot unavailable" time="0.065" classname="00EndToEndBookingVerificationSecondPatientCannotDoubleBook"/>
  </testsuite>
  <testsuite name="00 End-to-end booking verification / Cleanup: cancel QA booking" id="caa87153-9369-4357-afd8-fc814785047b" timestamp="2026-09-12T17:41:42.135Z" tests="2" failures="0" errors="0" time="0.077">
    <testcase name="Expected HTTP status" time="0.077" classname="00EndToEndBookingVerificationCleanupCancelQaBooking"/>
    <testcase name="Response envelope" time="0.077" classname="00EndToEndBookingVerificationCleanupCancelQaBooking"/>
  </testsuite>
</testsuites>