<?xml version="1.0" encoding="UTF-8"?>
<testsuites name="DocNear — Full API QA" tests="18" time="3.391">
  <testsuite name="00 End-to-end booking verification / Login patient" id="8416a3bf-e16b-4884-bba9-5d22c27a0a2e" timestamp="2026-09-07T04:58:28.602Z" tests="2" failures="0" errors="0" time="0.477">
    <testcase name="Expected HTTP status" time="0.477" classname="00EndToEndBookingVerificationLoginPatient"/>
    <testcase name="Response envelope" time="0.477" classname="00EndToEndBookingVerificationLoginPatient"/>
  </testsuite>
  <testsuite name="00 End-to-end booking verification / Login patient_b" id="5d0349e3-d906-45c4-bfa2-50cd73fdb60d" timestamp="2026-09-07T04:58:28.602Z" tests="2" failures="0" errors="0" time="0.395">
    <testcase name="Expected HTTP status" time="0.395" classname="00EndToEndBookingVerificationLoginPatientB"/>
    <testcase name="Response envelope" time="0.395" classname="00EndToEndBookingVerificationLoginPatientB"/>
  </testsuite>
  <testsuite name="00 End-to-end booking verification / Login doctor" id="ed77b392-9f73-4b28-a358-5ca6c29cb0e7" timestamp="2026-09-07T04:58:28.602Z" tests="2" failures="0" errors="0" time="0.366">
    <testcase name="Expected HTTP status" time="0.366" classname="00EndToEndBookingVerificationLoginDoctor"/>
    <testcase name="Response envelope" time="0.366" classname="00EndToEndBookingVerificationLoginDoctor"/>
  </testsuite>
  <testsuite name="00 End-to-end booking verification / Login clinic_owner" id="57959b52-1b83-445c-9189-a80a739efd93" timestamp="2026-09-07T04:58:28.602Z" tests="2" failures="0" errors="0" time="0.564">
    <testcase name="Expected HTTP status" time="0.564" classname="00EndToEndBookingVerificationLoginClinicOwner"/>
    <testcase name="Response envelope" time="0.564" classname="00EndToEndBookingVerificationLoginClinicOwner"/>
  </testsuite>
  <testsuite name="00 End-to-end booking verification / Login admin" id="f76ed156-882a-4781-99ab-9b95d9c51b78" timestamp="2026-09-07T04:58:28.602Z" tests="2" failures="0" errors="0" time="0.383">
    <testcase name="Expected HTTP status" time="0.383" classname="00EndToEndBookingVerificationLoginAdmin"/>
    <testcase name="Response envelope" time="0.383" classname="00EndToEndBookingVerificationLoginAdmin"/>
  </testsuite>
  <testsuite name="00 End-to-end booking verification / Login super_admin" id="2be6d2dd-ce69-4124-a90a-374ad62f4695" timestamp="2026-09-07T04:58:28.602Z" tests="2" failures="0" errors="0" time="0.422">
    <testcase name="Expected HTTP status" time="0.422" classname="00EndToEndBookingVerificationLoginSuperAdmin"/>
    <testcase name="Response envelope" time="0.422" classname="00EndToEndBookingVerificationLoginSuperAdmin"/>
  </testsuite>
  <testsuite name="00 End-to-end booking verification / Find nearby QA clinic" id="dcaf1274-a590-4e09-9721-72fbb28948a1" timestamp="2026-09-07T04:58:28.602Z" tests="3" failures="0" errors="0" time="0.082">
    <testcase name="Expected HTTP status" time="0.082" classname="00EndToEndBookingVerificationFindNearbyQaClinic"/>
    <testcase name="Response envelope" time="0.082" classname="00EndToEndBookingVerificationFindNearbyQaClinic"/>
    <testcase name="Seeded clinic is nearby" time="0.082" classname="00EndToEndBookingVerificationFindNearbyQaClinic"/>
  </testsuite>
  <testsuite name="00 End-to-end booking verification / Select the doctor at the clinic" id="c3e18fcf-f7b1-4e6a-a478-cdbbcc283fe2" timestamp="2026-09-07T04:58:28.602Z" tests="3" failures="0" errors="0" time="0.046">
    <testcase name="Expected HTTP status" time="0.046" classname="00EndToEndBookingVerificationSelectTheDoctorAtTheClinic"/>
    <testcase name="Response envelope" time="0.046" classname="00EndToEndBookingVerificationSelectTheDoctorAtTheClinic"/>
    <testcase name="Doctor belongs to clinic" time="0.046" classname="00EndToEndBookingVerificationSelectTheDoctorAtTheClinic"/>
  </testsuite>
  <testsuite name="00 End-to-end booking verification / Choose a real available slot" id="8e9f9b10-18c4-4da6-8f77-5927e3bc5ea3" timestamp="2026-09-07T04:58:28.602Z" tests="3" failures="0" errors="0" time="0.078">
    <testcase name="Expected HTTP status" time="0.078" classname="00EndToEndBookingVerificationChooseARealAvailableSlot"/>
    <testcase name="Response envelope" time="0.078" classname="00EndToEndBookingVerificationChooseARealAvailableSlot"/>
    <testcase name="At least one slot is available" time="0.078" classname="00EndToEndBookingVerificationChooseARealAvailableSlot"/>
  </testsuite>
  <testsuite name="00 End-to-end booking verification / Patient requests appointment" id="5a04102d-6e63-4dd9-a4a1-67419e45024d" timestamp="2026-09-07T04:58:28.602Z" tests="3" failures="0" errors="0" time="0.080">
    <testcase name="Expected HTTP status" time="0.080" classname="00EndToEndBookingVerificationPatientRequestsAppointment"/>
    <testcase name="Response envelope" time="0.080" classname="00EndToEndBookingVerificationPatientRequestsAppointment"/>
    <testcase name="Booking ID is generated" time="0.080" classname="00EndToEndBookingVerificationPatientRequestsAppointment"/>
  </testsuite>
  <testsuite name="00 End-to-end booking verification / Doctor sees pending booking" id="f0e69a89-e3dc-4910-a058-5806fb533e86" timestamp="2026-09-07T04:58:28.602Z" tests="3" failures="0" errors="0" time="0.059">
    <testcase name="Expected HTTP status" time="0.059" classname="00EndToEndBookingVerificationDoctorSeesPendingBooking"/>
    <testcase name="Response envelope" time="0.059" classname="00EndToEndBookingVerificationDoctorSeesPendingBooking"/>
    <testcase name="Pending" time="0.059" classname="00EndToEndBookingVerificationDoctorSeesPendingBooking"/>
  </testsuite>
  <testsuite name="00 End-to-end booking verification / Doctor confirms booking" id="28bb2acf-9980-490c-b547-f0eb477eb493" timestamp="2026-09-07T04:58:28.602Z" tests="3" failures="0" errors="0" time="0.084">
    <testcase name="Expected HTTP status" time="0.084" classname="00EndToEndBookingVerificationDoctorConfirmsBooking"/>
    <testcase name="Response envelope" time="0.084" classname="00EndToEndBookingVerificationDoctorConfirmsBooking"/>
    <testcase name="Confirmed" time="0.084" classname="00EndToEndBookingVerificationDoctorConfirmsBooking"/>
  </testsuite>
  <testsuite name="00 End-to-end booking verification / patient sees the same confirmed booking" id="b3bc5268-2186-4abe-ad11-5e2681c6b1b0" timestamp="2026-09-07T04:58:28.602Z" tests="3" failures="0" errors="0" time="0.058">
    <testcase name="Expected HTTP status" time="0.058" classname="00EndToEndBookingVerificationPatientSeesTheSameConfirmedBooking"/>
    <testcase name="Response envelope" time="0.058" classname="00EndToEndBookingVerificationPatientSeesTheSameConfirmedBooking"/>
    <testcase name="Shared booking and status" time="0.058" classname="00EndToEndBookingVerificationPatientSeesTheSameConfirmedBooking"/>
  </testsuite>
  <testsuite name="00 End-to-end booking verification / admin sees the same confirmed booking" id="176a56a8-e9ef-4581-a49b-e1d16a455b84" timestamp="2026-09-07T04:58:28.602Z" tests="3" failures="0" errors="0" time="0.062">
    <testcase name="Expected HTTP status" time="0.062" classname="00EndToEndBookingVerificationAdminSeesTheSameConfirmedBooking"/>
    <testcase name="Response envelope" time="0.062" classname="00EndToEndBookingVerificationAdminSeesTheSameConfirmedBooking"/>
    <testcase name="Shared booking and status" time="0.062" classname="00EndToEndBookingVerificationAdminSeesTheSameConfirmedBooking"/>
  </testsuite>
  <testsuite name="00 End-to-end booking verification / clinic_owner sees the same confirmed booking" id="bff95002-6371-4388-b945-70e4b0bd6efa" timestamp="2026-09-07T04:58:28.602Z" tests="3" failures="0" errors="0" time="0.059">
    <testcase name="Expected HTTP status" time="0.059" classname="00EndToEndBookingVerificationClinicOwnerSeesTheSameConfirmedBooking"/>
    <testcase name="Response envelope" time="0.059" classname="00EndToEndBookingVerificationClinicOwnerSeesTheSameConfirmedBooking"/>
    <testcase name="Shared booking and status" time="0.059" classname="00EndToEndBookingVerificationClinicOwnerSeesTheSameConfirmedBooking"/>
  </testsuite>
  <testsuite name="00 End-to-end booking verification / super_admin sees the same confirmed booking" id="c70ae0e0-4979-41c7-946a-f487ea421908" timestamp="2026-09-07T04:58:28.602Z" tests="3" failures="0" errors="0" time="0.018">
    <testcase name="Expected HTTP status" time="0.018" classname="00EndToEndBookingVerificationSuperAdminSeesTheSameConfirmedBooking"/>
    <testcase name="Response envelope" time="0.018" classname="00EndToEndBookingVerificationSuperAdminSeesTheSameConfirmedBooking"/>
    <testcase name="Shared booking and status" time="0.018" classname="00EndToEndBookingVerificationSuperAdminSeesTheSameConfirmedBooking"/>
  </testsuite>
  <testsuite name="00 End-to-end booking verification / Second patient cannot double-book" id="4de9b4c1-8b9f-442b-8b8a-7bee8d34b923" timestamp="2026-09-07T04:58:28.602Z" tests="3" failures="0" errors="0" time="0.071">
    <testcase name="Expected HTTP status" time="0.071" classname="00EndToEndBookingVerificationSecondPatientCannotDoubleBook"/>
    <testcase name="Response envelope" time="0.071" classname="00EndToEndBookingVerificationSecondPatientCannotDoubleBook"/>
    <testcase name="Slot unavailable" time="0.071" classname="00EndToEndBookingVerificationSecondPatientCannotDoubleBook"/>
  </testsuite>
  <testsuite name="00 End-to-end booking verification / Cleanup: cancel QA booking" id="a1f3df91-1c9f-48e4-a48a-44ded508d776" timestamp="2026-09-07T04:58:28.602Z" tests="2" failures="0" errors="0" time="0.087">
    <testcase name="Expected HTTP status" time="0.087" classname="00EndToEndBookingVerificationCleanupCancelQaBooking"/>
    <testcase name="Response envelope" time="0.087" classname="00EndToEndBookingVerificationCleanupCancelQaBooking"/>
  </testsuite>
</testsuites>