<?xml version="1.0" encoding="utf-8"?><testsuites name="pytest tests"><testsuite name="pytest" errors="0" failures="0" skipped="0" tests="1153" time="84.590" timestamp="2026-09-07T09:57:33.373824+05:00" hostname="humoyun-ETBook"><testcase classname="backend.tests.test_admin_panel" name="test_clinic_lifecycle" file="backend/tests/test_admin_panel.py" line="11" time="2.384" /><testcase classname="backend.tests.test_admin_panel" name="test_doctor_lifecycle_and_affiliations" file="backend/tests/test_admin_panel.py" line="22" time="0.199" /><testcase classname="backend.tests.test_admin_panel" name="test_catalog_crud_icons[specialties]" file="backend/tests/test_admin_panel.py" line="35" time="0.073" /><testcase classname="backend.tests.test_admin_panel" name="test_catalog_crud_icons[services]" file="backend/tests/test_admin_panel.py" line="35" time="0.064" /><testcase classname="backend.tests.test_admin_panel" name="test_admin_patient_and_booking_access" file="backend/tests/test_admin_panel.py" line="46" time="0.183" /><testcase classname="backend.tests.test_admin_panel" name="test_owner_accounts_settings_and_logs" file="backend/tests/test_admin_panel.py" line="61" time="0.091" /><testcase classname="backend.tests.test_admin_panel" name="test_image_upload_update_delete" file="backend/tests/test_admin_panel.py" line="75" time="0.107" /><testcase classname="backend.tests.test_appointments" name="test_full_booking_flow_with_real_jwt" file="backend/tests/test_appointments.py" line="9" time="0.244" /><testcase classname="backend.tests.test_appointments" name="test_reschedule_conflict_preserves_original" file="backend/tests/test_appointments.py" line="40" time="0.179" /><testcase classname="backend.tests.test_appointments" name="test_invalid_booking[overrides0]" file="backend/tests/test_appointments.py" line="53" time="0.043" /><testcase classname="backend.tests.test_appointments" name="test_invalid_booking[overrides1]" file="backend/tests/test_appointments.py" line="53" time="0.042" /><testcase classname="backend.tests.test_appointments" name="test_invalid_booking[overrides2]" file="backend/tests/test_appointments.py" line="53" time="0.041" /><testcase classname="backend.tests.test_appointments" name="test_invalid_booking[overrides3]" file="backend/tests/test_appointments.py" line="53" time="0.043" /><testcase classname="backend.tests.test_appointments" name="test_invalid_booking[overrides4]" file="backend/tests/test_appointments.py" line="53" time="0.040" /><testcase classname="backend.tests.test_appointments" name="test_invalid_booking[overrides5]" file="backend/tests/test_appointments.py" line="53" time="0.048" /><testcase classname="backend.tests.test_appointments" name="test_invalid_booking[overrides6]" file="backend/tests/test_appointments.py" line="53" time="0.055" /><testcase classname="backend.tests.test_auth" name="test_registration_login_rotation_logout" file="backend/tests/test_auth.py" line="6" time="0.055" /><testcase classname="backend.tests.test_auth" name="test_phone_login_and_duplicate_email" file="backend/tests/test_auth.py" line="25" time="0.024" /><testcase classname="backend.tests.test_auth" name="test_profile_cannot_escalate" file="backend/tests/test_auth.py" line="31" time="0.074" /><testcase classname="backend.tests.test_auth" name="test_change_password_revokes_access" file="backend/tests/test_auth.py" line="39" time="0.085" /><testcase classname="backend.tests.test_auth" name="test_password_reset" file="backend/tests/test_auth.py" line="47" time="0.067" /><testcase classname="backend.tests.test_auth" name="test_login_every_role[patient-patient]" file="backend/tests/test_auth.py" line="57" time="0.055" /><testcase classname="backend.tests.test_auth" name="test_login_every_role[doctor-doctor_user]" file="backend/tests/test_auth.py" line="57" time="0.054" /><testcase classname="backend.tests.test_auth" name="test_login_every_role[clinic_owner-owner]" file="backend/tests/test_auth.py" line="57" time="0.052" /><testcase classname="backend.tests.test_auth" name="test_login_every_role[admin-admin]" file="backend/tests/test_auth.py" line="57" time="0.053" /><testcase classname="backend.tests.test_auth" name="test_login_every_role[super_admin-superadmin]" file="backend/tests/test_auth.py" line="57" time="0.055" /><testcase classname="backend.tests.test_auth" name="test_invalid_tokens[invalid]" file="backend/tests/test_auth.py" line="67" time="0.064" /><testcase classname="backend.tests.test_auth" name="test_invalid_tokens[expired]" file="backend/tests/test_auth.py" line="67" time="0.062" /><testcase classname="backend.tests.test_auth" name="test_invalid_tokens[wrong_signature]" file="backend/tests/test_auth.py" line="67" time="0.046" /><testcase classname="backend.tests.test_auth" name="test_invalid_tokens[refresh_as_access]" file="backend/tests/test_auth.py" line="67" time="0.065" /><testcase classname="backend.tests.test_auth" name="test_wrong_password_weak_password_and_duplicate_phone" file="backend/tests/test_auth.py" line="85" time="0.079" /><testcase classname="backend.tests.test_auth" name="test_foreign_logout_and_disabled_account_tokens" file="backend/tests/test_auth.py" line="95" time="0.083" /><testcase classname="backend.tests.test_auth" name="test_auth_throttle_still_enabled" file="backend/tests/test_auth.py" line="110" time="0.029" /><testcase classname="backend.tests.test_availability" name="test_normal_day_day_off_closed_clinic" file="backend/tests/test_availability.py" line="13" time="0.093" /><testcase classname="backend.tests.test_availability" name="test_breaks_blocks_bookings_and_buffers" file="backend/tests/test_availability.py" line="25" time="0.073" /><testcase classname="backend.tests.test_availability" name="test_daily_limit_and_clinic_hours" file="backend/tests/test_availability.py" line="36" time="0.093" /><testcase classname="backend.tests.test_availability" name="test_invalid_availability_input[params0]" file="backend/tests/test_availability.py" line="46" time="0.046" /><testcase classname="backend.tests.test_availability" name="test_invalid_availability_input[params1]" file="backend/tests/test_availability.py" line="46" time="0.043" /><testcase classname="backend.tests.test_availability" name="test_invalid_availability_input[params2]" file="backend/tests/test_availability.py" line="46" time="0.042" /><testcase classname="backend.tests.test_availability" name="test_invalid_availability_input[params3]" file="backend/tests/test_availability.py" line="46" time="0.042" /><testcase classname="backend.tests.test_availability" name="test_unrelated_clinic_and_toggle" file="backend/tests/test_availability.py" line="51" time="0.102" /><testcase classname="backend.tests.test_availability" name="test_increased_buffer_cannot_overlap_existing_visit" file="backend/tests/test_availability.py" line="63" time="0.095" /><testcase classname="backend.tests.test_booking" name="test_availability_booking_cancel_reschedule" file="backend/tests/test_booking.py" line="16" time="0.164" /><testcase classname="backend.tests.test_booking" name="test_break_buffer_and_conflicting_block" file="backend/tests/test_booking.py" line="32" time="0.121" /><testcase classname="backend.tests.test_booking" name="test_doctor_booking_flags[is_verified]" file="backend/tests/test_booking.py" line="47" time="0.048" /><testcase classname="backend.tests.test_booking" name="test_doctor_booking_flags[is_active]" file="backend/tests/test_booking.py" line="47" time="0.051" /><testcase classname="backend.tests.test_booking" name="test_doctor_booking_flags[accepts_bookings]" file="backend/tests/test_booking.py" line="47" time="0.053" /><testcase classname="backend.tests.test_booking" name="test_clinic_booking_flags[is_verified]" file="backend/tests/test_booking.py" line="55" time="0.054" /><testcase classname="backend.tests.test_booking" name="test_clinic_booking_flags[is_active]" file="backend/tests/test_booking.py" line="55" time="0.052" /><testcase classname="backend.tests.test_booking" name="test_clinic_booking_flags[is_partner]" file="backend/tests/test_booking.py" line="55" time="0.040" /><testcase classname="backend.tests.test_booking" name="test_database_excludes_overlaps" file="backend/tests/test_booking.py" line="63" time="0.052" /><testcase classname="backend.tests.test_booking" name="test_cross_clinic_overlap" file="backend/tests/test_booking.py" line="91" time="0.078" /><testcase classname="backend.tests.test_clinic_owner_panel" name="test_owner_views_updates_and_services" file="backend/tests/test_clinic_owner_panel.py" line="7" time="0.163" /><testcase classname="backend.tests.test_clinic_owner_panel" name="test_owner_schedule_change_rolls_back_conflict" file="backend/tests/test_clinic_owner_panel.py" line="22" time="0.094" /><testcase classname="backend.tests.test_clinic_owner_panel" name="test_owner_rejects_unowned_doctor_creation" file="backend/tests/test_clinic_owner_panel.py" line="33" time="0.046" /><testcase classname="backend.tests.test_clinic_owner_panel" name="test_owner_can_update_own_affiliation" file="backend/tests/test_clinic_owner_panel.py" line="38" time="0.049" /><testcase classname="backend.tests.test_clinics" name="test_visibility_every_public_path[is_active]" file="backend/tests/test_clinics.py" line="10" time="0.056" /><testcase classname="backend.tests.test_clinics" name="test_visibility_every_public_path[is_verified]" file="backend/tests/test_clinics.py" line="10" time="0.058" /><testcase classname="backend.tests.test_clinics" name="test_visibility_every_public_path[is_partner]" file="backend/tests/test_clinics.py" line="10" time="0.055" /><testcase classname="backend.tests.test_clinics" name="test_invalid_geo[params0]" file="backend/tests/test_clinics.py" line="20" time="0.036" /><testcase classname="backend.tests.test_clinics" name="test_invalid_geo[params1]" file="backend/tests/test_clinics.py" line="20" time="0.040" /><testcase classname="backend.tests.test_clinics" name="test_invalid_geo[params2]" file="backend/tests/test_clinics.py" line="20" time="0.043" /><testcase classname="backend.tests.test_clinics" name="test_invalid_geo[params3]" file="backend/tests/test_clinics.py" line="20" time="0.040" /><testcase classname="backend.tests.test_clinics" name="test_invalid_geo[params4]" file="backend/tests/test_clinics.py" line="20" time="0.036" /><testcase classname="backend.tests.test_clinics" name="test_invalid_geo[params5]" file="backend/tests/test_clinics.py" line="20" time="0.039" /><testcase classname="backend.tests.test_clinics" name="test_invalid_geo[params6]" file="backend/tests/test_clinics.py" line="20" time="0.037" /><testcase classname="backend.tests.test_clinics" name="test_invalid_geo[params7]" file="backend/tests/test_clinics.py" line="20" time="0.037" /><testcase classname="backend.tests.test_clinics" name="test_invalid_geo[params8]" file="backend/tests/test_clinics.py" line="20" time="0.037" /><testcase classname="backend.tests.test_clinics" name="test_invalid_geo[params9]" file="backend/tests/test_clinics.py" line="20" time="0.038" /><testcase classname="backend.tests.test_clinics" name="test_radius_sorting_and_emergency" file="backend/tests/test_clinics.py" line="29" time="0.109" /><testcase classname="backend.tests.test_clinics" name="test_details_gallery_services_hours" file="backend/tests/test_clinics.py" line="42" time="0.071" /><testcase classname="backend.tests.test_doctor_panel" name="test_doctor_reads_and_profile_review" file="backend/tests/test_doctor_panel.py" line="10" time="0.181" /><testcase classname="backend.tests.test_doctor_panel" name="test_complete_status_flow" file="backend/tests/test_doctor_panel.py" line="23" time="0.145" /><testcase classname="backend.tests.test_doctor_panel" name="test_start_confirmed_visit" file="backend/tests/test_doctor_panel.py" line="35" time="0.102" /><testcase classname="backend.tests.test_doctor_panel" name="test_terminal_states_cannot_restart[cancel-start]" file="backend/tests/test_doctor_panel.py" line="44" time="0.091" /><testcase classname="backend.tests.test_doctor_panel" name="test_terminal_states_cannot_restart[reject-accept]" file="backend/tests/test_doctor_panel.py" line="44" time="0.084" /><testcase classname="backend.tests.test_doctor_panel" name="test_no_show[False]" file="backend/tests/test_doctor_panel.py" line="53" time="0.103" /><testcase classname="backend.tests.test_doctor_panel" name="test_no_show[True]" file="backend/tests/test_doctor_panel.py" line="53" time="0.122" /><testcase classname="backend.tests.test_doctor_panel" name="test_schedule_break_and_block_crud" file="backend/tests/test_doctor_panel.py" line="66" time="0.093" /><testcase classname="backend.tests.test_doctor_panel" name="test_malformed_schedule_returns_validation_error[body0]" file="backend/tests/test_doctor_panel.py" line="78" time="0.042" /><testcase classname="backend.tests.test_doctor_panel" name="test_malformed_schedule_returns_validation_error[body1]" file="backend/tests/test_doctor_panel.py" line="78" time="0.042" /><testcase classname="backend.tests.test_doctor_panel" name="test_malformed_schedule_returns_validation_error[body2]" file="backend/tests/test_doctor_panel.py" line="78" time="0.042" /><testcase classname="backend.tests.test_doctor_panel" name="test_malformed_schedule_returns_validation_error[body3]" file="backend/tests/test_doctor_panel.py" line="78" time="0.042" /><testcase classname="backend.tests.test_doctors" name="test_doctor_public_flags[is_verified]" file="backend/tests/test_doctors.py" line="8" time="0.046" /><testcase classname="backend.tests.test_doctors" name="test_doctor_public_flags[is_active]" file="backend/tests/test_doctors.py" line="8" time="0.053" /><testcase classname="backend.tests.test_doctors" name="test_filters_details_and_nearby" file="backend/tests/test_doctors.py" line="16" time="0.152" /><testcase classname="backend.tests.test_doctors" name="test_hidden_affiliations_cannot_match_filters_or_search" file="backend/tests/test_doctors.py" line="30" time="0.077" /><testcase classname="backend.tests.test_doctors" name="test_inactive_user_and_clinic_hide_doctor" file="backend/tests/test_doctors.py" line="40" time="0.051" /><testcase classname="backend.tests.test_double_booking" name="test_different_times_and_doctors" file="backend/tests/test_double_booking.py" line="14" time="0.101" /><testcase classname="backend.tests.test_double_booking" name="test_no_reservation_reuse_after_completed_or_no_show" file="backend/tests/test_double_booking.py" line="48" time="0.085" /><testcase classname="backend.tests.test_favorites" name="test_favorite_lifecycle_isolation[doctors-doctor]" file="backend/tests/test_favorites.py" line="6" time="0.104" /><testcase classname="backend.tests.test_favorites" name="test_favorite_lifecycle_isolation[clinics-clinic]" file="backend/tests/test_favorites.py" line="6" time="0.115" /><testcase classname="backend.tests.test_favorites" name="test_collection_mutation_returns_405_not_500[post-clinics]" file="backend/tests/test_favorites.py" line="26" time="0.041" /><testcase classname="backend.tests.test_favorites" name="test_collection_mutation_returns_405_not_500[post-doctors]" file="backend/tests/test_favorites.py" line="26" time="0.041" /><testcase classname="backend.tests.test_favorites" name="test_collection_mutation_returns_405_not_500[delete-clinics]" file="backend/tests/test_favorites.py" line="26" time="0.040" /><testcase classname="backend.tests.test_favorites" name="test_collection_mutation_returns_405_not_500[delete-doctors]" file="backend/tests/test_favorites.py" line="26" time="0.041" /><testcase classname="backend.tests.test_notifications" name="test_read_counts_and_filtering" file="backend/tests/test_notifications.py" line="7" time="0.118" /><testcase classname="backend.tests.test_notifications" name="test_admin_send_and_broadcast[user_id]" file="backend/tests/test_notifications.py" line="24" time="0.060" /><testcase classname="backend.tests.test_notifications" name="test_admin_send_and_broadcast[role]" file="backend/tests/test_notifications.py" line="24" time="0.059" /><testcase classname="backend.tests.test_notifications" name="test_admin_send_and_broadcast[clinic_id]" file="backend/tests/test_notifications.py" line="24" time="0.061" /><testcase classname="backend.tests.test_notifications" name="test_admin_send_and_broadcast[all]" file="backend/tests/test_notifications.py" line="24" time="0.058" /><testcase classname="backend.tests.test_notifications" name="test_invalid_notification_targets" file="backend/tests/test_notifications.py" line="39" time="0.045" /><testcase classname="backend.tests.test_patient_api" name="test_discovery_search_and_hidden_clinics" file="backend/tests/test_patient_api.py" line="8" time="0.102" /><testcase classname="backend.tests.test_patient_api" name="test_favorites_reviews_notifications" file="backend/tests/test_patient_api.py" line="19" time="0.127" /><testcase classname="backend.tests.test_patient_api" name="test_telegram_flow" file="backend/tests/test_patient_api.py" line="48" time="0.106" /><testcase classname="backend.tests.test_permission_matrix" name="test_every_operation_role_boundary[GET /api/admin-panel/admin-users/-anonymous]" file="backend/tests/test_permission_matrix.py" line="7" time="0.036"><properties><property name="endpoint" value="/api/admin-panel/admin-users/" /><property name="method" value="GET" /><property name="role" value="anonymous" /><property name="expected" value="denied" /><property name="status" value="401" /></properties></testcase><testcase classname="backend.tests.test_permission_matrix" name="test_every_operation_role_boundary[GET /api/admin-panel/admin-users/-patient]" file="backend/tests/test_permission_matrix.py" line="7" time="0.041"><properties><property name="endpoint" value="/api/admin-panel/admin-users/" /><property name="method" value="GET" /><property name="role" value="patient" /><property name="expected" value="denied" /><property name="status" value="403" /></properties></testcase><testcase classname="backend.tests.test_permission_matrix" name="test_every_operation_role_boundary[GET /api/admin-panel/admin-users/-doctor]" file="backend/tests/test_permission_matrix.py" line="7" time="0.041"><properties><property name="endpoint" value="/api/admin-panel/admin-users/" /><property name="method" value="GET" /><property name="role" value="doctor" /><property name="expected" value="denied" /><property name="status" value="403" /></properties></testcase><testcase classname="backend.tests.test_permission_matrix" name="test_every_operation_role_boundary[GET /api/admin-panel/admin-users/-clinic_owner]" file="backend/tests/test_permission_matrix.py" line="7" time="0.042"><properties><property name="endpoint" value="/api/admin-panel/admin-users/" /><property name="method" value="GET" /><property name="role" value="clinic_owner" /><property name="expected" value="denied" /><property name="status" value="403" /></properties></testcase><testcase classname="backend.tests.test_permission_matrix" name="test_every_operation_role_boundary[GET /api/admin-panel/admin-users/-admin]" file="backend/tests/test_permission_matrix.py" line="7" time="0.041"><properties><property name="endpoint" value="/api/admin-panel/admin-users/" /><property name="method" value="GET" /><property name="role" value="admin" /><property name="expected" value="denied" /><property name="status" value="403" /></properties></testcase><testcase classname="backend.tests.test_permission_matrix" name="test_every_operation_role_boundary[GET /api/admin-panel/admin-users/-super_admin]" file="backend/tests/test_permission_matrix.py" line="7" time="0.044"><properties><property name="endpoint" value="/api/admin-panel/admin-users/" /><property name="method" value="GET" /><property name="role" value="super_admin" /><property name="expected" value="allowed" /><property name="status" value="200" /></properties></testcase><testcase classname="backend.tests.test_permission_matrix" name="test_every_operation_role_boundary[POST /api/admin-panel/admin-users/-anonymous]" file="backend/tests/test_permission_matrix.py" line="7" time="0.035"><properties><property name="endpoint" value="/api/admin-panel/admin-users/" /><property name="method" value="POST" /><property name="role" value="anonymous" /><property name="expected" value="denied" /><property name="status" value="401" /></properties></testcase><testcase classname="backend.tests.test_permission_matrix" name="test_every_operation_role_boundary[POST /api/admin-panel/admin-users/-patient]" file="backend/tests/test_permission_matrix.py" line="7" time="0.041"><properties><property name="endpoint" value="/api/admin-panel/admin-users/" /><property name="method" value="POST" /><property name="role" value="patient" /><property name="expected" value="denied" /><property name="status" value="403" /></properties></testcase><testcase classname="backend.tests.test_permission_matrix" name="test_every_operation_role_boundary[POST /api/admin-panel/admin-users/-doctor]" file="backend/tests/test_permission_matrix.py" line="7" time="0.041"><properties><property name="endpoint" value="/api/admin-panel/admin-users/" /><property name="method" value="POST" /><property name="role" value="doctor" /><property name="expected" value="denied" /><property name="status" value="403" /></properties></testcase><testcase classname="backend.tests.test_permission_matrix" name="test_every_operation_role_boundary[POST /api/admin-panel/admin-users/-clinic_owner]" file="backend/tests/test_permission_matrix.py" line="7" time="0.040"><properties><property name="endpoint" value="/api/admin-panel/admin-users/" /><property name="method" value="POST" /><property name="role" value="clinic_owner" /><property name="expected" value="denied" /><property name="status" value="403" /></properties></testcase><testcase classname="backend.tests.test_permission_matrix" name="test_every_operation_role_boundary[POST /api/admin-panel/admin-users/-admin]" file="backend/tests/test_permission_matrix.py" line="7" time="0.041"><properties><property name="endpoint" value="/api/admin-panel/admin-users/" /><property name="method" value="POST" /><property name="role" value="admin" /><property name="expected" value="denied" /><property name="status" value="403" /></properties></testcase><testcase classname="backend.tests.test_permission_matrix" name="test_every_operation_role_boundary[POST /api/admin-panel/admin-users/-super_admin]" file="backend/tests/test_permission_matrix.py" line="7" time="0.043"><properties><property name="endpoint" value="/api/admin-panel/admin-users/" /><property name="method" value="POST" /><property name="role" value="super_admin" /><property name="expected" value="allowed" /><property name="status" value="400" /></properties></testcase><testcase classname="backend.tests.test_permission_matrix" name="test_every_operation_role_boundary[GET /api/admin-panel/admin-users/{pk}/-anonymous]" file="backend/tests/test_permission_matrix.py" line="7" time="0.035"><properties><property name="endpoint" value="/api/admin-panel/admin-users/{pk}/" /><property name="method" value="GET" /><property name="role" value="anonymous" /><property name="expected" value="denied" /><property name="status" value="401" /></properties></testcase><testcase classname="backend.tests.test_permission_matrix" name="test_every_operation_role_boundary[GET /api/admin-panel/admin-users/{pk}/-patient]" file="backend/tests/test_permission_matrix.py" line="7" time="0.042"><properties><property name="endpoint" value="/api/admin-panel/admin-users/{pk}/" /><property name="method" value="GET" /><property name="role" value="patient" /><property name="expected" value="denied" /><property name="status" value="403" /></properties></testcase><testcase classname="backend.tests.test_permission_matrix" name="test_every_operation_role_boundary[GET /api/admin-panel/admin-users/{pk}/-doctor]" file="backend/tests/test_permission_matrix.py" line="7" time="0.041"><properties><property name="endpoint" value="/api/admin-panel/admin-users/{pk}/" /><property name="method" value="GET" /><property name="role" value="doctor" /><property name="expected" value="denied" /><property name="status" value="403" /></properties></testcase><testcase classname="backend.tests.test_permission_matrix" name="test_every_operation_role_boundary[GET /api/admin-panel/admin-users/{pk}/-clinic_owner]" file="backend/tests/test_permission_matrix.py" line="7" time="0.041"><properties><property name="endpoint" value="/api/admin-panel/admin-users/{pk}/" /><property name="method" value="GET" /><property name="role" value="clinic_owner" /><property name="expected" value="denied" /><property name="status" value="403" /></properties></testcase><testcase classname="backend.tests.test_permission_matrix" name="test_every_operation_role_boundary[GET /api/admin-panel/admin-users/{pk}/-admin]" file="backend/tests/test_permission_matrix.py" line="7" time="0.043"><properties><property name="endpoint" value="/api/admin-panel/admin-users/{pk}/" /><property name="method" value="GET" /><property name="role" value="admin" /><property name="expected" value="denied" /><property name="status" value="403" /></properties></testcase><testcase classname="backend.tests.test_permission_matrix" name="test_every_operation_role_boundary[GET /api/admin-panel/admin-users/{pk}/-super_admin]" file="backend/tests/test_permission_matrix.py" line="7" time="0.043"><properties><property name="endpoint" value="/api/admin-panel/admin-users/{pk}/" /><property name="method" value="GET" /><property name="role" value="super_admin" /><property name="expected" value="allowed" /><property name="status" value="404" /></properties></testcase><testcase classname="backend.tests.test_permission_matrix" name="test_every_operation_role_boundary[PATCH /api/admin-panel/admin-users/{pk}/-anonymous]" file="backend/tests/test_permission_matrix.py" line="7" time="0.035"><properties><property name="endpoint" value="/api/admin-panel/admin-users/{pk}/" /><property name="method" value="PATCH" /><property name="role" value="anonymous" /><property name="expected" value="denied" /><property name="status" value="401" /></properties></testcase><testcase classname="backend.tests.test_permission_matrix" name="test_every_operation_role_boundary[PATCH /api/admin-panel/admin-users/{pk}/-patient]" file="backend/tests/test_permission_matrix.py" line="7" time="0.042"><properties><property name="endpoint" value="/api/admin-panel/admin-users/{pk}/" /><property name="method" value="PATCH" /><property name="role" value="patient" /><property name="expected" value="denied" /><property name="status" value="403" /></properties></testcase><testcase classname="backend.tests.test_permission_matrix" name="test_every_operation_role_boundary[PATCH /api/admin-panel/admin-users/{pk}/-doctor]" file="backend/tests/test_permission_matrix.py" line="7" time="0.077"><properties><property name="endpoint" value="/api/admin-panel/admin-users/{pk}/" /><property name="method" value="PATCH" /><property name="role" value="doctor" /><property name="expected" value="denied" /><property name="status" value="403" /></properties></testcase><testcase classname="backend.tests.test_permission_matrix" name="test_every_operation_role_boundary[PATCH /api/admin-panel/admin-users/{pk}/-clinic_owner]" file="backend/tests/test_permission_matrix.py" line="7" time="0.078"><properties><property name="endpoint" value="/api/admin-panel/admin-users/{pk}/" /><property name="method" value="PATCH" /><property name="role" value="clinic_owner" /><property name="expected" value="denied" /><property name="status" value="403" /></properties></testcase><testcase classname="backend.tests.test_permission_matrix" name="test_every_operation_role_boundary[PATCH /api/admin-panel/admin-users/{pk}/-admin]" file="backend/tests/test_permission_matrix.py" line="7" time="0.083"><properties><property name="endpoint" value="/api/admin-panel/admin-users/{pk}/" /><property name="method" value="PATCH" /><property name="role" value="admin" /><property name="expected" value="denied" /><property name="status" value="403" /></properties></testcase><testcase classname="backend.tests.test_permission_matrix" name="test_every_operation_role_boundary[PATCH /api/admin-panel/admin-users/{pk}/-super_admin]" file="backend/tests/test_permission_matrix.py" line="7" time="0.080"><properties><property name="endpoint" value="/api/admin-panel/admin-users/{pk}/" /><property name="method" value="PATCH" /><property name="role" value="super_admin" /><property name="expected" value="allowed" /><property name="status" value="404" /></properties></testcase><testcase classname="backend.tests.test_permission_matrix" name="test_every_operation_role_boundary[POST /api/admin-panel/admin-users/{pk}/disable/-anonymous]" file="backend/tests/test_permission_matrix.py" line="7" time="0.066"><properties><property name="endpoint" value="/api/admin-panel/admin-users/{pk}/disable/" /><property name="method" value="POST" /><property name="role" value="anonymous" /><property name="expected" value="denied" /><property name="status" value="401" /></properties></testcase><testcase classname="backend.tests.test_permission_matrix" name="test_every_operation_role_boundary[POST /api/admin-panel/admin-users/{pk}/disable/-patient]" file="backend/tests/test_permission_matrix.py" line="7" time="0.073"><properties><property name="endpoint" value="/api/admin-panel/admin-users/{pk}/disable/" /><property name="method" value="POST" /><property name="role" value="patient" /><property name="expected" value="denied" /><property name="status" value="403" /></properties></testcase><testcase classname="backend.tests.test_permission_matrix" name="test_every_operation_role_boundary[POST /api/admin-panel/admin-users/{pk}/disable/-doctor]" file="backend/tests/test_permission_matrix.py" line="7" time="0.082"><properties><property name="endpoint" value="/api/admin-panel/admin-users/{pk}/disable/" /><property name="method" value="POST" /><property name="role" value="doctor" /><property name="expected" value="denied" /><property name="status" value="403" /></properties></testcase><testcase classname="backend.tests.test_permission_matrix" name="test_every_operation_role_boundary[POST /api/admin-panel/admin-users/{pk}/disable/-clinic_owner]" file="backend/tests/test_permission_matrix.py" line="7" time="0.073"><properties><property name="endpoint" value="/api/admin-panel/admin-users/{pk}/disable/" /><property name="method" value="POST" /><property name="role" value="clinic_owner" /><property name="expected" value="denied" /><property name="status" value="403" /></properties></testcase><testcase classname="backend.tests.test_permission_matrix" name="test_every_operation_role_boundary[POST /api/admin-panel/admin-users/{pk}/disable/-admin]" file="backend/tests/test_permission_matrix.py" line="7" time="0.075"><properties><property name="endpoint" value="/api/admin-panel/admin-users/{pk}/disable/" /><property name="method" value="POST" /><property name="role" value="admin" /><property name="expected" value="denied" /><property name="status" value="403" /></properties></testcase><testcase classname="backend.tests.test_permission_matrix" name="test_every_operation_role_boundary[POST /api/admin-panel/admin-users/{pk}/disable/-super_admin]" file="backend/tests/test_permission_matrix.py" line="7" time="0.078"><properties><property name="endpoint" value="/api/admin-panel/admin-users/{pk}/disable/" /><property name="method" value="POST" /><property name="role" value="super_admin" /><property name="expected" value="allowed" /><property name="status" value="404" /></properties></testcase><testcase classname="backend.tests.test_permission_matrix" name="test_every_operation_role_boundary[POST /api/admin-panel/admin-users/{pk}/enable/-anonymous]" file="backend/tests/test_permission_matrix.py" line="7" time="0.057"><properties><property name="endpoint" value="/api/admin-panel/admin-users/{pk}/enable/" /><property name="method" value="POST" /><property name="role" value="anonymous" /><property name="expected" value="denied" /><property name="status" value="401" /></properties></testcase><testcase classname="backend.tests.test_permission_matrix" name="test_every_operation_role_boundary[POST /api/admin-panel/admin-users/{pk}/enable/-patient]" file="backend/tests/test_permission_matrix.py" line="7" time="0.072"><properties><property name="endpoint" value="/api/admin-panel/admin-users/{pk}/enable/" /><property name="method" value="POST" /><property name="role" value="patient" /><property name="expected" value="denied" /><property name="status" value="403" /></properties></testcase><testcase classname="backend.tests.test_permission_matrix" name="test_every_operation_role_boundary[POST /api/admin-panel/admin-users/{pk}/enable/-doctor]" file="backend/tests/test_permission_matrix.py" line="7" time="0.073"><properties><property name="endpoint" value="/api/admin-panel/admin-users/{pk}/enable/" /><property name="method" value="POST" /><property name="role" value="doctor" /><property name="expected" value="denied" /><property name="status" value="403" /></properties></testcase><testcase classname="backend.tests.test_permission_matrix" name="test_every_operation_role_boundary[POST /api/admin-panel/admin-users/{pk}/enable/-clinic_owner]" file="backend/tests/test_permission_matrix.py" line="7" time="0.081"><properties><property name="endpoint" value="/api/admin-panel/admin-users/{pk}/enable/" /><property name="method" value="POST" /><property name="role" value="clinic_owner" /><property name="expected" value="denied" /><property name="status" value="403" /></properties></testcase><testcase classname="backend.tests.test_permission_matrix" name="test_every_operation_role_boundary[POST /api/admin-panel/admin-users/{pk}/enable/-admin]" file="backend/tests/test_permission_matrix.py" line="7" time="0.082"><properties><property name="endpoint" value="/api/admin-panel/admin-users/{pk}/enable/" /><property name="method" value="POST" /><property name="role" value="admin" /><property name="expected" value="denied" /><property name="status" value="403" /></properties></testcase><testcase classname="backend.tests.test_permission_matrix" name="test_every_operation_role_boundary[POST /api/admin-panel/admin-users/{pk}/enable/-super_admin]" file="backend/tests/test_permission_matrix.py" line="7" time="0.102"><properties><property name="endpoint" value="/api/admin-panel/admin-users/{pk}/enable/" /><property name="method" value="POST" /><property name="role" value="super_admin" /><property name="expected" value="allowed" /><property name="status" value="404" /></properties></testcase><testcase classname="backend.tests.test_permission_matrix" name="test_every_operation_role_boundary[GET /api/admin-panel/affiliations/-anonymous]" file="backend/tests/test_permission_matrix.py" line="7" time="0.061"><properties><property name="endpoint" value="/api/admin-panel/affiliations/" /><property name="method" value="GET" /><property name="role" value="anonymous" /><property name="expected" value="denied" /><property name="status" value="401" /></properties></testcase><testcase classname="backend.tests.test_permission_matrix" name="test_every_operation_role_boundary[GET /api/admin-panel/affiliations/-patient]" file="backend/tests/test_permission_matrix.py" line="7" time="0.057"><properties><property name="endpoint" value="/api/admin-panel/affiliations/" /><property name="method" value="GET" /><property name="role" value="patient" /><property name="expected" value="denied" /><property name="status" value="403" /></properties></testcase><testcase classname="backend.tests.test_permission_matrix" name="test_every_operation_role_boundary[GET /api/admin-panel/affiliations/-doctor]" file="backend/tests/test_permission_matrix.py" line="7" time="0.055"><properties><property name="endpoint" value="/api/admin-panel/affiliations/" /><property name="method" value="GET" /><property name="role" value="doctor" /><property name="expected" value="denied" /><property name="status" value="403" /></properties></testcase><testcase classname="backend.tests.test_permission_matrix" name="test_every_operation_role_boundary[GET /api/admin-panel/affiliations/-clinic_owner]" file="backend/tests/test_permission_matrix.py" line="7" time="0.063"><properties><property name="endpoint" value="/api/admin-panel/affiliations/" /><property name="method" value="GET" /><property name="role" value="clinic_owner" /><property name="expected" value="denied" /><property name="status" value="403" /></properties></testcase><testcase classname="backend.tests.test_permission_matrix" name="test_every_operation_role_boundary[GET /api/admin-panel/affiliations/-admin]" file="backend/tests/test_permission_matrix.py" line="7" time="0.070"><properties><property name="endpoint" value="/api/admin-panel/affiliations/" /><property name="method" value="GET" /><property name="role" value="admin" /><property name="expected" value="allowed" /><property name="status" value="200" /></properties></testcase><testcase classname="backend.tests.test_permission_matrix" name="test_every_operation_role_boundary[GET /api/admin-panel/affiliations/-super_admin]" file="backend/tests/test_permission_matrix.py" line="7" time="0.060"><properties><property name="endpoint" value="/api/admin-panel/affiliations/" /><property name="method" value="GET" /><property name="role" value="super_admin" /><property name="expected" value="allowed" /><property name="status" value="200" /></properties></testcase><testcase classname="backend.tests.test_permission_matrix" name="test_every_operation_role_boundary[POST /api/admin-panel/affiliations/-anonymous]" file="backend/tests/test_permission_matrix.py" line="7" time="0.046"><properties><property name="endpoint" value="/api/admin-panel/affiliations/" /><property name="method" value="POST" /><property name="role" value="anonymous" /><property name="expected" value="denied" /><property name="status" value="401" /></properties></testcase><testcase classname="backend.tests.test_permission_matrix" name="test_every_operation_role_boundary[POST /api/admin-panel/affiliations/-patient]" file="backend/tests/test_permission_matrix.py" line="7" time="0.053"><properties><property name="endpoint" value="/api/admin-panel/affiliations/" /><property name="method" value="POST" /><property name="role" value="patient" /><property name="expected" value="denied" /><property name="status" value="403" /></properties></testcase><testcase classname="backend.tests.test_permission_matrix" name="test_every_operation_role_boundary[POST /api/admin-panel/affiliations/-doctor]" file="backend/tests/test_permission_matrix.py" line="7" time="0.062"><properties><property name="endpoint" value="/api/admin-panel/affiliations/" /><property name="method" value="POST" /><property name="role" value="doctor" /><property name="expected" value="denied" /><property name="status" value="403" /></properties></testcase><testcase classname="backend.tests.test_permission_matrix" name="test_every_operation_role_boundary[POST /api/admin-panel/affiliations/-clinic_owner]" file="backend/tests/test_permission_matrix.py" line="7" time="0.070"><properties><property name="endpoint" value="/api/admin-panel/affiliations/" /><property name="method" value="POST" /><property name="role" value="clinic_owner" /><property name="expected" value="denied" /><property name="status" value="403" /></properties></testcase><testcase classname="backend.tests.test_permission_matrix" name="test_every_operation_role_boundary[POST /api/admin-panel/affiliations/-admin]" file="backend/tests/test_permission_matrix.py" line="7" time="0.076"><properties><property name="endpoint" value="/api/admin-panel/affiliations/" /><property name="method" value="POST" /><property name="role" value="admin" /><property name="expected" value="allowed" /><property name="status" value="400" /></properties></testcase><testcase classname="backend.tests.test_permission_matrix" name="test_every_operation_role_boundary[POST /api/admin-panel/affiliations/-super_admin]" file="backend/tests/test_permission_matrix.py" line="7" time="0.074"><properties><property name="endpoint" value="/api/admin-panel/affiliations/" /><property name="method" value="POST" /><property name="role" value="super_admin" /><property name="expected" value="allowed" /><property name="status" value="400" /></properties></testcase><testcase classname="backend.tests.test_permission_matrix" name="test_every_operation_role_boundary[DELETE /api/admin-panel/affiliations/{pk}/-anonymous]" file="backend/tests/test_permission_matrix.py" line="7" time="0.066"><properties><property name="endpoint" value="/api/admin-panel/affiliations/{pk}/" /><property name="method" value="DELETE" /><property name="role" value="anonymous" /><property name="expected" value="denied" /><property name="status" value="401" /></properties></testcase><testcase classname="backend.tests.test_permission_matrix" name="test_every_operation_role_boundary[DELETE /api/admin-panel/affiliations/{pk}/-patient]" file="backend/tests/test_permission_matrix.py" line="7" time="0.072"><properties><property name="endpoint" value="/api/admin-panel/affiliations/{pk}/" /><property name="method" value="DELETE" /><property name="role" value="patient" /><property name="expected" value="denied" /><property name="status" value="403" /></properties></testcase><testcase classname="backend.tests.test_permission_matrix" name="test_every_operation_role_boundary[DELETE /api/admin-panel/affiliations/{pk}/-doctor]" file="backend/tests/test_permission_matrix.py" line="7" time="0.066"><properties><property name="endpoint" value="/api/admin-panel/affiliations/{pk}/" /><property name="method" value="DELETE" /><property name="role" value="doctor" /><property name="expected" value="denied" /><property name="status" value="403" /></properties></testcase><testcase classname="backend.tests.test_permission_matrix" name="test_every_operation_role_boundary[DELETE /api/admin-panel/affiliations/{pk}/-clinic_owner]" file="backend/tests/test_permission_matrix.py" line="7" time="0.074"><properties><property name="endpoint" value="/api/admin-panel/affiliations/{pk}/" /><property name="method" value="DELETE" /><property name="role" value="clinic_owner" /><property name="expected" value="denied" /><property name="status" value="403" /></properties></testcase><testcase classname="backend.tests.test_permission_matrix" name="test_every_operation_role_boundary[DELETE /api/admin-panel/affiliations/{pk}/-admin]" file="backend/tests/test_permission_matrix.py" line="7" time="0.075"><properties><property name="endpoint" value="/api/admin-panel/affiliations/{pk}/" /><property name="method" value="DELETE" /><property name="role" value="admin" /><property name="expected" value="allowed" /><property name="status" value="404" /></properties></testcase><testcase classname="backend.tests.test_permission_matrix" name="test_every_operation_role_boundary[DELETE /api/admin-panel/affiliations/{pk}/-super_admin]" file="backend/tests/test_permission_matrix.py" line="7" time="0.059"><properties><property name="endpoint" value="/api/admin-panel/affiliations/{pk}/" /><property name="method" value="DELETE" /><property name="role" value="super_admin" /><property name="expected" value="allowed" /><property name="status" value="404" /></properties></testcase><testcase classname="backend.tests.test_permission_matrix" name="test_every_operation_role_boundary[GET /api/admin-panel/affiliations/{pk}/-anonymous]" file="backend/tests/test_permission_matrix.py" line="7" time="0.048"><properties><property name="endpoint" value="/api/admin-panel/affiliations/{pk}/" /><property name="method" value="GET" /><property name="role" value="anonymous" /><property name="expected" value="denied" /><property name="status" value="401" /></properties></testcase><testcase classname="backend.tests.test_permission_matrix" name="test_every_operation_role_boundary[GET /api/admin-panel/affiliations/{pk}/-patient]" file="backend/tests/test_permission_matrix.py" line="7" time="0.056"><properties><property name="endpoint" value="/api/admin-panel/affiliations/{pk}/" /><property name="method" value="GET" /><property name="role" value="patient" /><property name="expected" value="denied" /><property name="status" value="403" /></properties></testcase><testcase classname="backend.tests.test_permission_matrix" name="test_every_operation_role_boundary[GET /api/admin-panel/affiliations/{pk}/-doctor]" file="backend/tests/test_permission_matrix.py" line="7" time="0.054"><properties><property name="endpoint" value="/api/admin-panel/affiliations/{pk}/" /><property name="method" value="GET" /><property name="role" value="doctor" /><property name="expected" value="denied" /><property name="status" value="403" /></properties></testcase><testcase classname="backend.tests.test_permission_matrix" name="test_every_operation_role_boundary[GET /api/admin-panel/affiliations/{pk}/-clinic_owner]" file="backend/tests/test_permission_matrix.py" line="7" time="0.055"><properties><property name="endpoint" value="/api/admin-panel/affiliations/{pk}/" /><property name="method" value="GET" /><property name="role" value="clinic_owner" /><property name="expected" value="denied" /><property name="status" value="403" /></properties></testcase><testcase classname="backend.tests.test_permission_matrix" name="test_every_operation_role_boundary[GET /api/admin-panel/affiliations/{pk}/-admin]" file="backend/tests/test_permission_matrix.py" line="7" time="0.059"><properties><property name="endpoint" value="/api/admin-panel/affiliations/{pk}/" /><property name="method" value="GET" /><property name="role" value="admin" /><property name="expected" value="allowed" /><property name="status" value="404" /></properties></testcase><testcase classname="backend.tests.test_permission_matrix" name="test_every_operation_role_boundary[GET /api/admin-panel/affiliations/{pk}/-super_admin]" file="backend/tests/test_permission_matrix.py" line="7" time="0.067"><properties><property name="endpoint" value="/api/admin-panel/affiliations/{pk}/" /><property name="method" value="GET" /><property name="role" value="super_admin" /><property name="expected" value="allowed" /><property name="status" value="404" /></properties></testcase><testcase classname="backend.tests.test_permission_matrix" name="test_every_operation_role_boundary[PATCH /api/admin-panel/affiliations/{pk}/-anonymous]" file="backend/tests/test_permission_matrix.py" line="7" time="0.067"><properties><property name="endpoint" value="/api/admin-panel/affiliations/{pk}/" /><property name="method" value="PATCH" /><property name="role" value="anonymous" /><property name="expected" value="denied" /><property name="status" value="401" /></properties></testcase><testcase classname="backend.tests.test_permission_matrix" name="test_every_operation_role_boundary[PATCH /api/admin-panel/affiliations/{pk}/-patient]" file="backend/tests/test_permission_matrix.py" line="7" time="0.069"><properties><property name="endpoint" value="/api/admin-panel/affiliations/{pk}/" /><property name="method" value="PATCH" /><property name="role" value="patient" /><property name="expected" value="denied" /><property name="status" value="403" /></properties></testcase><testcase classname="backend.tests.test_permission_matrix" name="test_every_operation_role_boundary[PATCH /api/admin-panel/affiliations/{pk}/-doctor]" file="backend/tests/test_permission_matrix.py" line="7" time="0.057"><properties><property name="endpoint" value="/api/admin-panel/affiliations/{pk}/" /><property name="method" value="PATCH" /><property name="role" value="doctor" /><property name="expected" value="denied" /><property name="status" value="403" /></properties></testcase><testcase classname="backend.tests.test_permission_matrix" name="test_every_operation_role_boundary[PATCH /api/admin-panel/affiliations/{pk}/-clinic_owner]" file="backend/tests/test_permission_matrix.py" line="7" time="0.052"><properties><property name="endpoint" value="/api/admin-panel/affiliations/{pk}/" /><property name="method" value="PATCH" /><property name="role" value="clinic_owner" /><property name="expected" value="denied" /><property name="status" value="403" /></properties></testcase><testcase classname="backend.tests.test_permission_matrix" name="test_every_operation_role_boundary[PATCH /api/admin-panel/affiliations/{pk}/-admin]" file="backend/tests/test_permission_matrix.py" line="7" time="0.072"><properties><property name="endpoint" value="/api/admin-panel/affiliations/{pk}/" /><property name="method" value="PATCH" /><property name="role" value="admin" /><property name="expected" value="allowed" /><property name="status" value="404" /></properties></testcase><testcase classname="backend.tests.test_permission_matrix" name="test_every_operation_role_boundary[PATCH /api/admin-panel/affiliations/{pk}/-super_admin]" file="backend/tests/test_permission_matrix.py" line="7" time="0.066"><properties><property name="endpoint" value="/api/admin-panel/affiliations/{pk}/" /><property name="method" value="PATCH" /><property name="role" value="super_admin" /><property name="expected" value="allowed" /><property name="status" value="404" /></properties></testcase><testcase classname="backend.tests.test_permission_matrix" name="test_every_operation_role_boundary[GET /api/admin-panel/analytics/-anonymous]" file="backend/tests/test_permission_matrix.py" line="7" time="0.047"><properties><property name="endpoint" value="/api/admin-panel/analytics/" /><property name="method" value="GET" /><property name="role" value="anonymous" /><property name="expected" value="denied" /><property name="status" value="401" /></properties></testcase><testcase classname="backend.tests.test_permission_matrix" name="test_every_operation_role_boundary[GET /api/admin-panel/analytics/-patient]" file="backend/tests/test_permission_matrix.py" line="7" time="0.053"><properties><property name="endpoint" value="/api/admin-panel/analytics/" /><property name="method" value="GET" /><property name="role" value="patient" /><property name="expected" value="denied" /><property name="status" value="403" /></properties></testcase><testcase classname="backend.tests.test_permission_matrix" name="test_every_operation_role_boundary[GET /api/admin-panel/analytics/-doctor]" file="backend/tests/test_permission_matrix.py" line="7" time="0.054"><properties><property name="endpoint" value="/api/admin-panel/analytics/" /><property name="method" value="GET" /><property name="role" value="doctor" /><property name="expected" value="denied" /><property name="status" value="403" /></properties></testcase><testcase classname="backend.tests.test_permission_matrix" name="test_every_operation_role_boundary[GET /api/admin-panel/analytics/-clinic_owner]" file="backend/tests/test_permission_matrix.py" line="7" time="0.053"><properties><property name="endpoint" value="/api/admin-panel/analytics/" /><property name="method" value="GET" /><property name="role" value="clinic_owner" /><property name="expected" value="denied" /><property name="status" value="403" /></properties></testcase><testcase classname="backend.tests.test_permission_matrix" name="test_every_operation_role_boundary[GET /api/admin-panel/analytics/-admin]" file="backend/tests/test_permission_matrix.py" line="7" time="0.070"><properties><property name="endpoint" value="/api/admin-panel/analytics/" /><property name="method" value="GET" /><property name="role" value="admin" /><property name="expected" value="allowed" /><property name="status" value="200" /></properties></testcase><testcase classname="backend.tests.test_permission_matrix" name="test_every_operation_role_boundary[GET /api/admin-panel/analytics/-super_admin]" file="backend/tests/test_permission_matrix.py" line="7" time="0.065"><properties><property name="endpoint" value="/api/admin-panel/analytics/" /><property name="method" value="GET" /><property name="role" value="super_admin" /><property name="expected" value="allowed" /><property name="status" value="200" /></properties></testcase><testcase classname="backend.tests.test_permission_matrix" name="test_every_operation_role_boundary[GET /api/admin-panel/appointments/-anonymous]" file="backend/tests/test_permission_matrix.py" line="7" time="0.046"><properties><property name="endpoint" value="/api/admin-panel/appointments/" /><property name="method" value="GET" /><property name="role" value="anonymous" /><property name="expected" value="denied" /><property name="status" value="401" /></properties></testcase><testcase classname="backend.tests.test_permission_matrix" name="test_every_operation_role_boundary[GET /api/admin-panel/appointments/-patient]" file="backend/tests/test_permission_matrix.py" line="7" time="0.054"><properties><property name="endpoint" value="/api/admin-panel/appointments/" /><property name="method" value="GET" /><property name="role" value="patient" /><property name="expected" value="denied" /><property name="status" value="403" /></properties></testcase><testcase classname="backend.tests.test_permission_matrix" name="test_every_operation_role_boundary[GET /api/admin-panel/appointments/-doctor]" file="backend/tests/test_permission_matrix.py" line="7" time="0.054"><properties><property name="endpoint" value="/api/admin-panel/appointments/" /><property name="method" value="GET" /><property name="role" value="doctor" /><property name="expected" value="denied" /><property name="status" value="403" /></properties></testcase><testcase classname="backend.tests.test_permission_matrix" name="test_every_operation_role_boundary[GET /api/admin-panel/appointments/-clinic_owner]" file="backend/tests/test_permission_matrix.py" line="7" time="0.054"><properties><property name="endpoint" value="/api/admin-panel/appointments/" /><property name="method" value="GET" /><property name="role" value="clinic_owner" /><property name="expected" value="denied" /><property name="status" value="403" /></properties></testcase><testcase classname="backend.tests.test_permission_matrix" name="test_every_operation_role_boundary[GET /api/admin-panel/appointments/-admin]" file="backend/tests/test_permission_matrix.py" line="7" time="0.059"><properties><property name="endpoint" value="/api/admin-panel/appointments/" /><property name="method" value="GET" /><property name="role" value="admin" /><property name="expected" value="allowed" /><property name="status" value="200" /></properties></testcase><testcase classname="backend.tests.test_permission_matrix" name="test_every_operation_role_boundary[GET /api/admin-panel/appointments/-super_admin]" file="backend/tests/test_permission_matrix.py" line="7" time="0.060"><properties><property name="endpoint" value="/api/admin-panel/appointments/" /><property name="method" value="GET" /><property name="role" value="super_admin" /><property name="expected" value="allowed" /><property name="status" value="200" /></properties></testcase><testcase classname="backend.tests.test_permission_matrix" name="test_every_operation_role_boundary[GET /api/admin-panel/appointments/{pk}/-anonymous]" file="backend/tests/test_permission_matrix.py" line="7" time="0.046"><properties><property name="endpoint" value="/api/admin-panel/appointments/{pk}/" /><property name="method" value="GET" /><property name="role" value="anonymous" /><property name="expected" value="denied" /><property name="status" value="401" /></properties></testcase><testcase classname="backend.tests.test_permission_matrix" name="test_every_operation_role_boundary[GET /api/admin-panel/appointments/{pk}/-patient]" file="backend/tests/test_permission_matrix.py" line="7" time="0.055"><properties><property name="endpoint" value="/api/admin-panel/appointments/{pk}/" /><property name="method" value="GET" /><property name="role" value="patient" /><property name="expected" value="denied" /><property name="status" value="403" /></properties></testcase><testcase classname="backend.tests.test_permission_matrix" name="test_every_operation_role_boundary[GET /api/admin-panel/appointments/{pk}/-doctor]" file="backend/tests/test_permission_matrix.py" line="7" time="0.054"><properties><property name="endpoint" value="/api/admin-panel/appointments/{pk}/" /><property name="method" value="GET" /><property name="role" value="doctor" /><property name="expected" value="denied" /><property name="status" value="403" /></properties></testcase><testcase classname="backend.tests.test_permission_matrix" name="test_every_operation_role_boundary[GET /api/admin-panel/appointments/{pk}/-clinic_owner]" file="backend/tests/test_permission_matrix.py" line="7" time="0.055"><properties><property name="endpoint" value="/api/admin-panel/appointments/{pk}/" /><property name="method" value="GET" /><property name="role" value="clinic_owner" /><property name="expected" value="denied" /><property name="status" value="403" /></properties></testcase><testcase classname="backend.tests.test_permission_matrix" name="test_every_operation_role_boundary[GET /api/admin-panel/appointments/{pk}/-admin]" file="backend/tests/test_permission_matrix.py" line="7" time="0.060"><properties><property name="endpoint" value="/api/admin-panel/appointments/{pk}/" /><property name="method" value="GET" /><property name="role" value="admin" /><property name="expected" value="allowed" /><property name="status" value="404" /></properties></testcase><testcase classname="backend.tests.test_permission_matrix" name="test_every_operation_role_boundary[GET /api/admin-panel/appointments/{pk}/-super_admin]" file="backend/tests/test_permission_matrix.py" line="7" time="0.059"><properties><property name="endpoint" value="/api/admin-panel/appointments/{pk}/" /><property name="method" value="GET" /><property name="role" value="super_admin" /><property name="expected" value="allowed" /><property name="status" value="404" /></properties></testcase><testcase classname="backend.tests.test_permission_matrix" name="test_every_operation_role_boundary[PATCH /api/admin-panel/appointments/{pk}/-anonymous]" file="backend/tests/test_permission_matrix.py" line="7" time="0.047"><properties><property name="endpoint" value="/api/admin-panel/appointments/{pk}/" /><property name="method" value="PATCH" /><property name="role" value="anonymous" /><property name="expected" value="denied" /><property name="status" value="401" /></properties></testcase><testcase classname="backend.tests.test_permission_matrix" name="test_every_operation_role_boundary[PATCH /api/admin-panel/appointments/{pk}/-patient]" file="backend/tests/test_permission_matrix.py" line="7" time="0.055"><properties><property name="endpoint" value="/api/admin-panel/appointments/{pk}/" /><property name="method" value="PATCH" /><property name="role" value="patient" /><property name="expected" value="denied" /><property name="status" value="403" /></properties></testcase><testcase classname="backend.tests.test_permission_matrix" name="test_every_operation_role_boundary[PATCH /api/admin-panel/appointments/{pk}/-doctor]" file="backend/tests/test_permission_matrix.py" line="7" time="0.068"><properties><property name="endpoint" value="/api/admin-panel/appointments/{pk}/" /><property name="method" value="PATCH" /><property name="role" value="doctor" /><property name="expected" value="denied" /><property name="status" value="403" /></properties></testcase><testcase classname="backend.tests.test_permission_matrix" name="test_every_operation_role_boundary[PATCH /api/admin-panel/appointments/{pk}/-clinic_owner]" file="backend/tests/test_permission_matrix.py" line="7" time="0.080"><properties><property name="endpoint" value="/api/admin-panel/appointments/{pk}/" /><property name="method" value="PATCH" /><property name="role" value="clinic_owner" /><property name="expected" value="denied" /><property name="status" value="403" /></properties></testcase><testcase classname="backend.tests.test_permission_matrix" name="test_every_operation_role_boundary[PATCH /api/admin-panel/appointments/{pk}/-admin]" file="backend/tests/test_permission_matrix.py" line="7" time="0.076"><properties><property name="endpoint" value="/api/admin-panel/appointments/{pk}/" /><property name="method" value="PATCH" /><property name="role" value="admin" /><property name="expected" value="allowed" /><property name="status" value="404" /></properties></testcase><testcase classname="backend.tests.test_permission_matrix" name="test_every_operation_role_boundary[PATCH /api/admin-panel/appointments/{pk}/-super_admin]" file="backend/tests/test_permission_matrix.py" line="7" time="0.057"><properties><property name="endpoint" value="/api/admin-panel/appointments/{pk}/" /><property name="method" value="PATCH" /><property name="role" value="super_admin" /><property name="expected" value="allowed" /><property name="status" value="404" /></properties></testcase><testcase classname="backend.tests.test_permission_matrix" name="test_every_operation_role_boundary[POST /api/admin-panel/appointments/{pk}/cancel/-anonymous]" file="backend/tests/test_permission_matrix.py" line="7" time="0.049"><properties><property name="endpoint" value="/api/admin-panel/appointments/{pk}/cancel/" /><property name="method" value="POST" /><property name="role" value="anonymous" /><property name="expected" value="denied" /><property name="status" value="401" /></properties></testcase><testcase classname="backend.tests.test_permission_matrix" name="test_every_operation_role_boundary[POST /api/admin-panel/appointments/{pk}/cancel/-patient]" file="backend/tests/test_permission_matrix.py" line="7" time="0.075"><properties><property name="endpoint" value="/api/admin-panel/appointments/{pk}/cancel/" /><property name="method" value="POST" /><property name="role" value="patient" /><property name="expected" value="denied" /><property name="status" value="403" /></properties></testcase><testcase classname="backend.tests.test_permission_matrix" name="test_every_operation_role_boundary[POST /api/admin-panel/appointments/{pk}/cancel/-doctor]" file="backend/tests/test_permission_matrix.py" line="7" time="0.075"><properties><property name="endpoint" value="/api/admin-panel/appointments/{pk}/cancel/" /><property name="method" value="POST" /><property name="role" value="doctor" /><property name="expected" value="denied" /><property name="status" value="403" /></properties></testcase><testcase classname="backend.tests.test_permission_matrix" name="test_every_operation_role_boundary[POST /api/admin-panel/appointments/{pk}/cancel/-clinic_owner]" file="backend/tests/test_permission_matrix.py" line="7" time="0.078"><properties><property name="endpoint" value="/api/admin-panel/appointments/{pk}/cancel/" /><property name="method" value="POST" /><property name="role" value="clinic_owner" /><property name="expected" value="denied" /><property name="status" value="403" /></properties></testcase><testcase classname="backend.tests.test_permission_matrix" name="test_every_operation_role_boundary[POST /api/admin-panel/appointments/{pk}/cancel/-admin]" file="backend/tests/test_permission_matrix.py" line="7" time="0.082"><properties><property name="endpoint" value="/api/admin-panel/appointments/{pk}/cancel/" /><property name="method" value="POST" /><property name="role" value="admin" /><property name="expected" value="allowed" /><property name="status" value="404" /></properties></testcase><testcase classname="backend.tests.test_permission_matrix" name="test_every_operation_role_boundary[POST /api/admin-panel/appointments/{pk}/cancel/-super_admin]" file="backend/tests/test_permission_matrix.py" line="7" time="0.075"><properties><property name="endpoint" value="/api/admin-panel/appointments/{pk}/cancel/" /><property name="method" value="POST" /><property name="role" value="super_admin" /><property name="expected" value="allowed" /><property name="status" value="404" /></properties></testcase><testcase classname="backend.tests.test_permission_matrix" name="test_every_operation_role_boundary[POST /api/admin-panel/appointments/{pk}/reschedule/-anonymous]" file="backend/tests/test_permission_matrix.py" line="7" time="0.066"><properties><property name="endpoint" value="/api/admin-panel/appointments/{pk}/reschedule/" /><property name="method" value="POST" /><property name="role" value="anonymous" /><property name="expected" value="denied" /><property name="status" value="401" /></properties></testcase><testcase classname="backend.tests.test_permission_matrix" name="test_every_operation_role_boundary[POST /api/admin-panel/appointments/{pk}/reschedule/-patient]" file="backend/tests/test_permission_matrix.py" line="7" time="0.059"><properties><property name="endpoint" value="/api/admin-panel/appointments/{pk}/reschedule/" /><property name="method" value="POST" /><property name="role" value="patient" /><property name="expected" value="denied" /><property name="status" value="403" /></properties></testcase><testcase classname="backend.tests.test_permission_matrix" name="test_every_operation_role_boundary[POST /api/admin-panel/appointments/{pk}/reschedule/-doctor]" file="backend/tests/test_permission_matrix.py" line="7" time="0.054"><properties><property name="endpoint" value="/api/admin-panel/appointments/{pk}/reschedule/" /><property name="method" value="POST" /><property name="role" value="doctor" /><property name="expected" value="denied" /><property name="status" value="403" /></properties></testcase><testcase classname="backend.tests.test_permission_matrix" name="test_every_operation_role_boundary[POST /api/admin-panel/appointments/{pk}/reschedule/-clinic_owner]" file="backend/tests/test_permission_matrix.py" line="7" time="0.055"><properties><property name="endpoint" value="/api/admin-panel/appointments/{pk}/reschedule/" /><property name="method" value="POST" /><property name="role" value="clinic_owner" /><property name="expected" value="denied" /><property name="status" value="403" /></properties></testcase><testcase classname="backend.tests.test_permission_matrix" name="test_every_operation_role_boundary[POST /api/admin-panel/appointments/{pk}/reschedule/-admin]" file="backend/tests/test_permission_matrix.py" line="7" time="0.059"><properties><property name="endpoint" value="/api/admin-panel/appointments/{pk}/reschedule/" /><property name="method" value="POST" /><property name="role" value="admin" /><property name="expected" value="allowed" /><property name="status" value="404" /></properties></testcase><testcase classname="backend.tests.test_permission_matrix" name="test_every_operation_role_boundary[POST /api/admin-panel/appointments/{pk}/reschedule/-super_admin]" file="backend/tests/test_permission_matrix.py" line="7" time="0.059"><properties><property name="endpoint" value="/api/admin-panel/appointments/{pk}/reschedule/" /><property name="method" value="POST" /><property name="role" value="super_admin" /><property name="expected" value="allowed" /><property name="status" value="404" /></properties></testcase><testcase classname="backend.tests.test_permission_matrix" name="test_every_operation_role_boundary[GET /api/admin-panel/clinic-images/-anonymous]" file="backend/tests/test_permission_matrix.py" line="7" time="0.045"><properties><property name="endpoint" value="/api/admin-panel/clinic-images/" /><property name="method" value="GET" /><property name="role" value="anonymous" /><property name="expected" value="denied" /><property name="status" value="401" /></properties></testcase><testcase classname="backend.tests.test_permission_matrix" name="test_every_operation_role_boundary[GET /api/admin-panel/clinic-images/-patient]" file="backend/tests/test_permission_matrix.py" line="7" time="0.051"><properties><property name="endpoint" value="/api/admin-panel/clinic-images/" /><property name="method" value="GET" /><property name="role" value="patient" /><property name="expected" value="denied" /><property name="status" value="403" /></properties></testcase><testcase classname="backend.tests.test_permission_matrix" name="test_every_operation_role_boundary[GET /api/admin-panel/clinic-images/-doctor]" file="backend/tests/test_permission_matrix.py" line="7" time="0.057"><properties><property name="endpoint" value="/api/admin-panel/clinic-images/" /><property name="method" value="GET" /><property name="role" value="doctor" /><property name="expected" value="denied" /><property name="status" value="403" /></properties></testcase><testcase classname="backend.tests.test_permission_matrix" name="test_every_operation_role_boundary[GET /api/admin-panel/clinic-images/-clinic_owner]" file="backend/tests/test_permission_matrix.py" line="7" time="0.053"><properties><property name="endpoint" value="/api/admin-panel/clinic-images/" /><property name="method" value="GET" /><property name="role" value="clinic_owner" /><property name="expected" value="denied" /><property name="status" value="403" /></properties></testcase><testcase classname="backend.tests.test_permission_matrix" name="test_every_operation_role_boundary[GET /api/admin-panel/clinic-images/-admin]" file="backend/tests/test_permission_matrix.py" line="7" time="0.115"><properties><property name="endpoint" value="/api/admin-panel/clinic-images/" /><property name="method" value="GET" /><property name="role" value="admin" /><property name="expected" value="allowed" /><property name="status" value="200" /></properties></testcase><testcase classname="backend.tests.test_permission_matrix" name="test_every_operation_role_boundary[GET /api/admin-panel/clinic-images/-super_admin]" file="backend/tests/test_permission_matrix.py" line="7" time="0.065"><properties><property name="endpoint" value="/api/admin-panel/clinic-images/" /><property name="method" value="GET" /><property name="role" value="super_admin" /><property name="expected" value="allowed" /><property name="status" value="200" /></properties></testcase><testcase classname="backend.tests.test_permission_matrix" name="test_every_operation_role_boundary[POST /api/admin-panel/clinic-images/-anonymous]" file="backend/tests/test_permission_matrix.py" line="7" time="0.049"><properties><property name="endpoint" value="/api/admin-panel/clinic-images/" /><property name="method" value="POST" /><property name="role" value="anonymous" /><property name="expected" value="denied" /><property name="status" value="401" /></properties></testcase><testcase classname="backend.tests.test_permission_matrix" name="test_every_operation_role_boundary[POST /api/admin-panel/clinic-images/-patient]" file="backend/tests/test_permission_matrix.py" line="7" time="0.073"><properties><property name="endpoint" value="/api/admin-panel/clinic-images/" /><property name="method" value="POST" /><property name="role" value="patient" /><property name="expected" value="denied" /><property name="status" value="403" /></properties></testcase><testcase classname="backend.tests.test_permission_matrix" name="test_every_operation_role_boundary[POST /api/admin-panel/clinic-images/-doctor]" file="backend/tests/test_permission_matrix.py" line="7" time="0.071"><properties><property name="endpoint" value="/api/admin-panel/clinic-images/" /><property name="method" value="POST" /><property name="role" value="doctor" /><property name="expected" value="denied" /><property name="status" value="403" /></properties></testcase><testcase classname="backend.tests.test_permission_matrix" name="test_every_operation_role_boundary[POST /api/admin-panel/clinic-images/-clinic_owner]" file="backend/tests/test_permission_matrix.py" line="7" time="0.073"><properties><property name="endpoint" value="/api/admin-panel/clinic-images/" /><property name="method" value="POST" /><property name="role" value="clinic_owner" /><property name="expected" value="denied" /><property name="status" value="403" /></properties></testcase><testcase classname="backend.tests.test_permission_matrix" name="test_every_operation_role_boundary[POST /api/admin-panel/clinic-images/-admin]" file="backend/tests/test_permission_matrix.py" line="7" time="0.057"><properties><property name="endpoint" value="/api/admin-panel/clinic-images/" /><property name="method" value="POST" /><property name="role" value="admin" /><property name="expected" value="allowed" /><property name="status" value="400" /></properties></testcase><testcase classname="backend.tests.test_permission_matrix" name="test_every_operation_role_boundary[POST /api/admin-panel/clinic-images/-super_admin]" file="backend/tests/test_permission_matrix.py" line="7" time="0.052"><properties><property name="endpoint" value="/api/admin-panel/clinic-images/" /><property name="method" value="POST" /><property name="role" value="super_admin" /><property name="expected" value="allowed" /><property name="status" value="400" /></properties></testcase><testcase classname="backend.tests.test_permission_matrix" name="test_every_operation_role_boundary[DELETE /api/admin-panel/clinic-images/{pk}/-anonymous]" file="backend/tests/test_permission_matrix.py" line="7" time="0.049"><properties><property name="endpoint" value="/api/admin-panel/clinic-images/{pk}/" /><property name="method" value="DELETE" /><property name="role" value="anonymous" /><property name="expected" value="denied" /><property name="status" value="401" /></properties></testcase><testcase classname="backend.tests.test_permission_matrix" name="test_every_operation_role_boundary[DELETE /api/admin-panel/clinic-images/{pk}/-patient]" file="backend/tests/test_permission_matrix.py" line="7" time="0.054"><properties><property name="endpoint" value="/api/admin-panel/clinic-images/{pk}/" /><property name="method" value="DELETE" /><property name="role" value="patient" /><property name="expected" value="denied" /><property name="status" value="403" /></properties></testcase><testcase classname="backend.tests.test_permission_matrix" name="test_every_operation_role_boundary[DELETE /api/admin-panel/clinic-images/{pk}/-doctor]" file="backend/tests/test_permission_matrix.py" line="7" time="0.076"><properties><property name="endpoint" value="/api/admin-panel/clinic-images/{pk}/" /><property name="method" value="DELETE" /><property name="role" value="doctor" /><property name="expected" value="denied" /><property name="status" value="403" /></properties></testcase><testcase classname="backend.tests.test_permission_matrix" name="test_every_operation_role_boundary[DELETE /api/admin-panel/clinic-images/{pk}/-clinic_owner]" file="backend/tests/test_permission_matrix.py" line="7" time="0.076"><properties><property name="endpoint" value="/api/admin-panel/clinic-images/{pk}/" /><property name="method" value="DELETE" /><property name="role" value="clinic_owner" /><property name="expected" value="denied" /><property name="status" value="403" /></properties></testcase><testcase classname="backend.tests.test_permission_matrix" name="test_every_operation_role_boundary[DELETE /api/admin-panel/clinic-images/{pk}/-admin]" file="backend/tests/test_permission_matrix.py" line="7" time="0.058"><properties><property name="endpoint" value="/api/admin-panel/clinic-images/{pk}/" /><property name="method" value="DELETE" /><property name="role" value="admin" /><property name="expected" value="allowed" /><property name="status" value="404" /></properties></testcase><testcase classname="backend.tests.test_permission_matrix" name="test_every_operation_role_boundary[DELETE /api/admin-panel/clinic-images/{pk}/-super_admin]" file="backend/tests/test_permission_matrix.py" line="7" time="0.056"><properties><property name="endpoint" value="/api/admin-panel/clinic-images/{pk}/" /><property name="method" value="DELETE" /><property name="role" value="super_admin" /><property name="expected" value="allowed" /><property name="status" value="404" /></properties></testcase><testcase classname="backend.tests.test_permission_matrix" name="test_every_operation_role_boundary[GET /api/admin-panel/clinic-images/{pk}/-anonymous]" file="backend/tests/test_permission_matrix.py" line="7" time="0.047"><properties><property name="endpoint" value="/api/admin-panel/clinic-images/{pk}/" /><property name="method" value="GET" /><property name="role" value="anonymous" /><property name="expected" value="denied" /><property name="status" value="401" /></properties></testcase><testcase classname="backend.tests.test_permission_matrix" name="test_every_operation_role_boundary[GET /api/admin-panel/clinic-images/{pk}/-patient]" file="backend/tests/test_permission_matrix.py" line="7" time="0.055"><properties><property name="endpoint" value="/api/admin-panel/clinic-images/{pk}/" /><property name="method" value="GET" /><property name="role" value="patient" /><property name="expected" value="denied" /><property name="status" value="403" /></properties></testcase><testcase classname="backend.tests.test_permission_matrix" name="test_every_operation_role_boundary[GET /api/admin-panel/clinic-images/{pk}/-doctor]" file="backend/tests/test_permission_matrix.py" line="7" time="0.056"><properties><property name="endpoint" value="/api/admin-panel/clinic-images/{pk}/" /><property name="method" value="GET" /><property name="role" value="doctor" /><property name="expected" value="denied" /><property name="status" value="403" /></properties></testcase><testcase classname="backend.tests.test_permission_matrix" name="test_every_operation_role_boundary[GET /api/admin-panel/clinic-images/{pk}/-clinic_owner]" file="backend/tests/test_permission_matrix.py" line="7" time="0.053"><properties><property name="endpoint" value="/api/admin-panel/clinic-images/{pk}/" /><property name="method" value="GET" /><property name="role" value="clinic_owner" /><property name="expected" value="denied" /><property name="status" value="403" /></properties></testcase><testcase classname="backend.tests.test_permission_matrix" name="test_every_operation_role_boundary[GET /api/admin-panel/clinic-images/{pk}/-admin]" file="backend/tests/test_permission_matrix.py" line="7" time="0.056"><properties><property name="endpoint" value="/api/admin-panel/clinic-images/{pk}/" /><property name="method" value="GET" /><property name="role" value="admin" /><property name="expected" value="allowed" /><property name="status" value="404" /></properties></testcase><testcase classname="backend.tests.test_permission_matrix" name="test_every_operation_role_boundary[GET /api/admin-panel/clinic-images/{pk}/-super_admin]" file="backend/tests/test_permission_matrix.py" line="7" time="0.056"><properties><property name="endpoint" value="/api/admin-panel/clinic-images/{pk}/" /><property name="method" value="GET" /><property name="role" value="super_admin" /><property name="expected" value="allowed" /><property name="status" value="404" /></properties></testcase><testcase classname="backend.tests.test_permission_matrix" name="test_every_operation_role_boundary[PATCH /api/admin-panel/clinic-images/{pk}/-anonymous]" file="backend/tests/test_permission_matrix.py" line="7" time="0.062"><properties><property name="endpoint" value="/api/admin-panel/clinic-images/{pk}/" /><property name="method" value="PATCH" /><property name="role" value="anonymous" /><property name="expected" value="denied" /><property name="status" value="401" /></properties></testcase><testcase classname="backend.tests.test_permission_matrix" name="test_every_operation_role_boundary[PATCH /api/admin-panel/clinic-images/{pk}/-patient]" file="backend/tests/test_permission_matrix.py" line="7" time="0.061"><properties><property name="endpoint" value="/api/admin-panel/clinic-images/{pk}/" /><property name="method" value="PATCH" /><property name="role" value="patient" /><property name="expected" value="denied" /><property name="status" value="403" /></properties></testcase><testcase classname="backend.tests.test_permission_matrix" name="test_every_operation_role_boundary[PATCH /api/admin-panel/clinic-images/{pk}/-doctor]" file="backend/tests/test_permission_matrix.py" line="7" time="0.054"><propert
[...]
e="GET" /><property name="role" value="patient" /><property name="expected" value="allowed" /><property name="status" value="400" /></properties></testcase><testcase classname="backend.tests.test_permission_matrix" name="test_every_operation_role_boundary[GET /api/telegram/clinics/nearby/-doctor]" file="backend/tests/test_permission_matrix.py" line="7" time="0.072"><properties><property name="endpoint" value="/api/telegram/clinics/nearby/" /><property name="method" value="GET" /><property name="role" value="doctor" /><property name="expected" value="allowed" /><property name="status" value="400" /></properties></testcase><testcase classname="backend.tests.test_permission_matrix" name="test_every_operation_role_boundary[GET /api/telegram/clinics/nearby/-clinic_owner]" file="backend/tests/test_permission_matrix.py" line="7" time="0.070"><properties><property name="endpoint" value="/api/telegram/clinics/nearby/" /><property name="method" value="GET" /><property name="role" value="clinic_owner" /><property name="expected" value="allowed" /><property name="status" value="400" /></properties></testcase><testcase classname="backend.tests.test_permission_matrix" name="test_every_operation_role_boundary[GET /api/telegram/clinics/nearby/-admin]" file="backend/tests/test_permission_matrix.py" line="7" time="0.070"><properties><property name="endpoint" value="/api/telegram/clinics/nearby/" /><property name="method" value="GET" /><property name="role" value="admin" /><property name="expected" value="allowed" /><property name="status" value="400" /></properties></testcase><testcase classname="backend.tests.test_permission_matrix" name="test_every_operation_role_boundary[GET /api/telegram/clinics/nearby/-super_admin]" file="backend/tests/test_permission_matrix.py" line="7" time="0.073"><properties><property name="endpoint" value="/api/telegram/clinics/nearby/" /><property name="method" value="GET" /><property name="role" value="super_admin" /><property name="expected" value="allowed" /><property name="status" value="400" /></properties></testcase><testcase classname="backend.tests.test_permission_matrix" name="test_every_operation_role_boundary[GET /api/telegram/doctors/{pk}/availability/-anonymous]" file="backend/tests/test_permission_matrix.py" line="7" time="0.062"><properties><property name="endpoint" value="/api/telegram/doctors/{pk}/availability/" /><property name="method" value="GET" /><property name="role" value="anonymous" /><property name="expected" value="allowed" /><property name="status" value="404" /></properties></testcase><testcase classname="backend.tests.test_permission_matrix" name="test_every_operation_role_boundary[GET /api/telegram/doctors/{pk}/availability/-patient]" file="backend/tests/test_permission_matrix.py" line="7" time="0.079"><properties><property name="endpoint" value="/api/telegram/doctors/{pk}/availability/" /><property name="method" value="GET" /><property name="role" value="patient" /><property name="expected" value="allowed" /><property name="status" value="404" /></properties></testcase><testcase classname="backend.tests.test_permission_matrix" name="test_every_operation_role_boundary[GET /api/telegram/doctors/{pk}/availability/-doctor]" file="backend/tests/test_permission_matrix.py" line="7" time="0.081"><properties><property name="endpoint" value="/api/telegram/doctors/{pk}/availability/" /><property name="method" value="GET" /><property name="role" value="doctor" /><property name="expected" value="allowed" /><property name="status" value="404" /></properties></testcase><testcase classname="backend.tests.test_permission_matrix" name="test_every_operation_role_boundary[GET /api/telegram/doctors/{pk}/availability/-clinic_owner]" file="backend/tests/test_permission_matrix.py" line="7" time="0.079"><properties><property name="endpoint" value="/api/telegram/doctors/{pk}/availability/" /><property name="method" value="GET" /><property name="role" value="clinic_owner" /><property name="expected" value="allowed" /><property name="status" value="404" /></properties></testcase><testcase classname="backend.tests.test_permission_matrix" name="test_every_operation_role_boundary[GET /api/telegram/doctors/{pk}/availability/-admin]" file="backend/tests/test_permission_matrix.py" line="7" time="0.076"><properties><property name="endpoint" value="/api/telegram/doctors/{pk}/availability/" /><property name="method" value="GET" /><property name="role" value="admin" /><property name="expected" value="allowed" /><property name="status" value="404" /></properties></testcase><testcase classname="backend.tests.test_permission_matrix" name="test_every_operation_role_boundary[GET /api/telegram/doctors/{pk}/availability/-super_admin]" file="backend/tests/test_permission_matrix.py" line="7" time="0.078"><properties><property name="endpoint" value="/api/telegram/doctors/{pk}/availability/" /><property name="method" value="GET" /><property name="role" value="super_admin" /><property name="expected" value="allowed" /><property name="status" value="404" /></properties></testcase><testcase classname="backend.tests.test_permission_matrix" name="test_every_operation_role_boundary[DELETE /api/telegram/link-code/-anonymous]" file="backend/tests/test_permission_matrix.py" line="7" time="0.056"><properties><property name="endpoint" value="/api/telegram/link-code/" /><property name="method" value="DELETE" /><property name="role" value="anonymous" /><property name="expected" value="denied" /><property name="status" value="401" /></properties></testcase><testcase classname="backend.tests.test_permission_matrix" name="test_every_operation_role_boundary[DELETE /api/telegram/link-code/-patient]" file="backend/tests/test_permission_matrix.py" line="7" time="0.072"><properties><property name="endpoint" value="/api/telegram/link-code/" /><property name="method" value="DELETE" /><property name="role" value="patient" /><property name="expected" value="allowed" /><property name="status" value="204" /></properties></testcase><testcase classname="backend.tests.test_permission_matrix" name="test_every_operation_role_boundary[DELETE /api/telegram/link-code/-doctor]" file="backend/tests/test_permission_matrix.py" line="7" time="0.068"><properties><property name="endpoint" value="/api/telegram/link-code/" /><property name="method" value="DELETE" /><property name="role" value="doctor" /><property name="expected" value="denied" /><property name="status" value="403" /></properties></testcase><testcase classname="backend.tests.test_permission_matrix" name="test_every_operation_role_boundary[DELETE /api/telegram/link-code/-clinic_owner]" file="backend/tests/test_permission_matrix.py" line="7" time="0.059"><properties><property name="endpoint" value="/api/telegram/link-code/" /><property name="method" value="DELETE" /><property name="role" value="clinic_owner" /><property name="expected" value="denied" /><property name="status" value="403" /></properties></testcase><testcase classname="backend.tests.test_permission_matrix" name="test_every_operation_role_boundary[DELETE /api/telegram/link-code/-admin]" file="backend/tests/test_permission_matrix.py" line="7" time="0.066"><properties><property name="endpoint" value="/api/telegram/link-code/" /><property name="method" value="DELETE" /><property name="role" value="admin" /><property name="expected" value="denied" /><property name="status" value="403" /></properties></testcase><testcase classname="backend.tests.test_permission_matrix" name="test_every_operation_role_boundary[DELETE /api/telegram/link-code/-super_admin]" file="backend/tests/test_permission_matrix.py" line="7" time="0.069"><properties><property name="endpoint" value="/api/telegram/link-code/" /><property name="method" value="DELETE" /><property name="role" value="super_admin" /><property name="expected" value="denied" /><property name="status" value="403" /></properties></testcase><testcase classname="backend.tests.test_permission_matrix" name="test_every_operation_role_boundary[POST /api/telegram/link-code/-anonymous]" file="backend/tests/test_permission_matrix.py" line="7" time="0.060"><properties><property name="endpoint" value="/api/telegram/link-code/" /><property name="method" value="POST" /><property name="role" value="anonymous" /><property name="expected" value="denied" /><property name="status" value="401" /></properties></testcase><testcase classname="backend.tests.test_permission_matrix" name="test_every_operation_role_boundary[POST /api/telegram/link-code/-patient]" file="backend/tests/test_permission_matrix.py" line="7" time="0.073"><properties><property name="endpoint" value="/api/telegram/link-code/" /><property name="method" value="POST" /><property name="role" value="patient" /><property name="expected" value="allowed" /><property name="status" value="201" /></properties></testcase><testcase classname="backend.tests.test_permission_matrix" name="test_every_operation_role_boundary[POST /api/telegram/link-code/-doctor]" file="backend/tests/test_permission_matrix.py" line="7" time="0.073"><properties><property name="endpoint" value="/api/telegram/link-code/" /><property name="method" value="POST" /><property name="role" value="doctor" /><property name="expected" value="denied" /><property name="status" value="403" /></properties></testcase><testcase classname="backend.tests.test_permission_matrix" name="test_every_operation_role_boundary[POST /api/telegram/link-code/-clinic_owner]" file="backend/tests/test_permission_matrix.py" line="7" time="0.071"><properties><property name="endpoint" value="/api/telegram/link-code/" /><property name="method" value="POST" /><property name="role" value="clinic_owner" /><property name="expected" value="denied" /><property name="status" value="403" /></properties></testcase><testcase classname="backend.tests.test_permission_matrix" name="test_every_operation_role_boundary[POST /api/telegram/link-code/-admin]" file="backend/tests/test_permission_matrix.py" line="7" time="0.077"><properties><property name="endpoint" value="/api/telegram/link-code/" /><property name="method" value="POST" /><property name="role" value="admin" /><property name="expected" value="denied" /><property name="status" value="403" /></properties></testcase><testcase classname="backend.tests.test_permission_matrix" name="test_every_operation_role_boundary[POST /api/telegram/link-code/-super_admin]" file="backend/tests/test_permission_matrix.py" line="7" time="0.079"><properties><property name="endpoint" value="/api/telegram/link-code/" /><property name="method" value="POST" /><property name="role" value="super_admin" /><property name="expected" value="denied" /><property name="status" value="403" /></properties></testcase><testcase classname="backend.tests.test_permission_matrix" name="test_every_operation_role_boundary[POST /api/telegram/link/-anonymous]" file="backend/tests/test_permission_matrix.py" line="7" time="0.064"><properties><property name="endpoint" value="/api/telegram/link/" /><property name="method" value="POST" /><property name="role" value="anonymous" /><property name="expected" value="bot credentials" /><property name="status" value="403" /></properties></testcase><testcase classname="backend.tests.test_permission_matrix" name="test_every_operation_role_boundary[POST /api/telegram/link/-patient]" file="backend/tests/test_permission_matrix.py" line="7" time="0.077"><properties><property name="endpoint" value="/api/telegram/link/" /><property name="method" value="POST" /><property name="role" value="patient" /><property name="expected" value="bot credentials" /><property name="status" value="403" /></properties></testcase><testcase classname="backend.tests.test_permission_matrix" name="test_every_operation_role_boundary[POST /api/telegram/link/-doctor]" file="backend/tests/test_permission_matrix.py" line="7" time="0.068"><properties><property name="endpoint" value="/api/telegram/link/" /><property name="method" value="POST" /><property name="role" value="doctor" /><property name="expected" value="bot credentials" /><property name="status" value="403" /></properties></testcase><testcase classname="backend.tests.test_permission_matrix" name="test_every_operation_role_boundary[POST /api/telegram/link/-clinic_owner]" file="backend/tests/test_permission_matrix.py" line="7" time="0.073"><properties><property name="endpoint" value="/api/telegram/link/" /><property name="method" value="POST" /><property name="role" value="clinic_owner" /><property name="expected" value="bot credentials" /><property name="status" value="403" /></properties></testcase><testcase classname="backend.tests.test_permission_matrix" name="test_every_operation_role_boundary[POST /api/telegram/link/-admin]" file="backend/tests/test_permission_matrix.py" line="7" time="0.069"><properties><property name="endpoint" value="/api/telegram/link/" /><property name="method" value="POST" /><property name="role" value="admin" /><property name="expected" value="bot credentials" /><property name="status" value="403" /></properties></testcase><testcase classname="backend.tests.test_permission_matrix" name="test_every_operation_role_boundary[POST /api/telegram/link/-super_admin]" file="backend/tests/test_permission_matrix.py" line="7" time="0.070"><properties><property name="endpoint" value="/api/telegram/link/" /><property name="method" value="POST" /><property name="role" value="super_admin" /><property name="expected" value="bot credentials" /><property name="status" value="403" /></properties></testcase><testcase classname="backend.tests.test_permission_matrix" name="test_every_operation_role_boundary[GET /api/telegram/search/-anonymous]" file="backend/tests/test_permission_matrix.py" line="7" time="0.064"><properties><property name="endpoint" value="/api/telegram/search/" /><property name="method" value="GET" /><property name="role" value="anonymous" /><property name="expected" value="allowed" /><property name="status" value="200" /></properties></testcase><testcase classname="backend.tests.test_permission_matrix" name="test_every_operation_role_boundary[GET /api/telegram/search/-patient]" file="backend/tests/test_permission_matrix.py" line="7" time="0.071"><properties><property name="endpoint" value="/api/telegram/search/" /><property name="method" value="GET" /><property name="role" value="patient" /><property name="expected" value="allowed" /><property name="status" value="200" /></properties></testcase><testcase classname="backend.tests.test_permission_matrix" name="test_every_operation_role_boundary[GET /api/telegram/search/-doctor]" file="backend/tests/test_permission_matrix.py" line="7" time="0.068"><properties><property name="endpoint" value="/api/telegram/search/" /><property name="method" value="GET" /><property name="role" value="doctor" /><property name="expected" value="allowed" /><property name="status" value="200" /></properties></testcase><testcase classname="backend.tests.test_permission_matrix" name="test_every_operation_role_boundary[GET /api/telegram/search/-clinic_owner]" file="backend/tests/test_permission_matrix.py" line="7" time="0.055"><properties><property name="endpoint" value="/api/telegram/search/" /><property name="method" value="GET" /><property name="role" value="clinic_owner" /><property name="expected" value="allowed" /><property name="status" value="200" /></properties></testcase><testcase classname="backend.tests.test_permission_matrix" name="test_every_operation_role_boundary[GET /api/telegram/search/-admin]" file="backend/tests/test_permission_matrix.py" line="7" time="0.053"><properties><property name="endpoint" value="/api/telegram/search/" /><property name="method" value="GET" /><property name="role" value="admin" /><property name="expected" value="allowed" /><property name="status" value="200" /></properties></testcase><testcase classname="backend.tests.test_permission_matrix" name="test_every_operation_role_boundary[GET /api/telegram/search/-super_admin]" file="backend/tests/test_permission_matrix.py" line="7" time="0.057"><properties><property name="endpoint" value="/api/telegram/search/" /><property name="method" value="GET" /><property name="role" value="super_admin" /><property name="expected" value="allowed" /><property name="status" value="200" /></properties></testcase><testcase classname="backend.tests.test_permissions" name="test_patient_and_owner_isolation" file="backend/tests/test_permissions.py" line="7" time="0.161" /><testcase classname="backend.tests.test_permissions" name="test_doctor_ownership_and_status_transitions" file="backend/tests/test_permissions.py" line="27" time="0.204" /><testcase classname="backend.tests.test_permissions" name="test_only_super_admin_manages_admins" file="backend/tests/test_permissions.py" line="42" time="0.067" /><testcase classname="backend.tests.test_permissions" name="test_owner_create_doctor_cannot_verify" file="backend/tests/test_permissions.py" line="53" time="0.060" /><testcase classname="backend.tests.test_responses" name="test_production_500_and_404_are_sanitized_json" file="backend/tests/test_responses.py" line="24" time="0.007" /><testcase classname="backend.tests.test_responses" name="test_paginated_envelopes" file="backend/tests/test_responses.py" line="33" time="0.116" /><testcase classname="backend.tests.test_responses" name="test_malformed_json_and_unsupported_methods" file="backend/tests/test_responses.py" line="43" time="0.056" /><testcase classname="backend.tests.test_responses" name="test_health_database_failure_is_sanitized" file="backend/tests/test_responses.py" line="49" time="0.004" /><testcase classname="backend.tests.test_responses" name="test_documentation_is_accessible_and_bot_security_is_declared" file="backend/tests/test_responses.py" line="57" time="0.640" /><testcase classname="backend.tests.test_responses" name="test_inventory_matches_export_and_postman_contains_every_operation" file="backend/tests/test_responses.py" line="69" time="0.035" /><testcase classname="backend.tests.test_reviews" name="test_only_completed_bookings_reviewable[pending]" file="backend/tests/test_reviews.py" line="8" time="0.091" /><testcase classname="backend.tests.test_reviews" name="test_only_completed_bookings_reviewable[confirmed]" file="backend/tests/test_reviews.py" line="8" time="0.108" /><testcase classname="backend.tests.test_reviews" name="test_only_completed_bookings_reviewable[waiting]" file="backend/tests/test_reviews.py" line="8" time="0.105" /><testcase classname="backend.tests.test_reviews" name="test_only_completed_bookings_reviewable[in_progress]" file="backend/tests/test_reviews.py" line="8" time="0.101" /><testcase classname="backend.tests.test_reviews" name="test_only_completed_bookings_reviewable[cancelled]" file="backend/tests/test_reviews.py" line="8" time="0.102" /><testcase classname="backend.tests.test_reviews" name="test_only_completed_bookings_reviewable[rejected]" file="backend/tests/test_reviews.py" line="8" time="0.101" /><testcase classname="backend.tests.test_reviews" name="test_only_completed_bookings_reviewable[no_show]" file="backend/tests/test_reviews.py" line="8" time="0.101" /><testcase classname="backend.tests.test_reviews" name="test_review_ownership_and_moderation_delete" file="backend/tests/test_reviews.py" line="16" time="0.157" /><testcase classname="backend.tests.test_telegram" name="test_telegram_ownership_and_shared_panels" file="backend/tests/test_telegram.py" line="8" time="0.286" /><testcase classname="backend.tests.test_booking" name="test_concurrent_double_booking" file="backend/tests/test_booking.py" line="72" time="0.738" /><testcase classname="backend.tests.test_double_booking" name="test_two_patients_race_through_http_api[create]" file="backend/tests/test_double_booking.py" line="24" time="0.866" /><testcase classname="backend.tests.test_double_booking" name="test_two_patients_race_through_http_api[reschedule]" file="backend/tests/test_double_booking.py" line="24" time="1.114" /></testsuite></testsuites>